INFO:f2:\u5904\u7406\u7528\u6237\uff1aMS4wLjABAAAAfOJLaAp4WlRL4twipMz6G8rCxW75-EpG1RuXHRCu4bU \u53d1\u5e03\u7684\u4f5c\u54c1
INFO:f2:\u7b49\u5f85 10 \u79d2\u540e\u7ee7\u7eed
WARNING:f2:\u672a\u63d0\u4f9b\u65e5\u671f\u533a\u95f4\u53c2\u6570
INFO:f2:[green][  \u5b8c\u6210  ]\uff1a2025-02-11 17-21-37_\u5b8c\u86cb_\u4e0d\u5c0f\u5fc3\u66b4\u9732\u672c\u6027\u4e86#\u521d\u604b_#\u5c0f\u732b\u54aa\u80fd\u6709\u4ec0\u4e48\u574f\u5fc3\u773c_#\u817c\u8146\u5bb3\u7f9e\u5185\u5411\u793e\u6050\u6587\u9759\u5c0f\u5973\u751f_video.mp4[/green]
WARNING:f2:\u672a\u63d0\u4f9b\u65e5\u671f\u533a\u95f4\u53c2\u6570
INFO:f2:[green][  \u5b8c\u6210  ]\uff1a2025-01-16 17-22-19_\u7ec8\u4e8e\u5728\u4e91\u5357\u62cd\u4e0a\u8fd9\u4e2a\u8f6c\u573a\u4e86#\u751c\u59b9_#\u8f6c\u573a_#\u65c5\u884c_#\u4e91\u5357_video.mp4[/green]
WARNING:f2:\u672a\u63d0\u4f9b\u65e5\u671f\u533a\u95f4\u53c2\u6570
INFO:f2:[green][  \u5b8c\u6210  ]\uff1a2023-03-06 11-47-21_\u6211\u611f\u89c9\u4f60\u597d\u6f02\u4eae\u5440_\u53ef\u4f60\u4e3a\u4ec0\u4e48\u603b\u662f\u7070\u8499\u8499\u7684_\u603b\u89c9\u5f97\u4e0b\u4e00\u79d2\u4f60\u5c31\u8981\u788e\u4e86_\u4f60\u8981\u591a\u7b11\u7b11\u5440_\u6211\u7231\u4f60_video.mp4[/green]
WARNING:f2:\u672a\u63d0\u4f9b\u65e5\u671f\u533a\u95f4\u53c2\u6570
INFO:f2:[green][  \u5b8c\u6210  ]\uff1a2025-02-21 19-31-57_\u65f6\u4ee3\u5728\u8fdb\u6b65_\u5c11\u5973\u7231\u5c11\u5987#\u6c1b\u56f4\u611f_#\u611f\u89c9\u81f3\u4e0a_#dj_video.mp4[/green]
WARNING:f2:\u672a\u63d0\u4f9b\u65e5\u671f\u533a\u95f4\u53c2\u6570
INFO:f2:[green][  \u5b8c\u6210  ]\uff1a2025-02-18 17-54-29_\u751c\u59b9\u914d\u786c\u66f2#dj_#\u751c\u59b9_#\u611f\u89c9\u81f3\u4e0a_video.mp4[/green]
WARNING:f2:\u672a\u63d0\u4f9b\u65e5\u671f\u533a\u95f4\u53c2\u6570
INFO:f2:[green][  \u5b8c\u6210  ]\uff1a2025-02-13 19-27-27_\u6211\u59cb\u7ec8\u8bb0\u5f97\u89c1\u4f60\u7684\u7b2c\u4e00\u9762#\u521d\u604b_#\u6c1b\u56f4\u611f_video.mp4[/green]
WARNING:f2:\u672a\u63d0\u4f9b\u65e5\u671f\u533a\u95f4\u53c2\u6570
INFO:f2:[green][  \u5b8c\u6210  ]\uff1a2025-02-10 18-26-33_\u4f60\u53c8\u5728\u900f\u8fc7\u6211\u770b\u5979\u5417#\u6211\u60f3\u8fc7\u5fd8\u8bb0\u662f\u6700\u540e\u6700\u574f\u7684\u6253\u7b97_#\u6c1b\u56f4\u611f_#\u521d\u604b_video.mp4[/green]
WARNING:f2:\u672a\u63d0\u4f9b\u65e5\u671f\u533a\u95f4\u53c2\u6570
INFO:f2:[green][  \u5b8c\u6210  ]\uff1a2025-02-07 17-59-33_\u542c\u8bf4\u5728\u4e91\u5357\u597d\u50cf\u4f1a\u53d8\u5f97\u660e\u5a9a\u53c8\u6f02\u4eae#\u4e91\u5357_#\u751c\u59b9_#\u6c1b\u56f4\u611f#\u521d\u604b_video.mp4[/green]
WARNING:f2:\u672a\u63d0\u4f9b\u65e5\u671f\u533a\u95f4\u53c2\u6570
INFO:f2:[green][  \u5b8c\u6210  ]\uff1a2025-02-06 17-35-07_____________#\u751c\u59b9_#\u751c\u59b9\u7edf\u6cbb\u4e16\u754c__video.mp4[/green]
WARNING:f2:\u672a\u63d0\u4f9b\u65e5\u671f\u533a\u95f4\u53c2\u6570
INFO:f2:[green][  \u5b8c\u6210  ]\uff1a2025-02-04 18-19-50_\u53ee\u53ee\u53ee________#\u751c\u59b9#\u751c\u59b9\u7edf\u6cbb\u4e16\u754c__video.mp4[/green]
WARNING:f2:\u672a\u63d0\u4f9b\u65e5\u671f\u533a\u95f4\u53c2\u6570
INFO:f2:[green][  \u5b8c\u6210  ]\uff1a2025-02-02 16-52-31_\u5982\u679c\u6ce8\u5b9a\u8981\u5206\u522b_\u90a3\u76f8\u9047\u7684\u610f\u4e49\u662f\u4ec0\u4e48__#inmyfeelings_#\u521d\u604b_#\u6c1b\u56f4\u611f_video.mp4[/green]
WARNING:f2:\u672a\u63d0\u4f9b\u65e5\u671f\u533a\u95f4\u53c2\u6570
INFO:f2:[green][  \u5b8c\u6210  ]\uff1a2025-02-01 17-12-37_\u5bb9\u6613\u6389\u773c\u6cea\u4e5f\u662f\u4f60\u7684\u53ef\u7231\u4e4b\u5904#\u751c\u59b9_#\u521d\u604b_#inmyfeelings_video.mp4[/green]
WARNING:f2:\u672a\u63d0\u4f9b\u65e5\u671f\u533a\u95f4\u53c2\u6570
INFO:f2:[green][  \u5b8c\u6210  ]\uff1a2025-01-30 19-04-04_\u4f60\u8bf4\u8fc7\u597d\u591a\u8bdd_\u6211\u90fd\u8bb0\u5728\u5fc3\u91cc_\u53ef\u597d\u50cf\u90fd\u662f\u9a97\u6211\u7684#\u521d\u604b_#\u9057\u61be_video.mp4[/green]
WARNING:f2:\u672a\u63d0\u4f9b\u65e5\u671f\u533a\u95f4\u53c2\u6570
INFO:f2:[green][  \u5b8c\u6210  ]\uff1a2025-01-28 17-04-05_\u97f3\u4e50\u4e00\u54cd_\u5e74\u5473\u767b\u573a_#\u6c49\u670d_#\u7a7f\u6c49\u670d\u8fc7\u5e74_#\u751c\u59b9_video.mp4[/green]
WARNING:f2:\u672a\u63d0\u4f9b\u65e5\u671f\u533a\u95f4\u53c2\u6570
INFO:f2:[green][  \u5b8c\u6210  ]\uff1a2025-01-25 16-12-03__\u4e91\u60f3\u8863\u88f3\u82b1\u60f3\u5bb9_\u6625\u98ce\u62c2\u69db\u9732\u534e\u6d53_#\u82b1\u706f\u70b9\u4eae\u975e\u9057\u4e2d\u56fd\u5e74#\u4e3a\u4e2d\u56fd\u5c0f\u57ce\u4e0a\u5206#\u975e\u9057\u8d3a\u65b0\u6625#\u53d1\u73b0\u5b9d\u85cf\u5c0f\u57ce#\u6c49\u670d_video.mp4[/green]
WARNING:f2:\u672a\u63d0\u4f9b\u65e5\u671f\u533a\u95f4\u53c2\u6570
INFO:f2:[green][  \u5b8c\u6210  ]\uff1a2025-01-24 17-15-35_\u6709\u65f6\u5019\u4e0d\u5f97\u4e0d\u627f\u8ba4_\u9752\u6625\u662f\u672c\u592a\u4ed3\u4fc3\u7684\u4e66#\u521d\u604b_#\u751c\u59b9_video.mp4[/green]
WARNING:f2:\u672a\u63d0\u4f9b\u65e5\u671f\u533a\u95f4\u53c2\u6570
INFO:f2:[green][  \u5b8c\u6210  ]\uff1a2025-01-22 16-00-00_\u9526\u9ca4\u9644\u4f53_\u89c1\u8005\u597d\u8fd0_#\u5728\u6c11\u4fd7\u91cc\u770b\u89c1\u4e2d\u56fd\u5e74#\u4e07\u5bb6\u706f\u706b\u70b9\u4eae\u65b0\u5e74#\u4e3a\u4e2d\u56fd\u5c0f\u57ce\u4e0a\u5206#\u53d1\u73b0\u4e2d\u56fd\u4e4b\u65c5#\u6c49\u670d_video.mp4[/green]
WARNING:f2:\u672a\u63d0\u4f9b\u65e5\u671f\u533a\u95f4\u53c2\u6570
INFO:f2:[green][  \u5b8c\u6210  ]\uff1a2025-01-20 17-10-00_\u7ed3\u5c40\u7684\u6700\u540e_\u4f60\u8fd8\u662f\u8ba9\u6211\u8f93\u4e86#\u5468\u800c\u590d\u59cb\u7ed3\u5c40\u8fd8\u662f\u5931\u53bb\u4f60_#\u521d\u604b_#\u9057\u61be_#\u51ac\u65e5_video.mp4[/green]
WARNING:f2:\u672a\u63d0\u4f9b\u65e5\u671f\u533a\u95f4\u53c2\u6570
INFO:f2:[green][  \u5b8c\u6210  ]\uff1a2025-01-18 18-00-00__\u90a3\u4e48_\u4e0d\u4e0b\u86ca\u7684\u8bdd_\u4f60\u613f\u610f\u8ddf\u6211\u8d70\u5417_#\u82d7\u7586\u5c11\u5973#\u4e91\u5357#\u53d8\u88c5_video.mp4[/green]
WARNING:f2:\u672a\u63d0\u4f9b\u65e5\u671f\u533a\u95f4\u53c2\u6570
INFO:f2:[green][  \u5b8c\u6210  ]\uff1a2025-01-13 17-06-09_\u5c0f\u65f6\u5019\u4e0d\u61c2\u4e3a\u4ec0\u4e48\u76f8\u7231\u7684\u4eba\u8981\u5206\u5f00_\u73b0\u5728\u89c9\u5f97\u5176\u5b9e\u6709\u7684\u4eba\u8d70\u5230\u8fd9\u521a\u521a\u597d#\u5979\u7559\u7ed9\u4f60\u662f\u80cc\u5f71_#\u767d\u6708\u5149_video.mp4[/green]
WARNING:f2:\u672a\u63d0\u4f9b\u65e5\u671f\u533a\u95f4\u53c2\u6570
INFO:f2:[green][  \u5b8c\u6210  ]\uff1a2025-01-11 16-01-17_\u8c01\u628a\u5c0f\u7855\u8c03\u6210\u8fd9\u6837\u4e86_#\u53ee\u549a\u9e21#\u817c\u8146\u5185\u5411\u5bb3\u7f9e\u793e\u6050\u6587\u9759\u5c0f\u5973\u751f#\u751c\u59b9#\u53cd\u5dee#\u5c71\u4e1c\u5939\u5b50_video.mp4[/green]
WARNING:f2:\u672a\u63d0\u4f9b\u65e5\u671f\u533a\u95f4\u53c2\u6570
INFO:f2:[green][  \u5b8c\u6210  ]\uff1a2025-01-10 15-55-38_\u539f\u6765\u4ee5\u4e3a\u76f8\u9047\u4e0d\u6613_\u540e\u6765\u53d1\u73b0\u91cd\u9022\u66f4\u96be#\u8fd9\u9996BGM\u597d\u9002\u5408\u4e45\u522b\u91cd\u9022_#\u6696\u51ac\u6765\u7535Love119#\u521d\u604b_#dv_video.mp4[/green]
WARNING:f2:\u672a\u63d0\u4f9b\u65e5\u671f\u533a\u95f4\u53c2\u6570
INFO:f2:[green][  \u5b8c\u6210  ]\uff1a2025-01-08 17-21-59_\u90a3\u4e48_\u4e0d\u4e0b\u86ca\u7684\u8bdd_\u4f60\u613f\u610f\u8ddf\u6211\u8d70\u5417#\u82d7\u7586\u5c11\u5973#dv_video.mp4[/green]
WARNING:f2:\u672a\u63d0\u4f9b\u65e5\u671f\u533a\u95f4\u53c2\u6570
INFO:f2:[green][  \u5b8c\u6210  ]\uff1a2025-01-06 17-55-13_\u4eba\u90fd\u4f1a\u53d8_\u6211\u60f3\u4e0d\u660e\u767d#\u521d\u604b_#\u767d\u6708\u5149_#\u96c0\u8dc3_video.mp4[/green]
WARNING:f2:\u672a\u63d0\u4f9b\u65e5\u671f\u533a\u95f4\u53c2\u6570
INFO:f2:[green][  \u5b8c\u6210  ]\uff1a2025-01-04 17-01-33_\u6211\u60f3\u8981\u7684\u662f\u597d\u591a\u597d\u591a\u7231_\u53ef\u5f97\u5230\u7684\u5374\u662f\u597d\u591a\u597d\u591a\u5509#\u4e8e\u662f\u6211\u770b\u7740\u4f60\u7a81\u7136\u5c31\u597d\u60f3\u53f9\u6c14_#\u60c5\u7eea_video.mp4[/green]
WARNING:f2:\u672a\u63d0\u4f9b\u65e5\u671f\u533a\u95f4\u53c2\u6570
INFO:f2:[green][  \u5b8c\u6210  ]\uff1a2025-01-02 18-17-10_\u8fdf\u65e9\u8981\u8c08\u604b\u7231_\u548c\u6211\u8c08\u600e\u4e48\u4e86#\u751c\u59b9_#\u767d\u6708\u5149_#\u521d\u604b_#\u5973\u53cb\u611f_video.mp4[/green]
WARNING:f2:\u672a\u63d0\u4f9b\u65e5\u671f\u533a\u95f4\u53c2\u6570
INFO:f2:[green][  \u5b8c\u6210  ]\uff1a2024-12-30 17-39-10_\u7528\u5927\u7586\u8bb0\u5f55\u4e00\u4e9bmoment_#\u4e91\u5357#\u8f6c\u573a#\u65c5\u884c\u7684\u610f\u4e49#\u5927\u7586pocket3_#pocket3_video.mp4[/green]
WARNING:f2:\u672a\u63d0\u4f9b\u65e5\u671f\u533a\u95f4\u53c2\u6570
INFO:f2:[green][  \u5b8c\u6210  ]\uff1a2024-12-28 16-39-31_\u56e0\u4e3a\u4f60\u4e4b\u524d\u4e0d\u5e78\u798f_\u6211\u5fc3\u75bc\u4f60_\u6240\u4ee5\u6211\u60f3\u8ba9\u4f60\u5728\u6211\u8fd9\u91cc\u5e78\u798f\u4e00\u70b9#\u6709\u7684\u4eba\u8d70\u5230\u8fd9\u5176\u5b9e\u521a\u521a\u597d_#\u767d\u6708\u5149_video.mp4[/green]
WARNING:f2:\u672a\u63d0\u4f9b\u65e5\u671f\u533a\u95f4\u53c2\u6570
INFO:f2:[green][  \u5b8c\u6210  ]\uff1a2024-12-26 17-00-33_\u4f60\u4e22\u4e0b\u6211_\u53eb\u6211\u597d\u597d\u751f\u6d3b#\u6211\u628a\u75db\u82e6\u5f53\u73a9\u7b11\u8bdd\u8bb2_#\u5c0f\u72d7_#\u60c5\u7eea\u7a33\u5b9a\u7684\u5c0f\u72d7\u8c01\u4e0d\u7231_#\u9057\u61be_video.mp4[/green]
WARNING:f2:\u672a\u63d0\u4f9b\u65e5\u671f\u533a\u95f4\u53c2\u6570
INFO:f2:[green][  \u5b8c\u6210  ]\uff1a2024-12-24 17-43-20_\u4f60\u7684\u5723\u8bde\u793c\u7269\u8bf7\u67e5\u6536_#\u63d0\u524d\u9884\u4e60\u4e00\u4e0b\u5723\u8bde\u7ea6\u4f1a\u7a7f\u642d_#\u751c\u59b9_#\u5723\u8bde\u7ea6\u4f1a\u8fd9\u4e48\u5316\u5986\u5305\u751c\u7684_#\u5723\u8bde_video.mp4[/green]
WARNING:f2:\u672a\u63d0\u4f9b\u65e5\u671f\u533a\u95f4\u53c2\u6570
INFO:f2:[green][  \u5b8c\u6210  ]\uff1a2024-12-22 13-56-33_\u4eba\u6d3b\u4e00\u4e9b\u77ac\u95f4_\u4f46\u5b9a\u683c\u8ba9\u5e78\u798f\u5177\u8c61\u5316#\u62cd\u7acb\u5f97#\u65c5\u884c\u8f6c\u573a#\u751f\u6d3b\u788e\u7247_video.mp4[/green]
WARNING:f2:\u672a\u63d0\u4f9b\u65e5\u671f\u533a\u95f4\u53c2\u6570
INFO:f2:[green][  \u5b8c\u6210  ]\uff1a2024-12-20 18-34-44_\u6211\u4eec\u4e0d\u4f1a\u518d\u89c1\u9762\u8fd9\u5c31\u662f\u5206\u522b\u7684\u610f\u4e49#\u76f8\u7231\u8fc7\u5982\u679c\u662f\u7231\u7684\u591f\u4e45_#\u6c1b\u56f4\u611f_#\u51ac\u5929_video.mp4[/green]
WARNING:f2:\u672a\u63d0\u4f9b\u65e5\u671f\u533a\u95f4\u53c2\u6570
INFO:f2:[green][  \u5b8c\u6210  ]\uff1a2024-12-18 18-39-26_\u53c8\u8be5\u9884\u70ed\u5723\u8bde\u5566_#\u5723\u8bde\u8282\u624b\u52bf\u821e#\u751c\u59b9#\u5723\u8bde\u8282\u751c\u751c\u624b\u52bf\u821e\u6211\u5148\u8df3\u4e86_video.mp4[/green]
WARNING:f2:\u672a\u63d0\u4f9b\u65e5\u671f\u533a\u95f4\u53c2\u6570
INFO:f2:[green][  \u5b8c\u6210  ]\uff1a2024-12-16 14-22-54_\u4e0e\u6211\u6bcf\u6bcf\u5982\u521d\u89c1_CAMEL\u9a86\u9a7c\u7fbd\u7ed2\u65d7\u8230\u5e97#\u9a86\u9a7c\u7fbd\u7ed2\u670d_#\u9ed1\u94bbpro\u62d2\u6c34\u7ed2_video.mp4[/green]
WARNING:f2:\u672a\u63d0\u4f9b\u65e5\u671f\u533a\u95f4\u53c2\u6570
INFO:f2:[green][  \u5b8c\u6210  ]\uff1a2024-12-15 18-27-06_\u5e0c\u671b\u8fd9\u4e2a\u51ac\u5929\u7231\u4e0e\u8fd0\u6c14\u540c\u5728_video.mp4[/green]
WARNING:f2:\u672a\u63d0\u4f9b\u65e5\u671f\u533a\u95f4\u53c2\u6570
INFO:f2:[green][  \u5b8c\u6210  ]\uff1a2024-12-14 15-12-03_\u4f60\u7684\u771f\u8bda\u91cc\u63ba\u7740\u8c0e\u8bdd_\u6211\u4eec\u54ea\u91cc\u8fd8\u6709\u6c38\u8fdc_#\u5b66\u59d0#\u767d\u6708\u5149#\u56de\u5fc6\u6740_video.mp4[/green]
WARNING:f2:\u672a\u63d0\u4f9b\u65e5\u671f\u533a\u95f4\u53c2\u6570
INFO:f2:[green][  \u5b8c\u6210  ]\uff1a2024-12-10 19-44-11_\u600e\u4e48\u8c08_\u6bcf\u4e2a\u4eba\u90fd\u559c\u6b22\u628a\u81ea\u5df1\u63cf\u8ff0\u6210\u88ab\u5bb3\u8005#\u6211\u4eec\u4e0d\u4f1a\u518d\u89c1\u9762\u8fd9\u5c31\u662f\u5206\u522b\u7684\u610f\u4e49_video.mp4[/green]
WARNING:f2:\u672a\u63d0\u4f9b\u65e5\u671f\u533a\u95f4\u53c2\u6570
INFO:f2:[green][  \u5b8c\u6210  ]\uff1a2024-12-07 19-25-26_\u53bb\u9ea6\u5f53\u5f53\u62cd\u7167\u5566#\u751c\u59b9_video.mp4[/green]
WARNING:f2:\u672a\u63d0\u4f9b\u65e5\u671f\u533a\u95f4\u53c2\u6570
INFO:f2:[green][  \u5b8c\u6210  ]\uff1a2024-12-04 18-01-14_\u62dc\u6258_\u8bf7\u548c\u6211\u53bb\u706f\u4f1a\u5427_#\u6843\u82b1\u5eb5\u821e\u8e48\u6311\u6218#\u6843\u82b1\u5eb5\u821e\u8e48#\u6c49\u670d_video.mp4[/green]
ERROR:root:FUNCTION: __init__ - 'Ui_HomeWindow' object has no attribute 'louMain'
ERROR:root:'Ui_HomeWindow' object has no attribute 'louMain'
ERROR:root:FUNCTION: __init__ - 'Ui_HomeWindow' object has no attribute 'louMain'
ERROR:root:'Ui_HomeWindow' object has no attribute 'louMain'
ERROR:root:FUNCTION: __init__ - 'Ui_HomeWindow' object has no attribute 'selectVideoH'
ERROR:root:'Ui_HomeWindow' object has no attribute 'selectVideoH'
ERROR:root:FUNCTION: __init__ - 'Ui_HomeWindow' object has no attribute 'frNatBar'
ERROR:root:'Ui_HomeWindow' object has no attribute 'frNatBar'
ERROR:root:FUNCTION: setupDownloadVideoSetting - 'count_download'
ERROR:root:FUNCTION: checkValidTextbox - 'Ui_HomeWindow' object has no attribute 'txtRowVideoLeft'
ERROR:root:FUNCTION: checkValidTextbox - 'Ui_HomeWindow' object has no attribute 'txtRowVideoLeft'
ERROR:root:FUNCTION: setupDownloadVideoSetting - 'count_download'
ERROR:root:FUNCTION: checkValidTextbox - 'Ui_HomeWindow' object has no attribute 'txtRowVideoLeft'
ERROR:root:FUNCTION: setupDownloadVideoSetting - 'count_download'
ERROR:root:FUNCTION: checkValidTextbox - 'Ui_HomeWindow' object has no attribute 'txtRowVideoLeft'
ERROR:root:FUNCTION: setupDownloadVideoSetting - 'count_download'
ERROR:root:FUNCTION: checkValidTextbox - 'Ui_HomeWindow' object has no attribute 'txtRowVideoLeft'
ERROR:root:FUNCTION: setupDownloadVideoSetting - 'count_download'
ERROR:root:FUNCTION: checkValidTextbox - 'Ui_HomeWindow' object has no attribute 'txtRowVideoLeft'
ERROR:root:FUNCTION: setupDownloadVideoSetting - 'count_download'
ERROR:root:FUNCTION: checkValidTextbox - 'Ui_HomeWindow' object has no attribute 'txtRowVideoLeft'
ERROR:root:FUNCTION: setupDownloadVideoSetting - 'count_download'
ERROR:root:FUNCTION: checkValidTextbox - 'Ui_HomeWindow' object has no attribute 'txtRowVideoLeft'
INFO:f2:\u5904\u7406\u7528\u6237\uff1aMS4wLjABAAAAhjf28_MbWOSHR3oQ_hgBcrSNVoeGZR_jirqmdG14L0Y \u53d1\u5e03\u7684\u4f5c\u54c1
INFO:f2:\u7b49\u5f85 10 \u79d2\u540e\u7ee7\u7eed
ERROR:root:FUNCTION: setupDownloadVideoSetting - 'count_download'
ERROR:root:FUNCTION: checkValidTextbox - 'Ui_HomeWindow' object has no attribute 'txtRowVideoLeft'
INFO:f2:\u5904\u7406\u7528\u6237\uff1aMS4wLjABAAAAhjf28_MbWOSHR3oQ_hgBcrSNVoeGZR_jirqmdG14L0Y \u53d1\u5e03\u7684\u4f5c\u54c1
INFO:f2:\u7b49\u5f85 10 \u79d2\u540e\u7ee7\u7eed
ERROR:root:FUNCTION: setupDownloadVideoSetting - 'count_download'
ERROR:root:FUNCTION: checkValidTextbox - 'Ui_HomeWindow' object has no attribute 'txtRowVideoLeft'
INFO:f2:\u5904\u7406\u7528\u6237\uff1aMS4wLjABAAAAhjf28_MbWOSHR3oQ_hgBcrSNVoeGZR_jirqmdG14L0Y \u53d1\u5e03\u7684\u4f5c\u54c1
INFO:f2:\u7b49\u5f85 10 \u79d2\u540e\u7ee7\u7eed
ERROR:root:FUNCTION: setupDownloadVideoSetting - 'count_download'
ERROR:root:FUNCTION: checkValidTextbox - 'Ui_HomeWindow' object has no attribute 'txtRowVideoLeft'
INFO:f2:\u5904\u7406\u7528\u6237\uff1aMS4wLjABAAAAhjf28_MbWOSHR3oQ_hgBcrSNVoeGZR_jirqmdG14L0Y \u53d1\u5e03\u7684\u4f5c\u54c1
INFO:f2:\u7b49\u5f85 10 \u79d2\u540e\u7ee7\u7eed
ERROR:root:FUNCTION: setupDownloadVideoSetting - 'count_download'
ERROR:root:FUNCTION: checkValidTextbox - 'Ui_HomeWindow' object has no attribute 'txtRowVideoLeft'
INFO:f2:\u5904\u7406\u7528\u6237\uff1aMS4wLjABAAAAhjf28_MbWOSHR3oQ_hgBcrSNVoeGZR_jirqmdG14L0Y \u53d1\u5e03\u7684\u4f5c\u54c1
INFO:f2:\u7b49\u5f85 10 \u79d2\u540e\u7ee7\u7eed
WARNING:f2:\u672a\u63d0\u4f9b\u65e5\u671f\u533a\u95f4\u53c2\u6570
INFO:f2:[cyan][  \u8df3\u8fc7  ]: 2022-08-20 16-08-36_\u7ea2\u8863_\u6b64\u610f\u5bc4\u662d\u662d__#\u4f55\u662d\u541b_#\u9ed1\u9a6c\u8ba1\u5212_#\u9648\u610f\u6db5estelle_#\u53e4\u98ce_video.mp4[/cyan]
INFO:f2:[cyan][  \u8df3\u8fc7  ]: 2022-07-24 18-26-51_\u6709\u5173#\u4f55\u662d\u541b_\u7684\u8bb0\u5fc6___#\u9648\u610f\u6db5estelle_#\u9ed1\u9a6c\u8ba1\u5212_video.mp4[/cyan]
WARNING:f2:\u672a\u63d0\u4f9b\u65e5\u671f\u533a\u95f4\u53c2\u6570
INFO:f2:[cyan][  \u8df3\u8fc7  ]: 2022-07-19 23-21-14_\u7531\u6211_\u6765\u4eb2\u81ea\u9001\u4f60\u4e0a\u8def__\u4e0d\u5171\u6234\u5929_\u4e0d\u6b7b\u4e0d\u4f11__#\u4f55\u662d\u541b_#\u661f\u6c49\u707f\u70c2_#\u9648\u610f\u6db5estelle__#\u4f55\u662d\u541b\u624b\u5203\u4ec7\u4eba_#\u9ed1\u9a6c\u8ba1\u5212_video.mp4[/cyan]
INFO:f2:[cyan][  \u8df3\u8fc7  ]: 2025-02-19 17-15-02_\u610f\u6db5\u7684\u6e05\u51b7\u767d\u6708\u5149\u5986_\u6e05\u900f\u6c27\u6c14\u539f\u751f\u611f_#\u9648\u610f\u6db5estelle_#\u5986\u5bb9\u5206\u4eab_#\u6625\u65e5\u539f\u751f\u7f8e_#\u7f8e\u51fa\u9ad8\u7ea7\u611f\u7684\u6625\u65e5\u539f\u751f\u6c14\u8840\u5986_video.mp4[/cyan]
WARNING:f2:\u672a\u63d0\u4f9b\u65e5\u671f\u533a\u95f4\u53c2\u6570
INFO:f2:[cyan][  \u8df3\u8fc7  ]: 2025-02-17 18-39-28___#\u9648\u610f\u6db5estelle_#sayuloveme_#\u624b\u52bf\u821e_video.mp4[/cyan]
INFO:f2:[cyan][  \u8df3\u8fc7  ]: 2025-02-14 15-23-40_\u4eca\u5929\u548c\u6211\u4e00\u8d77\u7ea6\u4f1a\u5417__#\u9648\u610f\u6db5estelle_#\u4e00\u773c\u5fc3\u52a8\u60c5\u4eba\u8282\u7a7f\u642d_#\u5206\u4eab\u56fe\u7247_#\u5ea7\u673a\u753b\u8d28_video.mp4[/cyan]
WARNING:f2:\u672a\u63d0\u4f9b\u65e5\u671f\u533a\u95f4\u53c2\u6570
INFO:f2:[cyan][  \u8df3\u8fc7  ]: 2025-02-12 17-00-13_\u5c06\u519b_\u5e26\u6211\u8d70\u5427__#\u9648\u610f\u6db5estelle_#\u6218\u56fd\u888d_#\u53e4\u98ce_#\u7834\u788e\u611f#\u7ea2\u8863_video.mp4[/cyan]
INFO:f2:[cyan][  \u8df3\u8fc7  ]: 2025-02-07 18-15-25_\u4eca\u5929\u5316\u8d35\u6c14\u5c0f\u70df\u718f_\u9ed1\u5316\u6076\u5973\u5986_#\u9648\u610f\u6db5estelle_#\u5986\u6559_#\u70df\u718f\u5986_#\u5986\u5bb9\u5206\u4eab_video.mp4[/cyan]
WARNING:f2:\u672a\u63d0\u4f9b\u65e5\u671f\u533a\u95f4\u53c2\u6570
INFO:f2:[cyan][  \u8df3\u8fc7  ]: 2025-02-03 18-09-57_\u8c01\u8bb8\u4f60\u5929\u4e0a\u4eba\u95f4_\u8c01\u540c\u4f60\u6068\u6d77\u60c5\u5929_video.mp4[/cyan]
INFO:f2:[cyan][  \u8df3\u8fc7  ]: 2025-02-01 15-58-27_\u4e00\u4e07\u5e74\u592a\u4e45_\u53ea\u4e89\u671d\u5915__#\u9648\u610f\u6db5estelle_#\u5206\u4eab\u7167\u7247_#\u56de\u5fc6_#\u7231_video.mp4[/cyan]
WARNING:f2:\u672a\u63d0\u4f9b\u65e5\u671f\u533a\u95f4\u53c2\u6570
INFO:f2:[cyan][  \u8df3\u8fc7  ]: 2025-01-28 14-40-04_\u6211\u5411\u70df\u82b1\u8bb8\u613f___#\u9648\u610f\u6db5estelle_#\u65b0\u5e74\u6709\u793c\u4e86_#\u70df\u82b1_#\u53d8\u88c5_video.mp4[/cyan]
INFO:f2:[cyan][  \u8df3\u8fc7  ]: 2025-01-22 17-55-16_\u8ddf\u7740\u6211__#\u9648\u610f\u6db5estelle_#\u7535\u7ade_#\u5ea7\u673a\u753b\u8d28_video.mp4[/cyan]
WARNING:f2:\u672a\u63d0\u4f9b\u65e5\u671f\u533a\u95f4\u53c2\u6570
INFO:f2:[cyan][  \u8df3\u8fc7  ]: 2025-01-18 18-07-51_\u7b97\u4e86_\u8d76\u8def\u8981\u7d27_#\u9648\u610f\u6db5estelle_#\u80f6\u7247____video.mp4[/cyan]
INFO:f2:[cyan][  \u8df3\u8fc7  ]: 2025-01-15 11-01-54_\u65b0\u5e74\u5316\u4e00\u4e2a\u7ea2\u6da6\u6c14\u8840\u611f\u7684\u51b0\u7cd6\u82f9\u679c\u5986__#\u9648\u610f\u6db5estelle_#\u5986\u6559_#\u5986\u5bb9\u5206\u4eab_#\u65b0\u5e74\u6d82\u4e2a\u597d\u5f69\u5934_video.mp4[/cyan]
WARNING:f2:\u672a\u63d0\u4f9b\u65e5\u671f\u533a\u95f4\u53c2\u6570
INFO:f2:[cyan][  \u8df3\u8fc7  ]: 2025-01-13 17-59-43_\u5982\u679c\u9047\u5230\u5c0f\u65f6\u5019\u7684\u81ea\u5df1_\u4f60\u4f1a\u5bf9\u5979\u8bf4\u4ec0\u4e48__#\u9648\u610f\u6db5estelle_#\u53d8\u88c5_#\u94a2\u7434_#\u56de\u5fc6_#\u6211\u770b\u7740\u4f60\u7684\u65f6\u5019_video.mp4[/cyan]
INFO:f2:[cyan][  \u8df3\u8fc7  ]: 2025-01-08 19-35-37_\u6765\u751f_\u6211\u4eec\u4e00\u5b9a\u8981\u518d\u89c1___\u5e73\u9633___#\u9648\u610f\u6db5estelle_#\u53e4\u88c5_#\u6df7\u526a_#\u5927\u5949\u6253\u66f4\u4eba_#\u5e73\u9633\u90e1\u4e3b_video.mp4[/cyan]
WARNING:f2:\u672a\u63d0\u4f9b\u65e5\u671f\u533a\u95f4\u53c2\u6570
INFO:f2:[cyan][  \u8df3\u8fc7  ]: 2025-01-06 14-25-31__\u8bf4\u4ec0\u4e48\u738b\u6743\u5bcc\u8d35_\u6015\u4ec0\u4e48\u6212\u5f8b\u6e05\u89c4___#\u9648\u610f\u6db5estelle_#\u53e4\u88c5_#\u5927\u5949\u6253\u66f4\u4eba_#\u5e73\u9633\u90e1\u4e3b_#\u521d\u89c1_video.mp4[/cyan]
INFO:f2:[cyan][  \u8df3\u8fc7  ]: 2024-12-31 19-48-48_2024\u8fd9\u4e00\u5e74_\u5b66\u4f1a\u4e86\u5f88\u591a_\u8de8\u5e74\u5feb\u4e50_\u795d2025\u5e74\u6211\u4eec\u90fd\u5e78\u798f_#\u9648\u610f\u6db5estelle_#\u56de\u5fc6_#2024_#\u6bcf\u5929\u5f00\u5fc3_video.mp4[/cyan]
WARNING:f2:\u672a\u63d0\u4f9b\u65e5\u671f\u533a\u95f4\u53c2\u6570
INFO:f2:[cyan][  \u8df3\u8fc7  ]: 2024-12-29 18-00-29_\u6210\u4e3a\u81ea\u5df1\u7684\u5149_\u4e0a\u6d77\u94bb\u77f3\u4ea4\u6613\u6240_#\u4e00\u514b\u62c9\u65f6\u523b_#\u5929\u7136\u94bb\u77f3\u4ee5\u73cd\u7a00\u81f4\u771f\u5fc3_video.mp4[/cyan]
INFO:f2:[cyan][  \u8df3\u8fc7  ]: 2024-12-25 19-48-57___#\u9648\u610f\u6db5estelle_#\u80f6\u7247_#\u751f\u6d3b\u788e\u7247_#\u7a7f\u642d\u65e5\u8bb0_#\u5c0f\u9e7f__video.mp4[/cyan]
WARNING:f2:\u672a\u63d0\u4f9b\u65e5\u671f\u533a\u95f4\u53c2\u6570
INFO:f2:[cyan][  \u8df3\u8fc7  ]: 2024-12-24 17-43-01_____________#\u9648\u610f\u6db5estelle#\u5723\u8bde\u8282\u624b\u52bf\u821e\u8df3\u8d77\u6765\u4e86_video.mp4[/cyan]
INFO:f2:[cyan][  \u8df3\u8fc7  ]: 2024-12-20 18-08-58_\u7ae5\u8bdd\u6545\u4e8b\u56de\u5fc6\u5f55_____\u91cd\u8fd4\u5c0f\u65f6\u5019\u7684\u8bb0\u5fc6_\u518d\u6b21\u6765\u5230\u9999\u6e2f\u8fea\u58eb\u5c3c\u4e50\u56ed_\u662f\u5584\u826f\u5f00\u6717_\u662f\u52c7\u6562\u65e0\u754f____\u613f\u6211\u4eec\u5728\u6e38\u4e50\u573a\u91cc\u53ef\u4ee5\u6210\u4e3a\u6700\u597d\u7684\u81ea\u5df1_\u5411\u70df\u82b1\u8bb8\u4e2a\u613f\u5427__#\u9648\u610f\u6db5estelle_#vlog\u65e5\u5e38......__\u91cd\u8fd4\u5c0f\u65f6\u5019\u7684\u8bb0\u5fc6_\u518d\u6b21\u6765\u5230\u9999\u6e2f\u8fea\u58eb\u5c3c\u4e50\u56ed_\u662f\u5584\u826f\u5f00\u6717_\u662f\u52c7\u6562\u65e0\u754f____\u613f\u6211\u4eec\u5728\u6e38\u4e50\u573a\u91cc\u53ef\u4ee5\u6210\u4e3a\u6700\u597d\u7684\u81ea\u5df1_\u5411\u70df\u82b1\u8bb8\u4e2a\u613f\u5427__#\u9648\u610f\u6db5estelle_#vlog\u65e5\u5e38_#\u8fea\u58eb\u5c3c_#\u6cbb\u6108\u7cfb_video.mp4[/cyan]
WARNING:f2:\u672a\u63d0\u4f9b\u65e5\u671f\u533a\u95f4\u53c2\u6570
INFO:f2:[cyan][  \u8df3\u8fc7  ]: 2024-12-17 17-46-26__\u89c2\u6211\u65e7\u5f80\u540c\u6211\u4ef0\u6625_\u77e5\u6211\u6666\u6697\u8bb8\u6211\u6625\u671d___#\u9648\u610f\u6db5estelle_#\u6e05\u51b7\u611f_#\u53e4\u98ce_#\u6c49\u670d_#\u96ea_video.mp4[/cyan]
INFO:f2:[cyan][  \u8df3\u8fc7  ]: 2024-12-14 16-58-21_\u8fd9\u662f\u4e00\u6761\u5feb\u4e50\u7684\u89c6\u9891_\u8bf7\u67e5\u6536_____#\u9648\u610f\u6db5estelle_#\u5feb\u4e50\u4e07\u5c81_#\u51ac\u65e5\u7a7f\u642d_#\u751f\u6d3b\u788e\u7247_#\u65c5\u884c\u788e\u7247_video.mp4[/cyan]
WARNING:f2:\u672a\u63d0\u4f9b\u65e5\u671f\u533a\u95f4\u53c2\u6570
INFO:f2:[cyan][  \u8df3\u8fc7  ]: 2024-12-10 20-23-35_\u540e\u6765\u7684\u6211\u4eec_\u4e5f\u4e0d\u518d\u662f\u6211\u4eec\u4e86____#\u9648\u610f\u6db5estelle_#\u51ac\u5929_#\u68a6_#\u56de\u5fc6_video.mp4[/cyan]
INFO:f2:[cyan][  \u8df3\u8fc7  ]: 2024-12-04 17-08-49_\u5929\u82e5\u6709\u9053_\u81ea\u4e0d\u4f1a\u8ba9\u6709\u60c5\u4eba\u5206\u79bb__#\u9648\u610f\u6db5estelle_#\u53e4\u98ce_#\u56fd\u98ce\u53e4\u97f5_#\u6c49\u670d_#\u6e05\u51b7\u611f_video.mp4[/cyan]
WARNING:f2:\u672a\u63d0\u4f9b\u65e5\u671f\u533a\u95f4\u53c2\u6570
INFO:f2:[cyan][  \u8df3\u8fc7  ]: 2024-11-30 19-16-06__\u6211\u4eec\u597d\u4e45\u6ca1\u89c1\u4e86____#\u51ac\u5929_#\u56de\u5fc6_#\u9648\u610f\u6db5estelle_#\u6e05\u51b7\u611f_#\u80f6\u7247_video.mp4[/cyan]
INFO:f2:[cyan][  \u8df3\u8fc7  ]: 2024-11-20 18-22-00__\u65f6\u95f4\u8fc7\u5f97\u5f88\u5feb_\u6709\u4e9b\u8bdd\u4f60\u8981\u65e9\u70b9\u8bf4___#\u9648\u610f\u6db5estelle_#\u6cea\u6865_#\u56de\u5fc6_#\u6c1b\u56f4\u611f_video.mp4[/cyan]
WARNING:f2:\u672a\u63d0\u4f9b\u65e5\u671f\u533a\u95f4\u53c2\u6570
INFO:f2:[cyan][  \u8df3\u8fc7  ]: 2024-11-16 17-00-00_\u4f4f\u5c71\u4e0d\u8bb0\u5e74_\u770b\u4e91\u5373\u662f\u4ed9___\u6765\u5c71\u91cc\u91c7\u79cb\u8336_\u79cb\u5929\u7684\u9633\u5149\u548c\u5fae\u98ce\u90fd\u6b63\u597d_\u611f\u53d7\u5230\u88ab\u5927\u81ea\u7136\u6240\u6cbb\u6108\u7684\u529b\u91cf_#\u9648\u610f\u6db5estelle_#vlog_#\u7530\u56ed\u751f\u6d3b_#\u4eba\u95f4\u70df\u706b_#\u5fc3\u52a8\u6253\u5361\u6307\u5357......\u4f4f\u5c71\u4e0d\u8bb0\u5e74_\u770b\u4e91\u5373\u662f\u4ed9___\u6765\u5c71\u91cc\u91c7\u79cb\u8336_\u79cb\u5929\u7684\u9633\u5149\u548c\u5fae\u98ce\u90fd\u6b63\u597d_\u611f\u53d7\u5230\u88ab\u5927\u81ea\u7136\u6240\u6cbb\u6108\u7684\u529b\u91cf_#\u9648\u610f\u6db5estelle_#vlog_#\u7530\u56ed\u751f\u6d3b_#\u4eba\u95f4\u70df\u706b_#\u5fc3\u52a8\u6253\u5361\u6307\u5357_video.mp4[/cyan]
INFO:f2:[cyan][  \u8df3\u8fc7  ]: 2024-11-08 17-39-13_\u751f\u547d\u662f\u4e00\u4e07\u6b21\u7684\u6625\u548c\u666f\u660e___#\u9648\u610f\u6db5estelle_#\u6cbb\u6108\u7cfb_#\u4eba\u95f4\u70df\u706b_#\u5fc3\u52a8\u6253\u5361\u6307\u5357_video.mp4[/cyan]
WARNING:f2:\u672a\u63d0\u4f9b\u65e5\u671f\u533a\u95f4\u53c2\u6570
INFO:f2:[cyan][  \u8df3\u8fc7  ]: 2024-10-24 17-29-11_________#\u9648\u610f\u6db5estelle_#\u624b\u52bf\u821e_#moonlitdream_#\u6cbb\u6108\u7cfb_video.mp4[/cyan]
INFO:f2:[cyan][  \u8df3\u8fc7  ]: 2024-10-17 17-09-42_\u613f_\u957f\u6b4c\u6709\u548c_\u72ec\u884c\u6709\u706f___#\u9648\u610f\u6db5estelle_#\u53e4\u98ce_#\u56fd\u98ce\u53e4\u97f5_#\u4e1c\u65b9\u7f8e\u5b66_#\u53e4\u88c5_video.mp4[/cyan]
WARNING:f2:\u672a\u63d0\u4f9b\u65e5\u671f\u533a\u95f4\u53c2\u6570
INFO:f2:[cyan][  \u8df3\u8fc7  ]: 2024-10-17 00-09-38_\u795d\u6211\u94ee\u94ee_\u795d\u6211\u6602\u626c_#\u9648\u610f\u6db5estelle_#\u821e\u53f0_#\u8bb0\u5f55_#\u56de\u5fc6_video.mp4[/cyan]
INFO:f2:[cyan][  \u8df3\u8fc7  ]: 2024-10-15 17-52-47__\u6d6e\u751f\u82e5\u68a6_\u4eba\u751f\u5f97\u610f\u987b\u5c3d\u6b22___#\u9648\u610f\u6db5estelle_#\u6e05\u51b7\u611f_#\u4e1c\u65b9\u7f8e\u5b66_#\u65d7\u888d_#\u6cbb\u6108\u7cfb_video.mp4[/cyan]
WARNING:f2:\u672a\u63d0\u4f9b\u65e5\u671f\u533a\u95f4\u53c2\u6570
INFO:f2:[cyan][  \u8df3\u8fc7  ]: 2024-10-12 17-32-55_\u4f60\u51ed\u680f\u800c\u5f85_\u7709\u76ee\u81ea\u6210\u8bd7\u4e09\u767e__\u8fd9\u4e2a\u5986\u5bb9\u6211\u53d6\u540d\u4e3a_\u4e2d\u5f0f\u6e05\u51b7\u77dc\u8d35\u5986_\u5986\u9762\u5e72\u51c0\u53c8\u5f88\u663e\u6c14\u8d28_\u53ea\u8981\u51fa\u95e8\u9700\u8981\u5e26\u5986\u6211\u90fd\u4f1a\u753b\u8fd9\u4e2a_\u6709\u5f88\u591a\u7684\u5c0f\u7ec6\u8282\u662f\u6211\u81ea\u5df1\u7814\u7a76\u51fa\u6765\u7684\u53ef\u4ee5\u6700\u5927\u5316\u63d0\u5347\u989c\u503c\u548c\u6574\u4f53\u6c14\u8d28_\u5927\u5bb6\u53ef\u4ee5\u53c2\u8003......\u8981\u51fa\u95e8\u9700\u8981\u5e26\u5986\u6211\u90fd\u4f1a\u753b\u8fd9\u4e2a_\u6709\u5f88\u591a\u7684\u5c0f\u7ec6\u8282\u662f\u6211\u81ea\u5df1\u7814\u7a76\u51fa\u6765\u7684\u53ef\u4ee5\u6700\u5927\u5316\u63d0\u5347\u989c\u503c\u548c\u6574\u4f53\u6c14\u8d28_\u5927\u5bb6\u53ef\u4ee5\u53c2\u8003\u4e00\u4e0b_\u4e5f\u6559\u7ed9\u6211\u4f60\u4eec\u7684\u6280\u5de7\u54e6_#\u9648\u610f\u6db5estelle_#\u5986\u6559_#\u7f8e\u5986_#\u65b0\u4e2d\u5f0f_#\u6e05\u51b7\u611f_video.mp4[/cyan]
INFO:f2:[cyan][  \u8df3\u8fc7  ]: 2024-10-06 18-55-34_\u82cf\u5c0f\u6175\u7684\u788e\u7247_\u604d\u604d\u60da\u60da_\u5df2\u7ecf\u9694\u4e16_#\u9648\u610f\u6db5estelle_#\u6c49\u670d_#\u53e4\u98ce_#\u82cf\u5c0f\u6175_video.mp4[/cyan]
WARNING:f2:\u672a\u63d0\u4f9b\u65e5\u671f\u533a\u95f4\u53c2\u6570
INFO:f2:[cyan][  \u8df3\u8fc7  ]: 2024-10-05 18-00-51_\u6708\u534e\u503e\u6d12_\u5c18\u4e16\u7eee\u68a6__\u53d8\u8eab\u6e05\u51b7\u6708\u795e\u7684\u4e00\u5929_\u4eca\u65e5\u6444\u5f71\u5e08_\u6c5f\u82e5\u516e__#\u9648\u610f\u6db5estelle__#\u9648\u610f\u6db5\u6311\u6218100\u79cd\u6444\u5f71\u98ce\u683c_#\u56fd\u98ce\u53e4\u97f5_#\u6e05\u51b7\u6708\u795e_#\u4eba\u751f\u7167\u7247......\u6708\u534e\u503e\u6d12_\u5c18\u4e16\u7eee\u68a6__\u53d8\u8eab\u6e05\u51b7\u6708\u795e\u7684\u4e00\u5929_\u4eca\u65e5\u6444\u5f71\u5e08_\u6c5f\u82e5\u516e__#\u9648\u610f\u6db5estelle__#\u9648\u610f\u6db5\u6311\u6218100\u79cd\u6444\u5f71\u98ce\u683c_#\u56fd\u98ce\u53e4\u97f5_#\u6e05\u51b7\u6708\u795e_#\u4eba\u751f\u7167\u7247_video.mp4[/cyan]
INFO:f2:[cyan][  \u8df3\u8fc7  ]: 2024-10-02 16-40-18_\u4eba\u751f\u662f\u65f7\u91ce_\u800c\u975e\u8f68\u9053_\u4e00\u8d77\u7ed9\u590f\u5929\u753b\u4e2a\u53e5\u53f7\u5427__#\u9648\u610f\u6db5estelle_#\u9648\u610f\u6db5\u5317\u6781\u661f\u97f3\u4e50\u4f1a__#\u6211\u7684\u8282\u65e5\u4eea\u5f0f\u611f_#\u821e\u53f0_#\u56de\u5fc6_video.mp4[/cyan]
WARNING:f2:\u672a\u63d0\u4f9b\u65e5\u671f\u533a\u95f4\u53c2\u6570
INFO:f2:[cyan][  \u8df3\u8fc7  ]: 2024-09-27 18-56-33_\u56de\u5f52\u7cfb\u5217\u6311\u6218\u4e00\u767e\u79cd\u6444\u5f71\u98ce\u683c_\u4eca\u65e5\u6444\u5f71\u5e08_\u9646\u5730\u6d77\u6d0b__\u62cd\u5230\u4e86\u6cb9\u753b\u822c\u7684\u4eba\u751f\u7167\u7247____#\u9648\u610f\u6db5estelle_#\u9648\u610f\u6db5\u6311\u6218100\u79cd\u6444\u5f71\u98ce\u683c_#\u6cd5\u5f0f_#\u4eba\u751f\u7167\u7247......\u56de\u5f52\u7cfb\u5217\u6311\u6218\u4e00\u767e\u79cd\u6444\u5f71\u98ce\u683c_\u4eca\u65e5\u6444\u5f71\u5e08_\u9646\u5730\u6d77\u6d0b__\u62cd\u5230\u4e86\u6cb9\u753b\u822c\u7684\u4eba\u751f\u7167\u7247____#\u9648\u610f\u6db5estelle_#\u9648\u610f\u6db5\u6311\u6218100\u79cd\u6444\u5f71\u98ce\u683c_#\u6cd5\u5f0f_#\u4eba\u751f\u7167\u7247_video.mp4[/cyan]
INFO:f2:[cyan][  \u8df3\u8fc7  ]: 2024-09-25 17-49-54__\u4f60\u95fb_\u4eca\u665a\u7684\u98ce\u662f\u675c\u9e43\u82b1\u9999___#\u9648\u610f\u6db5estelle_#\u65b0\u4e2d\u5f0f_#\u4e1c\u65b9\u7f8e\u5b66_video.mp4[/cyan]
WARNING:f2:\u672a\u63d0\u4f9b\u65e5\u671f\u533a\u95f4\u53c2\u6570
INFO:f2:[cyan][  \u8df3\u8fc7  ]: 2024-09-20 00-06-23____Nothings_Gonna_Change_My_Love_for_You__\u665a\u5b89__#\u9648\u610f\u6db5estelle_#\u5f39\u5531_#\u94a2\u7434_#\u56de\u5fc6_video.mp4[/cyan]
INFO:f2:[cyan][  \u8df3\u8fc7  ]: 2024-09-19 16-07-47_\u65e7\u6b4c\u90fd\u56de\u6765\u4e86_\u65e7\u4eba\u8fd8\u4f1a\u91cd\u9022\u5417__#\u9648\u610f\u6db5estelle_#livephoto_#\u56de\u5fc6_video.mp4[/cyan]
INFO:f2:\u5904\u7406\u7528\u6237\uff1aMS4wLjABAAAAhjf28_MbWOSHR3oQ_hgBcrSNVoeGZR_jirqmdG14L0Y \u53d1\u5e03\u7684\u4f5c\u54c1
INFO:f2:\u7b49\u5f85 10 \u79d2\u540e\u7ee7\u7eed
WARNING:f2:\u672a\u63d0\u4f9b\u65e5\u671f\u533a\u95f4\u53c2\u6570
INFO:f2:[green][  \u5b8c\u6210  ]\uff1a2022-07-24 18-26-51_\u6709\u5173#\u4f55\u662d\u541b_\u7684\u8bb0\u5fc6___#\u9648\u610f\u6db5estelle_#\u9ed1\u9a6c\u8ba1\u5212_video.mp4[/green]
INFO:f2:[green][  \u5b8c\u6210  ]\uff1a2022-08-20 16-08-36_\u7ea2\u8863_\u6b64\u610f\u5bc4\u662d\u662d__#\u4f55\u662d\u541b_#\u9ed1\u9a6c\u8ba1\u5212_#\u9648\u610f\u6db5estelle_#\u53e4\u98ce_video.mp4[/green]
WARNING:f2:\u672a\u63d0\u4f9b\u65e5\u671f\u533a\u95f4\u53c2\u6570
INFO:f2:[green][  \u5b8c\u6210  ]\uff1a2022-07-19 23-21-14_\u7531\u6211_\u6765\u4eb2\u81ea\u9001\u4f60\u4e0a\u8def__\u4e0d\u5171\u6234\u5929_\u4e0d\u6b7b\u4e0d\u4f11__#\u4f55\u662d\u541b_#\u661f\u6c49\u707f\u70c2_#\u9648\u610f\u6db5estelle__#\u4f55\u662d\u541b\u624b\u5203\u4ec7\u4eba_#\u9ed1\u9a6c\u8ba1\u5212_video.mp4[/green]
INFO:f2:[green][  \u5b8c\u6210  ]\uff1a2025-02-19 17-15-02_\u610f\u6db5\u7684\u6e05\u51b7\u767d\u6708\u5149\u5986_\u6e05\u900f\u6c27\u6c14\u539f\u751f\u611f_#\u9648\u610f\u6db5estelle_#\u5986\u5bb9\u5206\u4eab_#\u6625\u65e5\u539f\u751f\u7f8e_#\u7f8e\u51fa\u9ad8\u7ea7\u611f\u7684\u6625\u65e5\u539f\u751f\u6c14\u8840\u5986_video.mp4[/green]
WARNING:f2:\u672a\u63d0\u4f9b\u65e5\u671f\u533a\u95f4\u53c2\u6570
INFO:f2:[green][  \u5b8c\u6210  ]\uff1a2025-02-14 15-23-40_\u4eca\u5929\u548c\u6211\u4e00\u8d77\u7ea6\u4f1a\u5417__#\u9648\u610f\u6db5estelle_#\u4e00\u773c\u5fc3\u52a8\u60c5\u4eba\u8282\u7a7f\u642d_#\u5206\u4eab\u56fe\u7247_#\u5ea7\u673a\u753b\u8d28_video.mp4[/green]
INFO:f2:[green][  \u5b8c\u6210  ]\uff1a2025-02-17 18-39-28___#\u9648\u610f\u6db5estelle_#sayuloveme_#\u624b\u52bf\u821e_video.mp4[/green]
WARNING:f2:\u672a\u63d0\u4f9b\u65e5\u671f\u533a\u95f4\u53c2\u6570
INFO:f2:[green][  \u5b8c\u6210  ]\uff1a2025-02-12 17-00-13_\u5c06\u519b_\u5e26\u6211\u8d70\u5427__#\u9648\u610f\u6db5estelle_#\u6218\u56fd\u888d_#\u53e4\u98ce_#\u7834\u788e\u611f#\u7ea2\u8863_video.mp4[/green]
INFO:f2:[green][  \u5b8c\u6210  ]\uff1a2025-02-07 18-15-25_\u4eca\u5929\u5316\u8d35\u6c14\u5c0f\u70df\u718f_\u9ed1\u5316\u6076\u5973\u5986_#\u9648\u610f\u6db5estelle_#\u5986\u6559_#\u70df\u718f\u5986_#\u5986\u5bb9\u5206\u4eab_video.mp4[/green]
WARNING:f2:\u672a\u63d0\u4f9b\u65e5\u671f\u533a\u95f4\u53c2\u6570
INFO:f2:[green][  \u5b8c\u6210  ]\uff1a2025-02-03 18-09-57_\u8c01\u8bb8\u4f60\u5929\u4e0a\u4eba\u95f4_\u8c01\u540c\u4f60\u6068\u6d77\u60c5\u5929_video.mp4[/green]
INFO:f2:[green][  \u5b8c\u6210  ]\uff1a2025-02-01 15-58-27_\u4e00\u4e07\u5e74\u592a\u4e45_\u53ea\u4e89\u671d\u5915__#\u9648\u610f\u6db5estelle_#\u5206\u4eab\u7167\u7247_#\u56de\u5fc6_#\u7231_video.mp4[/green]
WARNING:f2:\u672a\u63d0\u4f9b\u65e5\u671f\u533a\u95f4\u53c2\u6570
INFO:f2:[green][  \u5b8c\u6210  ]\uff1a2025-01-22 17-55-16_\u8ddf\u7740\u6211__#\u9648\u610f\u6db5estelle_#\u7535\u7ade_#\u5ea7\u673a\u753b\u8d28_video.mp4[/green]
INFO:f2:[green][  \u5b8c\u6210  ]\uff1a2025-01-28 14-40-04_\u6211\u5411\u70df\u82b1\u8bb8\u613f___#\u9648\u610f\u6db5estelle_#\u65b0\u5e74\u6709\u793c\u4e86_#\u70df\u82b1_#\u53d8\u88c5_video.mp4[/green]
WARNING:f2:\u672a\u63d0\u4f9b\u65e5\u671f\u533a\u95f4\u53c2\u6570
INFO:f2:[green][  \u5b8c\u6210  ]\uff1a2025-01-18 18-07-51_\u7b97\u4e86_\u8d76\u8def\u8981\u7d27_#\u9648\u610f\u6db5estelle_#\u80f6\u7247____video.mp4[/green]
INFO:f2:[green][  \u5b8c\u6210  ]\uff1a2025-01-15 11-01-54_\u65b0\u5e74\u5316\u4e00\u4e2a\u7ea2\u6da6\u6c14\u8840\u611f\u7684\u51b0\u7cd6\u82f9\u679c\u5986__#\u9648\u610f\u6db5estelle_#\u5986\u6559_#\u5986\u5bb9\u5206\u4eab_#\u65b0\u5e74\u6d82\u4e2a\u597d\u5f69\u5934_video.mp4[/green]
WARNING:f2:\u672a\u63d0\u4f9b\u65e5\u671f\u533a\u95f4\u53c2\u6570
INFO:f2:[green][  \u5b8c\u6210  ]\uff1a2025-01-13 17-59-43_\u5982\u679c\u9047\u5230\u5c0f\u65f6\u5019\u7684\u81ea\u5df1_\u4f60\u4f1a\u5bf9\u5979\u8bf4\u4ec0\u4e48__#\u9648\u610f\u6db5estelle_#\u53d8\u88c5_#\u94a2\u7434_#\u56de\u5fc6_#\u6211\u770b\u7740\u4f60\u7684\u65f6\u5019_video.mp4[/green]
INFO:f2:[green][  \u5b8c\u6210  ]\uff1a2025-01-08 19-35-37_\u6765\u751f_\u6211\u4eec\u4e00\u5b9a\u8981\u518d\u89c1___\u5e73\u9633___#\u9648\u610f\u6db5estelle_#\u53e4\u88c5_#\u6df7\u526a_#\u5927\u5949\u6253\u66f4\u4eba_#\u5e73\u9633\u90e1\u4e3b_video.mp4[/green]
WARNING:f2:\u672a\u63d0\u4f9b\u65e5\u671f\u533a\u95f4\u53c2\u6570
INFO:f2:[green][  \u5b8c\u6210  ]\uff1a2025-01-06 14-25-31__\u8bf4\u4ec0\u4e48\u738b\u6743\u5bcc\u8d35_\u6015\u4ec0\u4e48\u6212\u5f8b\u6e05\u89c4___#\u9648\u610f\u6db5estelle_#\u53e4\u88c5_#\u5927\u5949\u6253\u66f4\u4eba_#\u5e73\u9633\u90e1\u4e3b_#\u521d\u89c1_video.mp4[/green]
INFO:f2:[green][  \u5b8c\u6210  ]\uff1a2024-12-31 19-48-48_2024\u8fd9\u4e00\u5e74_\u5b66\u4f1a\u4e86\u5f88\u591a_\u8de8\u5e74\u5feb\u4e50_\u795d2025\u5e74\u6211\u4eec\u90fd\u5e78\u798f_#\u9648\u610f\u6db5estelle_#\u56de\u5fc6_#2024_#\u6bcf\u5929\u5f00\u5fc3_video.mp4[/green]
WARNING:f2:\u672a\u63d0\u4f9b\u65e5\u671f\u533a\u95f4\u53c2\u6570
INFO:f2:[green][  \u5b8c\u6210  ]\uff1a2024-12-25 19-48-57___#\u9648\u610f\u6db5estelle_#\u80f6\u7247_#\u751f\u6d3b\u788e\u7247_#\u7a7f\u642d\u65e5\u8bb0_#\u5c0f\u9e7f__video.mp4[/green]
INFO:f2:[green][  \u5b8c\u6210  ]\uff1a2024-12-29 18-00-29_\u6210\u4e3a\u81ea\u5df1\u7684\u5149_\u4e0a\u6d77\u94bb\u77f3\u4ea4\u6613\u6240_#\u4e00\u514b\u62c9\u65f6\u523b_#\u5929\u7136\u94bb\u77f3\u4ee5\u73cd\u7a00\u81f4\u771f\u5fc3_video.mp4[/green]
WARNING:f2:\u672a\u63d0\u4f9b\u65e5\u671f\u533a\u95f4\u53c2\u6570
INFO:f2:[green][  \u5b8c\u6210  ]\uff1a2024-12-24 17-43-01_____________#\u9648\u610f\u6db5estelle#\u5723\u8bde\u8282\u624b\u52bf\u821e\u8df3\u8d77\u6765\u4e86_video.mp4[/green]
INFO:f2:[green][  \u5b8c\u6210  ]\uff1a2024-12-20 18-08-58_\u7ae5\u8bdd\u6545\u4e8b\u56de\u5fc6\u5f55_____\u91cd\u8fd4\u5c0f\u65f6\u5019\u7684\u8bb0\u5fc6_\u518d\u6b21\u6765\u5230\u9999\u6e2f\u8fea\u58eb\u5c3c\u4e50\u56ed_\u662f\u5584\u826f\u5f00\u6717_\u662f\u52c7\u6562\u65e0\u754f____\u613f\u6211\u4eec\u5728\u6e38\u4e50\u573a\u91cc\u53ef\u4ee5\u6210\u4e3a\u6700\u597d\u7684\u81ea\u5df1_\u5411\u70df\u82b1\u8bb8\u4e2a\u613f\u5427__#\u9648\u610f\u6db5estelle_#vlog\u65e5\u5e38......__\u91cd\u8fd4\u5c0f\u65f6\u5019\u7684\u8bb0\u5fc6_\u518d\u6b21\u6765\u5230\u9999\u6e2f\u8fea\u58eb\u5c3c\u4e50\u56ed_\u662f\u5584\u826f\u5f00\u6717_\u662f\u52c7\u6562\u65e0\u754f____\u613f\u6211\u4eec\u5728\u6e38\u4e50\u573a\u91cc\u53ef\u4ee5\u6210\u4e3a\u6700\u597d\u7684\u81ea\u5df1_\u5411\u70df\u82b1\u8bb8\u4e2a\u613f\u5427__#\u9648\u610f\u6db5estelle_#vlog\u65e5\u5e38_#\u8fea\u58eb\u5c3c_#\u6cbb\u6108\u7cfb_video.mp4[/green]
WARNING:f2:\u672a\u63d0\u4f9b\u65e5\u671f\u533a\u95f4\u53c2\u6570
INFO:f2:[green][  \u5b8c\u6210  ]\uff1a2024-12-17 17-46-26__\u89c2\u6211\u65e7\u5f80\u540c\u6211\u4ef0\u6625_\u77e5\u6211\u6666\u6697\u8bb8\u6211\u6625\u671d___#\u9648\u610f\u6db5estelle_#\u6e05\u51b7\u611f_#\u53e4\u98ce_#\u6c49\u670d_#\u96ea_video.mp4[/green]
INFO:f2:[green][  \u5b8c\u6210  ]\uff1a2024-12-14 16-58-21_\u8fd9\u662f\u4e00\u6761\u5feb\u4e50\u7684\u89c6\u9891_\u8bf7\u67e5\u6536_____#\u9648\u610f\u6db5estelle_#\u5feb\u4e50\u4e07\u5c81_#\u51ac\u65e5\u7a7f\u642d_#\u751f\u6d3b\u788e\u7247_#\u65c5\u884c\u788e\u7247_video.mp4[/green]
WARNING:f2:\u672a\u63d0\u4f9b\u65e5\u671f\u533a\u95f4\u53c2\u6570
INFO:f2:[green][  \u5b8c\u6210  ]\uff1a2024-12-04 17-08-49_\u5929\u82e5\u6709\u9053_\u81ea\u4e0d\u4f1a\u8ba9\u6709\u60c5\u4eba\u5206\u79bb__#\u9648\u610f\u6db5estelle_#\u53e4\u98ce_#\u56fd\u98ce\u53e4\u97f5_#\u6c49\u670d_#\u6e05\u51b7\u611f_video.mp4[/green]
INFO:f2:[green][  \u5b8c\u6210  ]\uff1a2024-12-10 20-23-35_\u540e\u6765\u7684\u6211\u4eec_\u4e5f\u4e0d\u518d\u662f\u6211\u4eec\u4e86____#\u9648\u610f\u6db5estelle_#\u51ac\u5929_#\u68a6_#\u56de\u5fc6_video.mp4[/green]
WARNING:f2:\u672a\u63d0\u4f9b\u65e5\u671f\u533a\u95f4\u53c2\u6570
INFO:f2:[green][  \u5b8c\u6210  ]\uff1a2024-11-30 19-16-06__\u6211\u4eec\u597d\u4e45\u6ca1\u89c1\u4e86____#\u51ac\u5929_#\u56de\u5fc6_#\u9648\u610f\u6db5estelle_#\u6e05\u51b7\u611f_#\u80f6\u7247_video.mp4[/green]
INFO:f2:[green][  \u5b8c\u6210  ]\uff1a2024-11-20 18-22-00__\u65f6\u95f4\u8fc7\u5f97\u5f88\u5feb_\u6709\u4e9b\u8bdd\u4f60\u8981\u65e9\u70b9\u8bf4___#\u9648\u610f\u6db5estelle_#\u6cea\u6865_#\u56de\u5fc6_#\u6c1b\u56f4\u611f_video.mp4[/green]
WARNING:f2:\u672a\u63d0\u4f9b\u65e5\u671f\u533a\u95f4\u53c2\u6570
INFO:f2:[green][  \u5b8c\u6210  ]\uff1a2024-11-08 17-39-13_\u751f\u547d\u662f\u4e00\u4e07\u6b21\u7684\u6625\u548c\u666f\u660e___#\u9648\u610f\u6db5estelle_#\u6cbb\u6108\u7cfb_#\u4eba\u95f4\u70df\u706b_#\u5fc3\u52a8\u6253\u5361\u6307\u5357_video.mp4[/green]
INFO:f2:[green][  \u5b8c\u6210  ]\uff1a2024-11-16 17-00-00_\u4f4f\u5c71\u4e0d\u8bb0\u5e74_\u770b\u4e91\u5373\u662f\u4ed9___\u6765\u5c71\u91cc\u91c7\u79cb\u8336_\u79cb\u5929\u7684\u9633\u5149\u548c\u5fae\u98ce\u90fd\u6b63\u597d_\u611f\u53d7\u5230\u88ab\u5927\u81ea\u7136\u6240\u6cbb\u6108\u7684\u529b\u91cf_#\u9648\u610f\u6db5estelle_#vlog_#\u7530\u56ed\u751f\u6d3b_#\u4eba\u95f4\u70df\u706b_#\u5fc3\u52a8\u6253\u5361\u6307\u5357......\u4f4f\u5c71\u4e0d\u8bb0\u5e74_\u770b\u4e91\u5373\u662f\u4ed9___\u6765\u5c71\u91cc\u91c7\u79cb\u8336_\u79cb\u5929\u7684\u9633\u5149\u548c\u5fae\u98ce\u90fd\u6b63\u597d_\u611f\u53d7\u5230\u88ab\u5927\u81ea\u7136\u6240\u6cbb\u6108\u7684\u529b\u91cf_#\u9648\u610f\u6db5estelle_#vlog_#\u7530\u56ed\u751f\u6d3b_#\u4eba\u95f4\u70df\u706b_#\u5fc3\u52a8\u6253\u5361\u6307\u5357_video.mp4[/green]
WARNING:f2:\u672a\u63d0\u4f9b\u65e5\u671f\u533a\u95f4\u53c2\u6570
INFO:f2:[green][  \u5b8c\u6210  ]\uff1a2024-10-17 17-09-42_\u613f_\u957f\u6b4c\u6709\u548c_\u72ec\u884c\u6709\u706f___#\u9648\u610f\u6db5estelle_#\u53e4\u98ce_#\u56fd\u98ce\u53e4\u97f5_#\u4e1c\u65b9\u7f8e\u5b66_#\u53e4\u88c5_video.mp4[/green]
INFO:f2:[green][  \u5b8c\u6210  ]\uff1a2024-10-24 17-29-11_________#\u9648\u610f\u6db5estelle_#\u624b\u52bf\u821e_#moonlitdream_#\u6cbb\u6108\u7cfb_video.mp4[/green]
WARNING:f2:\u672a\u63d0\u4f9b\u65e5\u671f\u533a\u95f4\u53c2\u6570
INFO:f2:[green][  \u5b8c\u6210  ]\uff1a2024-10-17 00-09-38_\u795d\u6211\u94ee\u94ee_\u795d\u6211\u6602\u626c_#\u9648\u610f\u6db5estelle_#\u821e\u53f0_#\u8bb0\u5f55_#\u56de\u5fc6_video.mp4[/green]
INFO:f2:[green][  \u5b8c\u6210  ]\uff1a2024-10-15 17-52-47__\u6d6e\u751f\u82e5\u68a6_\u4eba\u751f\u5f97\u610f\u987b\u5c3d\u6b22___#\u9648\u610f\u6db5estelle_#\u6e05\u51b7\u611f_#\u4e1c\u65b9\u7f8e\u5b66_#\u65d7\u888d_#\u6cbb\u6108\u7cfb_video.mp4[/green]
WARNING:f2:\u672a\u63d0\u4f9b\u65e5\u671f\u533a\u95f4\u53c2\u6570
INFO:f2:[green][  \u5b8c\u6210  ]\uff1a2024-10-06 18-55-34_\u82cf\u5c0f\u6175\u7684\u788e\u7247_\u604d\u604d\u60da\u60da_\u5df2\u7ecf\u9694\u4e16_#\u9648\u610f\u6db5estelle_#\u6c49\u670d_#\u53e4\u98ce_#\u82cf\u5c0f\u6175_video.mp4[/green]
INFO:f2:[green][  \u5b8c\u6210  ]\uff1a2024-10-12 17-32-55_\u4f60\u51ed\u680f\u800c\u5f85_\u7709\u76ee\u81ea\u6210\u8bd7\u4e09\u767e__\u8fd9\u4e2a\u5986\u5bb9\u6211\u53d6\u540d\u4e3a_\u4e2d\u5f0f\u6e05\u51b7\u77dc\u8d35\u5986_\u5986\u9762\u5e72\u51c0\u53c8\u5f88\u663e\u6c14\u8d28_\u53ea\u8981\u51fa\u95e8\u9700\u8981\u5e26\u5986\u6211\u90fd\u4f1a\u753b\u8fd9\u4e2a_\u6709\u5f88\u591a\u7684\u5c0f\u7ec6\u8282\u662f\u6211\u81ea\u5df1\u7814\u7a76\u51fa\u6765\u7684\u53ef\u4ee5\u6700\u5927\u5316\u63d0\u5347\u989c\u503c\u548c\u6574\u4f53\u6c14\u8d28_\u5927\u5bb6\u53ef\u4ee5\u53c2\u8003......\u8981\u51fa\u95e8\u9700\u8981\u5e26\u5986\u6211\u90fd\u4f1a\u753b\u8fd9\u4e2a_\u6709\u5f88\u591a\u7684\u5c0f\u7ec6\u8282\u662f\u6211\u81ea\u5df1\u7814\u7a76\u51fa\u6765\u7684\u53ef\u4ee5\u6700\u5927\u5316\u63d0\u5347\u989c\u503c\u548c\u6574\u4f53\u6c14\u8d28_\u5927\u5bb6\u53ef\u4ee5\u53c2\u8003\u4e00\u4e0b_\u4e5f\u6559\u7ed9\u6211\u4f60\u4eec\u7684\u6280\u5de7\u54e6_#\u9648\u610f\u6db5estelle_#\u5986\u6559_#\u7f8e\u5986_#\u65b0\u4e2d\u5f0f_#\u6e05\u51b7\u611f_video.mp4[/green]
WARNING:f2:\u672a\u63d0\u4f9b\u65e5\u671f\u533a\u95f4\u53c2\u6570
INFO:f2:[green][  \u5b8c\u6210  ]\uff1a2024-10-02 16-40-18_\u4eba\u751f\u662f\u65f7\u91ce_\u800c\u975e\u8f68\u9053_\u4e00\u8d77\u7ed9\u590f\u5929\u753b\u4e2a\u53e5\u53f7\u5427__#\u9648\u610f\u6db5estelle_#\u9648\u610f\u6db5\u5317\u6781\u661f\u97f3\u4e50\u4f1a__#\u6211\u7684\u8282\u65e5\u4eea\u5f0f\u611f_#\u821e\u53f0_#\u56de\u5fc6_video.mp4[/green]
INFO:f2:[green][  \u5b8c\u6210  ]\uff1a2024-10-05 18-00-51_\u6708\u534e\u503e\u6d12_\u5c18\u4e16\u7eee\u68a6__\u53d8\u8eab\u6e05\u51b7\u6708\u795e\u7684\u4e00\u5929_\u4eca\u65e5\u6444\u5f71\u5e08_\u6c5f\u82e5\u516e__#\u9648\u610f\u6db5estelle__#\u9648\u610f\u6db5\u6311\u6218100\u79cd\u6444\u5f71\u98ce\u683c_#\u56fd\u98ce\u53e4\u97f5_#\u6e05\u51b7\u6708\u795e_#\u4eba\u751f\u7167\u7247......\u6708\u534e\u503e\u6d12_\u5c18\u4e16\u7eee\u68a6__\u53d8\u8eab\u6e05\u51b7\u6708\u795e\u7684\u4e00\u5929_\u4eca\u65e5\u6444\u5f71\u5e08_\u6c5f\u82e5\u516e__#\u9648\u610f\u6db5estelle__#\u9648\u610f\u6db5\u6311\u6218100\u79cd\u6444\u5f71\u98ce\u683c_#\u56fd\u98ce\u53e4\u97f5_#\u6e05\u51b7\u6708\u795e_#\u4eba\u751f\u7167\u7247_video.mp4[/green]
WARNING:f2:\u672a\u63d0\u4f9b\u65e5\u671f\u533a\u95f4\u53c2\u6570
INFO:f2:[green][  \u5b8c\u6210  ]\uff1a2024-09-25 17-49-54__\u4f60\u95fb_\u4eca\u665a\u7684\u98ce\u662f\u675c\u9e43\u82b1\u9999___#\u9648\u610f\u6db5estelle_#\u65b0\u4e2d\u5f0f_#\u4e1c\u65b9\u7f8e\u5b66_video.mp4[/green]
INFO:f2:[green][  \u5b8c\u6210  ]\uff1a2024-09-27 18-56-33_\u56de\u5f52\u7cfb\u5217\u6311\u6218\u4e00\u767e\u79cd\u6444\u5f71\u98ce\u683c_\u4eca\u65e5\u6444\u5f71\u5e08_\u9646\u5730\u6d77\u6d0b__\u62cd\u5230\u4e86\u6cb9\u753b\u822c\u7684\u4eba\u751f\u7167\u7247____#\u9648\u610f\u6db5estelle_#\u9648\u610f\u6db5\u6311\u6218100\u79cd\u6444\u5f71\u98ce\u683c_#\u6cd5\u5f0f_#\u4eba\u751f\u7167\u7247......\u56de\u5f52\u7cfb\u5217\u6311\u6218\u4e00\u767e\u79cd\u6444\u5f71\u98ce\u683c_\u4eca\u65e5\u6444\u5f71\u5e08_\u9646\u5730\u6d77\u6d0b__\u62cd\u5230\u4e86\u6cb9\u753b\u822c\u7684\u4eba\u751f\u7167\u7247____#\u9648\u610f\u6db5estelle_#\u9648\u610f\u6db5\u6311\u6218100\u79cd\u6444\u5f71\u98ce\u683c_#\u6cd5\u5f0f_#\u4eba\u751f\u7167\u7247_video.mp4[/green]
WARNING:f2:\u672a\u63d0\u4f9b\u65e5\u671f\u533a\u95f4\u53c2\u6570
INFO:f2:[green][  \u5b8c\u6210  ]\uff1a2024-09-19 16-07-47_\u65e7\u6b4c\u90fd\u56de\u6765\u4e86_\u65e7\u4eba\u8fd8\u4f1a\u91cd\u9022\u5417__#\u9648\u610f\u6db5estelle_#livephoto_#\u56de\u5fc6_video.mp4[/green]
INFO:f2:[green][  \u5b8c\u6210  ]\uff1a2024-09-20 00-06-23____Nothings_Gonna_Change_My_Love_for_You__\u665a\u5b89__#\u9648\u610f\u6db5estelle_#\u5f39\u5531_#\u94a2\u7434_#\u56de\u5fc6_video.mp4[/green]
