2025-02-20 02:03:07,001 - f2 - INFO - 处理用户：MS4wLjABAAAAxwKeLeuuw7lSfaAOMYa6DJu7-Uaf7D7uNgZec5M_Uj7ouIU6Btx0wLcd6HttBqsz 发布的作品
2025-02-20 02:03:08,657 - f2 - INFO - 等待 10 秒后继续
2025-02-20 02:03:20,219 - f2 - INFO - 等待 10 秒后继续
2025-02-20 02:03:31,695 - f2 - INFO - 等待 10 秒后继续
2025-02-20 02:03:43,184 - f2 - INFO - 等待 10 秒后继续
2025-02-20 02:03:54,508 - f2 - INFO - 等待 10 秒后继续
2025-02-20 02:04:05,283 - f2 - INFO - 第 1726036118000 页没有找到作品
2025-02-20 02:04:05,290 - f2 - INFO - 用户: MS4wLjABAAAAxwKeLeuuw7lSfaAOMYa6DJu7-Uaf7D7uNgZec5M_Uj7ouIU6Btx0wLcd6HttBqsz 所有作品采集完毕
2025-02-20 02:04:05,293 - f2 - INFO - 结束处理用户发布的作品，共处理 98 个作品
2025-02-20 02:04:05,507 - f2 - ERROR - 请前往QA文档 https://f2.wiki/faq 查看相关帮助
2025-02-20 02:04:05,510 - f2 - ERROR - Bark 通知发送失败，请检查 key 和网络连接：HTTP状态码错误： Status Code: 404
2025-02-20 02:04:05,525 - f2 - WARNING - 未提供日期区间参数
2025-02-20 02:04:06,770 - f2 - INFO - [green][  完成  ]：2024-12-19 16-29-09_秋霜切玉剑_落日明珠袍_#国风_#古风_#侠客_video.mp4[/green]
2025-02-20 02:04:06,779 - f2 - WARNING - 未提供日期区间参数
2025-02-20 02:04:07,829 - f2 - INFO - [green][  完成  ]：2024-11-24 19-11-45_你的虎牙女孩#纯欲风_#甜系女孩_#治愈系笑容_video.mp4[/green]
2025-02-20 02:04:07,836 - f2 - WARNING - 未提供日期区间参数
2025-02-20 02:04:08,859 - f2 - INFO - [green][  完成  ]：2025-02-19 21-36-00_理解曹操_成为曹操_超越曹操#慢摇_#这谁顶得住啊_#小妈感_#完美身材_#你要怎么抵抗我_video.mp4[/green]
2025-02-20 02:04:08,867 - f2 - WARNING - 未提供日期区间参数
2025-02-20 02:04:09,711 - f2 - INFO - [green][  完成  ]：2025-02-19 11-32-48_#慢摇_#这谁顶得住啊_#小妈感_video.mp4[/green]
2025-02-20 02:04:09,719 - f2 - WARNING - 未提供日期区间参数
2025-02-20 02:04:10,742 - f2 - INFO - [green][  完成  ]：2025-02-17 17-39-59_#这谁顶得住啊_#慢摇_#你要怎么抵抗我_#小妈感_video.mp4[/green]
2025-02-20 02:04:10,749 - f2 - WARNING - 未提供日期区间参数
2025-02-20 02:04:11,453 - f2 - INFO - [green][  完成  ]：2025-02-15 19-36-49_#甜妹_#大长腿_#这谁顶得住啊_video.mp4[/green]
2025-02-20 02:04:11,461 - f2 - WARNING - 未提供日期区间参数
2025-02-20 02:04:12,628 - f2 - INFO - [green][  完成  ]：2025-02-14 15-43-21_梧桐枝桠疯长_爱意贯穿心脏#氛围感_#初恋_#清纯甜美_#回忆_#清纯_video.mp4[/green]
2025-02-20 02:04:12,636 - f2 - WARNING - 未提供日期区间参数
2025-02-20 02:04:13,559 - f2 - INFO - [green][  完成  ]：2025-02-13 20-59-42_极限五选一#这谁顶得住啊_video.mp4[/green]
2025-02-20 02:04:13,567 - f2 - WARNING - 未提供日期区间参数
2025-02-20 02:04:15,430 - f2 - INFO - [green][  完成  ]：2025-02-12 17-37-39__只是我_曾这样_深爱过_#清纯甜美_#氛围感_#初恋_#晚夜微雨问海棠_#一吻天荒_video.mp4[/green]
2025-02-20 02:04:15,437 - f2 - WARNING - 未提供日期区间参数
2025-02-20 02:04:16,239 - f2 - INFO - [green][  完成  ]：2025-02-11 16-50-29_#小妈感_video.mp4[/green]
2025-02-20 02:04:16,247 - f2 - WARNING - 未提供日期区间参数
2025-02-20 02:04:17,489 - f2 - INFO - [green][  完成  ]：2025-02-11 10-21-18_还是喜欢红色多一些#慢摇_#这谁顶得住啊_#完美身材_video.mp4[/green]
2025-02-20 02:04:17,496 - f2 - WARNING - 未提供日期区间参数
2025-02-20 02:04:18,358 - f2 - INFO - [green][  完成  ]：2025-02-10 20-27-49_理解曹操_成为曹操_超越曹操#这谁顶得住啊_video.mp4[/green]
2025-02-20 02:04:18,369 - f2 - WARNING - 未提供日期区间参数
2025-02-20 02:04:19,228 - f2 - INFO - [green][  完成  ]：2025-02-09 16-04-17_记忆越来越模糊#氛围感_#清纯甜美_#初恋_video.mp4[/green]
2025-02-20 02:04:19,236 - f2 - WARNING - 未提供日期区间参数
2025-02-20 02:04:20,668 - f2 - INFO - [green][  完成  ]：2025-02-09 10-48-47_就是这个感觉辣#感觉至上_#完美身材_#这谁顶得住啊_video.mp4[/green]
2025-02-20 02:04:20,676 - f2 - WARNING - 未提供日期区间参数
2025-02-20 02:04:21,633 - f2 - INFO - [green][  完成  ]：2025-02-08 15-52-12_幸好思念无声_可我_一直在等风来_你瞧_起风了#背影杀_#氛围感_#感觉至上_video.mp4[/green]
2025-02-20 02:04:21,643 - f2 - WARNING - 未提供日期区间参数
2025-02-20 02:04:22,424 - f2 - INFO - [green][  完成  ]：2025-02-07 21-15-25_这该怎么选#慢摇_#这谁顶得住啊_#完美身材_#感觉至上_video.mp4[/green]
2025-02-20 02:04:22,431 - f2 - WARNING - 未提供日期区间参数
2025-02-20 02:04:23,124 - f2 - INFO - [green][  完成  ]：2025-02-07 16-33-11_就是这个感觉辣#哇扣哇扣_#慢摇_#感觉至上_#你要怎么抵抗我_#这谁顶得住啊_video.mp4[/green]
2025-02-20 02:04:23,132 - f2 - WARNING - 未提供日期区间参数
2025-02-20 02:04:24,092 - f2 - INFO - [green][  完成  ]：2025-02-07 12-15-10_这有多少哒#哒哒哒_#这谁顶得住啊_video.mp4[/green]
2025-02-20 02:04:24,102 - f2 - WARNING - 未提供日期区间参数
2025-02-20 02:04:24,654 - f2 - INFO - [green][  完成  ]：2025-02-07 07-38-17_这感觉好辣#慢摇_#感觉至上_#这谁顶得住啊_#你要怎么抵抗我_#哇扣哇扣_video.mp4[/green]
2025-02-20 02:04:24,661 - f2 - WARNING - 未提供日期区间参数
2025-02-20 02:04:25,585 - f2 - INFO - [green][  完成  ]：2025-02-07 06-14-15_我就是你的好兄弟#浅跳一下_#丝滑_#慢摇_#这谁顶得住啊_#甜系女孩_video.mp4[/green]
2025-02-20 02:04:25,595 - f2 - WARNING - 未提供日期区间参数
2025-02-20 02:04:26,706 - f2 - INFO - [green][  完成  ]：2025-02-06 18-24-38_非要我学电焊_才能让你眼前一亮吗#慢摇_#丝滑_#你要怎么抵抗我_video.mp4[/green]
2025-02-20 02:04:26,714 - f2 - WARNING - 未提供日期区间参数
2025-02-20 02:04:27,360 - f2 - INFO - [green][  完成  ]：2025-02-06 09-56-28_#哇扣哇扣_#浅跳一下_#丝滑_#小妈感_#感觉至上_video.mp4[/green]
2025-02-20 02:04:27,368 - f2 - WARNING - 未提供日期区间参数
2025-02-20 02:04:30,503 - f2 - INFO - [green][  完成  ]：2025-02-05 19-47-22_你轻轻地走过那在风雨花丛中#听dj音乐做气质女人_#感觉至上_video.mp4[/green]
2025-02-20 02:04:30,510 - f2 - WARNING - 未提供日期区间参数
2025-02-20 02:04:31,507 - f2 - INFO - [green][  完成  ]：2025-02-05 16-31-09_#慢摇_#浅跳一下_#丝滑_#哇扣哇扣_video.mp4[/green]
2025-02-20 02:04:31,518 - f2 - WARNING - 未提供日期区间参数
2025-02-20 02:04:32,844 - f2 - INFO - [green][  完成  ]：2025-02-05 11-56-19_接着奏乐接着舞#气氛组就位_#一起跳舞_#这谁顶得住啊_video.mp4[/green]
2025-02-20 02:04:32,851 - f2 - WARNING - 未提供日期区间参数
2025-02-20 02:04:33,662 - f2 - INFO - [green][  完成  ]：2025-02-05 09-47-07_听dj硬曲_做气质女人#感觉至上_#小妈感_video.mp4[/green]
2025-02-20 02:04:33,669 - f2 - WARNING - 未提供日期区间参数
2025-02-20 02:04:34,268 - f2 - INFO - [green][  完成  ]：2025-02-04 16-12-52_向江南折过花对春风与红蜡#浅跳一下_#丝滑_#慢摇_#感觉至上_video.mp4[/green]
2025-02-20 02:04:34,279 - f2 - WARNING - 未提供日期区间参数
2025-02-20 02:04:35,371 - f2 - INFO - [green][  完成  ]：2025-02-04 09-13-00_有些人不会再遇见_能见一面就少一面#氛围感_#感觉至上_#关于遗憾_#清纯甜美_#回忆_video.mp4[/green]
2025-02-20 02:04:35,380 - f2 - WARNING - 未提供日期区间参数
2025-02-20 02:04:38,102 - f2 - INFO - [green][  完成  ]：2025-01-31 00-45-56_不要睡_让我们摇起来#浅跳一下_#气氛组就位_#夜生活_#一起跳舞_#感觉至上_video.mp4[/green]
2025-02-20 02:04:38,110 - f2 - WARNING - 未提供日期区间参数
2025-02-20 02:04:40,091 - f2 - INFO - [green][  完成  ]：2025-01-27 11-30-00_虚化所有人群聚焦你_video.mp4[/green]
2025-02-20 02:04:40,102 - f2 - WARNING - 未提供日期区间参数
2025-02-20 02:04:42,247 - f2 - INFO - [green][  完成  ]：2025-01-26 13-51-18_万事顺#顺风顺水顺财神_#跳这个舞就发财_video.mp4[/green]
2025-02-20 02:04:42,255 - f2 - WARNING - 未提供日期区间参数
2025-02-20 02:04:42,964 - f2 - INFO - [green][  完成  ]：2025-01-26 11-26-03_从新来过吧#氛围感_#总要和不属于自己的东西告别_video.mp4[/green]
2025-02-20 02:04:42,972 - f2 - WARNING - 未提供日期区间参数
2025-02-20 02:04:44,072 - f2 - INFO - [green][  完成  ]：2025-01-24 16-01-19_有些事情到此为止就是最好的收场#氛围感_#黑白系_video.mp4[/green]
2025-02-20 02:04:44,083 - f2 - WARNING - 未提供日期区间参数
2025-02-20 02:04:44,852 - f2 - INFO - [green][  完成  ]：2025-01-22 23-08-06_很内向_恋爱都让别人帮忙#丝滑_#浅跳一下_#这谁顶得住啊_video.mp4[/green]
2025-02-20 02:04:44,860 - f2 - WARNING - 未提供日期区间参数
2025-02-20 02:04:45,797 - f2 - INFO - [green][  完成  ]：2025-01-21 15-56-10__理解纣王_成为纣王_超越纣王_#感觉至上_video.mp4[/green]
2025-02-20 02:04:45,805 - f2 - WARNING - 未提供日期区间参数
2025-02-20 02:04:46,947 - f2 - INFO - [green][  完成  ]：2025-01-21 06-38-41_自古就是_酒养人_水养神_不到天亮不回魂_#丝滑_#感觉至上_#这谁顶得住啊_video.mp4[/green]
2025-02-20 02:04:46,958 - f2 - WARNING - 未提供日期区间参数
2025-02-20 02:04:48,036 - f2 - INFO - [green][  完成  ]：2025-01-20 21-28-09_今晚不蹦迪_马上变垃圾#慢摇_#丝滑_#感觉至上_#浅跳一下_#这谁顶得住啊_video.mp4[/green]
2025-02-20 02:04:48,044 - f2 - WARNING - 未提供日期区间参数
2025-02-20 02:04:48,821 - f2 - INFO - [green][  完成  ]：2025-01-19 23-36-13_听的不是歌_是感觉#丝滑_#慢摇_#感觉至上_video.mp4[/green]
2025-02-20 02:04:48,829 - f2 - WARNING - 未提供日期区间参数
2025-02-20 02:04:49,656 - f2 - INFO - [green][  完成  ]：2025-01-19 14-39-51_姑娘姑娘_#丝滑_#慢摇_#感觉至上_video.mp4[/green]
2025-02-20 02:04:49,667 - f2 - WARNING - 未提供日期区间参数
2025-02-20 02:04:50,480 - f2 - INFO - [green][  完成  ]：2025-01-18 15-10-09_这只是一种表情#嫌弃脸_#嫌弃的小眼神_#感觉至上_video.mp4[/green]
2025-02-20 02:04:50,487 - f2 - WARNING - 未提供日期区间参数
2025-02-20 02:04:51,319 - f2 - INFO - [green][  完成  ]：2025-01-17 14-16-44_闭上眼睛_聆听此曲_video.mp4[/green]
2025-02-20 02:04:51,327 - f2 - WARNING - 未提供日期区间参数
2025-02-20 02:04:52,352 - f2 - INFO - [green][  完成  ]：2025-01-15 20-41-13_不知是入了画境_还是从画中来到了人间#带你走进画里_#古风_#每一帧都是热爱_video.mp4[/green]
2025-02-20 02:04:52,362 - f2 - WARNING - 未提供日期区间参数
2025-02-20 02:04:53,123 - f2 - INFO - [green][  完成  ]：2025-01-15 09-56-57_喜欢是一种什么感觉呢#丝滑_#浅跳一下_#慢摇_#极品身材_#感觉至上_video.mp4[/green]
2025-02-20 02:04:53,131 - f2 - WARNING - 未提供日期区间参数
2025-02-20 02:04:54,881 - f2 - INFO - [green][  完成  ]：2025-01-14 19-20-46_人总要跟自己握不住的东西说再见#回忆#遗憾#氛围感_video.mp4[/green]
2025-02-20 02:04:54,891 - f2 - WARNING - 未提供日期区间参数
2025-02-20 02:04:55,756 - f2 - INFO - [green][  完成  ]：2025-01-13 21-45-34_是这样跳的吧#浅跳一下_video.mp4[/green]
2025-02-20 02:04:55,766 - f2 - WARNING - 未提供日期区间参数
2025-02-20 02:04:56,374 - f2 - INFO - [green][  完成  ]：2025-01-12 20-25-01_短暂得周末又要没了#丝滑_#浅跳一下_#扭一扭_video.mp4[/green]
2025-02-20 02:04:56,383 - f2 - WARNING - 未提供日期区间参数
2025-02-20 02:04:57,278 - f2 - INFO - [green][  完成  ]：2025-01-10 17-55-58_One_Two_Three_Go#丝滑_#慢摇_#浅跳一下_#感觉至上_video.mp4[/green]
2025-02-20 02:04:57,286 - f2 - WARNING - 未提供日期区间参数
2025-02-20 02:04:58,101 - f2 - INFO - [green][  完成  ]：2025-01-09 21-54-30_3_2_1_是爱的感觉吗#浅跳一下_#慢摇_#丝滑_#扭一扭_#极品身材__抖音小助手_video.mp4[/green]
2025-02-20 02:04:58,112 - f2 - WARNING - 未提供日期区间参数
2025-02-20 02:04:58,808 - f2 - INFO - [green][  完成  ]：2025-01-09 16-57-26_#浅跳一下_video.mp4[/green]
2025-02-20 02:04:58,817 - f2 - WARNING - 未提供日期区间参数
2025-02-20 02:04:59,438 - f2 - INFO - [green][  完成  ]：2025-01-09 10-59-05_你会在几秒爱上我#丝滑_#慢摇_video.mp4[/green]
2025-02-20 02:04:59,448 - f2 - WARNING - 未提供日期区间参数
2025-02-20 02:05:00,235 - f2 - INFO - [green][  完成  ]：2025-01-08 20-55-25_别眨眼哦#丝滑_#感觉至上_video.mp4[/green]
2025-02-20 02:05:00,247 - f2 - WARNING - 未提供日期区间参数
2025-02-20 02:05:01,243 - f2 - INFO - [green][  完成  ]：2025-01-06 17-59-03_跟着节奏摇起来#扭一扭_#慢摇_#丝滑_#极品身材_#这谁顶得住啊_video.mp4[/green]
2025-02-20 02:05:01,252 - f2 - WARNING - 未提供日期区间参数
2025-02-20 02:05:01,925 - f2 - INFO - [green][  完成  ]：2025-01-04 20-04-24_好不好看不重要_重要的是感觉#慢摇_#扭一扭_#丝滑_video.mp4[/green]
2025-02-20 02:05:01,934 - f2 - WARNING - 未提供日期区间参数
2025-02-20 02:05:02,769 - f2 - INFO - [green][  完成  ]：2025-01-04 10-02-23_白衣纵马风流年少_佳人倾城回眸一笑#扭一扭_#慢摇_#感觉至上_video.mp4[/green]
2025-02-20 02:05:02,781 - f2 - WARNING - 未提供日期区间参数
2025-02-20 02:05:04,012 - f2 - INFO - [green][  完成  ]：2025-01-02 19-15-53_许嵩诚不欺你#慢摇_#紫色妹妹_#极品身材_video.mp4[/green]
2025-02-20 02:05:04,021 - f2 - WARNING - 未提供日期区间参数
2025-02-20 02:05:05,135 - f2 - INFO - [green][  完成  ]：2025-01-02 13-53-53_艾特你的好兄弟来学跳舞#慢摇_#扭一扭_#极品身材_video.mp4[/green]
2025-02-20 02:05:05,143 - f2 - WARNING - 未提供日期区间参数
2025-02-20 02:05:05,949 - f2 - INFO - [green][  完成  ]：2024-12-29 08-48-24_#实名制观看_#感觉至上_#禁欲系_video.mp4[/green]
2025-02-20 02:05:05,960 - f2 - WARNING - 未提供日期区间参数
2025-02-20 02:05:07,360 - f2 - INFO - [green][  完成  ]：2024-12-28 08-37-58_#实名制观看_video.mp4[/green]
2025-02-20 02:05:07,368 - f2 - WARNING - 未提供日期区间参数
2025-02-20 02:05:08,284 - f2 - INFO - [green][  完成  ]：2024-12-27 18-58-24_最错误的决定_是把朋友发展成恋人_video.mp4[/green]
2025-02-20 02:05:08,292 - f2 - WARNING - 未提供日期区间参数
2025-02-20 02:05:09,042 - f2 - INFO - [green][  完成  ]：2024-12-26 23-17-34_不一样的唐人#慢摇_#扭一扭_#丝滑_video.mp4[/green]
2025-02-20 02:05:09,054 - f2 - WARNING - 未提供日期区间参数
2025-02-20 02:05:10,589 - f2 - INFO - [green][  完成  ]：2024-12-25 18-04-40_浮生暂寄梦中梦_世事如闻风里风_video.mp4[/green]
2025-02-20 02:05:10,597 - f2 - WARNING - 未提供日期区间参数
2025-02-20 02:05:11,849 - f2 - INFO - [green][  完成  ]：2024-12-24 17-52-53_梦中你还是当初模样#回忆_#青春_#遗憾是常有吧_video.mp4[/green]
2025-02-20 02:05:11,857 - f2 - WARNING - 未提供日期区间参数
2025-02-20 02:05:13,266 - f2 - INFO - [green][  完成  ]：2024-12-23 18-15-36_我对你的思念已经融入舞蹈里了#丝滑_video.mp4[/green]
2025-02-20 02:05:13,278 - f2 - WARNING - 未提供日期区间参数
2025-02-20 02:05:14,482 - f2 - INFO - [green][  完成  ]：2024-12-23 15-02-00_来财来财#丝滑_video.mp4[/green]
2025-02-20 02:05:14,491 - f2 - WARNING - 未提供日期区间参数
2025-02-20 02:05:15,429 - f2 - INFO - [green][  完成  ]：2024-12-21 20-15-47_艾特你列表里不会跳舞的来#丝滑_#慢摇_video.mp4[/green]
2025-02-20 02:05:15,437 - f2 - WARNING - 未提供日期区间参数
2025-02-20 02:05:16,083 - f2 - INFO - [green][  完成  ]：2024-12-20 10-11-55_偶尔人格分裂一下肿么了#丝滑_#反差_#反差转场_#反差变装_video.mp4[/green]
2025-02-20 02:05:16,095 - f2 - WARNING - 未提供日期区间参数
2025-02-20 02:05:16,749 - f2 - INFO - [green][  完成  ]：2024-12-18 12-40-05_偶尔人格分裂一下肿么啦#反差转场_video.mp4[/green]
2025-02-20 02:05:16,759 - f2 - WARNING - 未提供日期区间参数
2025-02-20 02:05:17,703 - f2 - INFO - [green][  完成  ]：2024-12-17 22-05-47_还没谈过恋爱的宝宝集合啦#甜系女孩_#超甜_#治愈系笑容_video.mp4[/green]
2025-02-20 02:05:17,712 - f2 - WARNING - 未提供日期区间参数
2025-02-20 02:05:18,380 - f2 - INFO - [green][  完成  ]：2024-12-16 20-15-04_艾特列表里和你火花最高的宝宝来跳#丝滑_#这谁顶得住啊_#慢摇_#扭一扭_video.mp4[/green]
2025-02-20 02:05:18,392 - f2 - WARNING - 未提供日期区间参数
2025-02-20 02:05:19,401 - f2 - INFO - [green][  完成  ]：2024-12-16 17-21-57__你的滑铲女孩登场_#丝滑_video.mp4[/green]
2025-02-20 02:05:19,410 - f2 - WARNING - 未提供日期区间参数
2025-02-20 02:05:20,353 - f2 - INFO - [green][  完成  ]：2024-12-15 20-01-18_你会被光所诱惑吗#APT转场_#反差#朴彩英_video.mp4[/green]
2025-02-20 02:05:20,362 - f2 - WARNING - 未提供日期区间参数
2025-02-20 02:05:21,221 - f2 - INFO - [green][  完成  ]：2024-12-15 16-54-29_艾特和你火花最高的伙伴来跳一个#你要怎么抵抗我_#御姐_#慢摇_#这谁顶得住啊_#丝滑_video.mp4[/green]
2025-02-20 02:05:21,233 - f2 - WARNING - 未提供日期区间参数
2025-02-20 02:05:22,101 - f2 - INFO - [green][  完成  ]：2024-12-14 21-43-56_听歌就是听个感觉嘛#你要怎么抵抗我_#完美身材_#御姐_#慢摇_video.mp4[/green]
2025-02-20 02:05:22,111 - f2 - WARNING - 未提供日期区间参数
2025-02-20 02:05:23,295 - f2 - INFO - [green][  完成  ]：2024-12-11 19-12-36_艾特你那逆子来看#这是缘亦是命中最美的相见_#甜系女孩_#你要怎么抵抗我_video.mp4[/green]
2025-02-20 02:05:23,305 - f2 - WARNING - 未提供日期区间参数
2025-02-20 02:05:24,429 - f2 - INFO - [green][  完成  ]：2024-12-10 21-22-46_这是缘亦是命中最美的相见#甜系女孩_#慢摇_#完美身材_#你要怎么抵抗我_video.mp4[/green]
2025-02-20 02:05:24,441 - f2 - WARNING - 未提供日期区间参数
2025-02-20 02:05:25,264 - f2 - INFO - [green][  完成  ]：2024-12-07 16-50-41_别眨眼哦#卡点#纯欲_#感觉至上_video.mp4[/green]
2025-02-20 02:05:25,275 - f2 - WARNING - 未提供日期区间参数
2025-02-20 02:05:26,410 - f2 - INFO - [green][  完成  ]：2024-12-06 15-33-08_这是缘亦是梦中最美的相见#甜系女孩_#甜妹_#御姐_#你要怎么抵抗我_video.mp4[/green]
2025-02-20 02:05:26,419 - f2 - WARNING - 未提供日期区间参数
2025-02-20 02:05:27,789 - f2 - INFO - [green][  完成  ]：2024-12-05 18-21-06_得不到的在骚动_被爱的有恃无恐#爱的尽头是什么#所以爱的尽头是什么_video.mp4[/green]
2025-02-20 02:05:27,802 - f2 - WARNING - 未提供日期区间参数
2025-02-20 02:05:28,703 - f2 - INFO - [green][  完成  ]：2024-11-28 07-25-22_我们却默契保持在左右_不像恋人胜过朋友#歌曲哇哦是我#封茗囧菌_video.mp4[/green]
2025-02-20 02:05:28,712 - f2 - WARNING - 未提供日期区间参数
2025-02-20 02:05:29,479 - f2 - INFO - [green][  完成  ]：2024-11-27 08-17-46__从新开始吧_不是重新开始_#回忆杀_#氛围感#甜妹_video.mp4[/green]
2025-02-20 02:05:29,489 - f2 - WARNING - 未提供日期区间参数
2025-02-20 02:05:30,705 - f2 - INFO - [green][  完成  ]：2024-11-19 17-13-15_唯一纯白的茉莉花#氛围感_#感觉至上_video.mp4[/green]
2025-02-20 02:05:30,718 - f2 - WARNING - 未提供日期区间参数
2025-02-20 02:05:32,472 - f2 - INFO - [green][  完成  ]：2024-11-17 15-29-42_剑谱最终章_无爱即是神#御姐_#黑色系_#剑谱最终页无爱即是神_video.mp4[/green]
2025-02-20 02:05:32,481 - f2 - WARNING - 未提供日期区间参数
2025-02-20 02:05:33,703 - f2 - INFO - [green][  完成  ]：2024-11-13 19-53-03_不怕新歌没人追_就怕老歌带dj#黑色系_#御姐_#感觉至上_video.mp4[/green]
2025-02-20 02:05:33,715 - f2 - WARNING - 未提供日期区间参数
2025-02-20 02:05:34,547 - f2 - INFO - [green][  完成  ]：2024-09-11 14-28-38_转身又是一阵心痛#遗憾是常有吧_#模糊镜头_video.mp4[/green]
