2025-02-20 01:55:36,333 - f2 - INFO - 处理用户：MS4wLjABAAAANIlHeReeGuBnB18hIR_LaOFu9-t7c87rbKtcsk_oP-g 发布的作品
2025-02-20 01:56:10,020 - f2 - INFO - 等待 10 秒后继续
2025-02-20 01:56:20,914 - f2 - WARNING - 未提供日期区间参数
2025-02-20 01:56:21,622 - f2 - INFO - [green][  完成  ]：2025-01-19 07-09-02_我其实每天都很焦虑_但是我的屌丝性格跟一脸无所谓的样子弥补了我慌张的神情_所以让别人都以为我每天日子过得蛮悠闲_6女士_#反差......我其实每天都很焦虑_但是我的屌丝性格跟一脸无所谓的样子弥补了我慌张的神情_所以让别人都以为我每天日子过得蛮悠闲_6女士_#反差_video.mp4[/green]
2025-02-20 01:56:21,637 - f2 - WARNING - 未提供日期区间参数
2025-02-20 01:56:21,965 - f2 - INFO - [green][  完成  ]：2025-01-09 04-44-26_爱我眼下的痣_也要爱我的一切_6女士_#反差_video.mp4[/green]
2025-02-20 01:56:21,972 - f2 - WARNING - 未提供日期区间参数
2025-02-20 01:56:22,288 - f2 - INFO - [green][  完成  ]：2024-12-24 15-06-41_富贵我就淫_贫贱我就移_威武我就屈_色诱我就从_6女士_#反差_video.mp4[/green]
2025-02-20 01:56:22,295 - f2 - WARNING - 未提供日期区间参数
2025-02-20 01:56:22,682 - f2 - INFO - [green][  完成  ]：2025-02-18 11-29-07_什么吃苦耐劳不如吃顿麦当劳_6女士_#反差_video.mp4[/green]
2025-02-20 01:56:22,690 - f2 - WARNING - 未提供日期区间参数
2025-02-20 01:56:22,990 - f2 - INFO - [green][  完成  ]：2025-02-18 06-10-07_怎么回我又突然不理我了_你老婆看你手机了吗_6女士_#反差_video.mp4[/green]
2025-02-20 01:56:22,998 - f2 - WARNING - 未提供日期区间参数
2025-02-20 01:56:23,285 - f2 - INFO - [green][  完成  ]：2025-02-18 05-38-24_在哪里跌倒就在哪里烧烤_6女士_#反差_video.mp4[/green]
2025-02-20 01:56:23,293 - f2 - WARNING - 未提供日期区间参数
2025-02-20 01:56:23,566 - f2 - INFO - [green][  完成  ]：2025-02-14 18-59-08_现在才知道那年你说的无条件对我好_是无经济条件_6女士_video.mp4[/green]
2025-02-20 01:56:23,574 - f2 - WARNING - 未提供日期区间参数
2025-02-20 01:56:23,897 - f2 - INFO - [green][  完成  ]：2025-02-13 23-31-30_来不及了_情人节快到了_五块钱雇一个人喜欢我_再贵付不起了_6女士_#情人节_video.mp4[/green]
2025-02-20 01:56:23,905 - f2 - WARNING - 未提供日期区间参数
2025-02-20 01:56:24,194 - f2 - INFO - [green][  完成  ]：2025-02-13 22-53-29_见最后一面有什么意义呢_一个泪流满面_一个无动于衷_6女士_#反差_video.mp4[/green]
2025-02-20 01:56:24,202 - f2 - WARNING - 未提供日期区间参数
2025-02-20 01:56:24,470 - f2 - INFO - [green][  完成  ]：2025-02-12 22-07-19_可以别和她讲话吗我带帽子不好看_6女士_#反差_video.mp4[/green]
2025-02-20 01:56:24,478 - f2 - WARNING - 未提供日期区间参数
2025-02-20 01:56:24,746 - f2 - INFO - [green][  完成  ]：2025-02-11 17-11-45_回复__123木头人的评论_现在呢_6女士_#反差_video.mp4[/green]
2025-02-20 01:56:24,753 - f2 - WARNING - 未提供日期区间参数
2025-02-20 01:56:25,049 - f2 - INFO - [green][  完成  ]：2025-02-10 21-14-58_我真不是自愿的_6女士_#反差_video.mp4[/green]
2025-02-20 01:56:25,056 - f2 - WARNING - 未提供日期区间参数
2025-02-20 01:56:25,324 - f2 - INFO - [green][  完成  ]：2025-02-10 20-39-16_那晚你跟我聊到凌晨_我以为你心里也有我_后来才知道你在美国_6女士_#反差_video.mp4[/green]
2025-02-20 01:56:25,331 - f2 - WARNING - 未提供日期区间参数
2025-02-20 01:56:25,608 - f2 - INFO - [green][  完成  ]：2025-02-09 12-25-47_你在摸我大腿的时候_我在心疼你手上的茧_6女士_#反差_video.mp4[/green]
2025-02-20 01:56:25,615 - f2 - WARNING - 未提供日期区间参数
2025-02-20 01:56:25,919 - f2 - INFO - [green][  完成  ]：2025-02-08 23-02-56_你只要围着我转就好了_6女士_#反差_video.mp4[/green]
2025-02-20 01:56:25,927 - f2 - WARNING - 未提供日期区间参数
2025-02-20 01:56:26,272 - f2 - INFO - [green][  完成  ]：2025-02-07 17-17-18_你的意思是_把钱都给她了_把爱都给我了是吗_6女士_#反差_video.mp4[/green]
2025-02-20 01:56:26,280 - f2 - WARNING - 未提供日期区间参数
2025-02-20 01:56:26,578 - f2 - INFO - [green][  完成  ]：2025-02-05 22-47-16_天塌下来就当被子盖了_6女士_#反差_video.mp4[/green]
2025-02-20 01:56:26,585 - f2 - WARNING - 未提供日期区间参数
2025-02-20 01:56:26,610 - f2 - INFO - [cyan][  跳过  ]: 2025-02-05 12-25-36_好事多磨_怎么真把我当驴使了_6女士_#反差_video.mp4[/cyan]
2025-02-20 01:56:26,825 - f2 - WARNING - 未提供日期区间参数
2025-02-20 01:56:27,125 - f2 - INFO - [green][  完成  ]：2025-01-28 22-44-16_老公我有手有脚_日子过的不好我自己会跑的_6女士_#反差_video.mp4[/green]
2025-02-20 01:56:27,133 - f2 - WARNING - 未提供日期区间参数
2025-02-20 01:56:27,404 - f2 - INFO - [green][  完成  ]：2025-01-27 21-25-23_喜欢黑丝就不要招惹我们土豆丝_6女士_#反差_video.mp4[/green]
2025-02-20 01:56:27,414 - f2 - WARNING - 未提供日期区间参数
2025-02-20 01:56:27,726 - f2 - INFO - [green][  完成  ]：2025-01-26 12-51-24_#ikf耳夹式耳机#ikfairclip_video.mp4[/green]
2025-02-20 01:56:27,734 - f2 - WARNING - 未提供日期区间参数
2025-02-20 01:56:28,038 - f2 - INFO - [green][  完成  ]：2025-01-26 08-05-32_他说他想谈两个_我同意了_结果两个都不是我_6女士_#反差_video.mp4[/green]
2025-02-20 01:56:28,047 - f2 - WARNING - 未提供日期区间参数
2025-02-20 01:56:29,090 - f2 - INFO - [green][  完成  ]：2025-01-25 13-42-25_惹我是吧_算你会挑软柿子_6女士_#反差_video.mp4[/green]
2025-02-20 01:56:29,097 - f2 - WARNING - 未提供日期区间参数
2025-02-20 01:56:29,417 - f2 - INFO - [green][  完成  ]：2025-01-24 20-32-07_可以别和她讲话吗我带帽子不好看_6女士_#反差_video.mp4[/green]
2025-02-20 01:56:29,425 - f2 - WARNING - 未提供日期区间参数
2025-02-20 01:56:29,720 - f2 - INFO - [green][  完成  ]：2025-01-24 18-48-14_受委屈了就找我_你可以向我倾诉你任何人_我会一直在_你不用担心有人会烦你_大概有人会可我不会_我希望你不要把我当做外人_我也希望我是你重要的人_你可以什么事给我说_不要自己一个人受委屈我心......倾诉你任何人_我会一直在_你不用担心有人会烦你_大概有人会可我不会_我希望你不要把我当做外人_我也希望我是你重要的人_你可以什么事给我说_不要自己一个人受委屈我心疼_6女士_#反差_#甜妹_video.mp4[/green]
2025-02-20 01:56:29,730 - f2 - WARNING - 未提供日期区间参数
2025-02-20 01:56:30,045 - f2 - INFO - [green][  完成  ]：2025-01-24 14-59-15_感情淡了我们再培养_无话可说了我们就再去找话题_觉得腻了我们重新认识_要是累了就给彼此空间_人潮汹涌的_遇到你也不容易_也不想再推开了_我希望你也这样想_6女士_#反差......感情淡了我们再培养_无话可说了我们就再去找话题_觉得腻了我们重新认识_要是累了就给彼此空间_人潮汹涌的_遇到你也不容易_也不想再推开了_我希望你也这样想_6女士_#反差_video.mp4[/green]
2025-02-20 01:56:30,054 - f2 - WARNING - 未提供日期区间参数
2025-02-20 01:56:30,475 - f2 - INFO - [green][  完成  ]：2025-01-24 00-43-08_我总是喜欢凶凶你骂骂你气气你_即使这样你还是一直在我身边_所以像你这样的男孩子_我会喜欢你好久好久_6女士_#反差_#甜妹......我总是喜欢凶凶你骂骂你气气你_即使这样你还是一直在我身边_所以像你这样的男孩子_我会喜欢你好久好久_6女士_#反差_#甜妹_video.mp4[/green]
2025-02-20 01:56:30,485 - f2 - WARNING - 未提供日期区间参数
2025-02-20 01:56:30,776 - f2 - INFO - [green][  完成  ]：2025-01-23 20-17-59_有些压力很正常_说出来总会好受一点_无论发生什么我都会站在你身边偏向你_不要把所有的压力和不开心都悄无声息的消化_6女士_#反差......有些压力很正常_说出来总会好受一点_无论发生什么我都会站在你身边偏向你_不要把所有的压力和不开心都悄无声息的消化_6女士_#反差_video.mp4[/green]
2025-02-20 01:56:30,785 - f2 - WARNING - 未提供日期区间参数
2025-02-20 01:56:31,130 - f2 - INFO - [green][  完成  ]：2025-01-22 15-31-01_如果有老公_谁又想打工_6女士_#反差_video.mp4[/green]
2025-02-20 01:56:31,138 - f2 - WARNING - 未提供日期区间参数
2025-02-20 01:56:31,459 - f2 - INFO - [green][  完成  ]：2025-01-15 13-21-18_我特别喜欢你主动的感觉_因为这样我才能确定你不嫌我烦_6女士_#反差_video.mp4[/green]
2025-02-20 01:57:10,227 - f2 - INFO - 处理用户：MS4wLjABAAAANIlHeReeGuBnB18hIR_LaOFu9-t7c87rbKtcsk_oP-g 发布的作品
2025-02-20 01:57:11,705 - f2 - INFO - 等待 10 秒后继续
2025-02-20 01:57:22,647 - f2 - INFO - 等待 10 秒后继续
2025-02-20 01:57:33,658 - f2 - INFO - 等待 10 秒后继续
2025-02-20 01:57:45,094 - f2 - INFO - 等待 10 秒后继续
2025-02-20 01:57:55,929 - f2 - INFO - 第 1664502417000 页没有找到作品
2025-02-20 01:57:55,937 - f2 - INFO - 用户: MS4wLjABAAAANIlHeReeGuBnB18hIR_LaOFu9-t7c87rbKtcsk_oP-g 所有作品采集完毕
2025-02-20 01:57:55,939 - f2 - INFO - 结束处理用户发布的作品，共处理 77 个作品
2025-02-20 01:57:56,220 - f2 - ERROR - 请前往QA文档 https://f2.wiki/faq 查看相关帮助
2025-02-20 01:57:56,224 - f2 - ERROR - Bark 通知发送失败，请检查 key 和网络连接：HTTP状态码错误： Status Code: 404
