2025-02-20 01:29:23,503 - f2 - INFO - 处理用户：MS4wLjABAAAANIlHeReeGuBnB18hIR_LaOFu9-t7c87rbKtcsk_oP-g 发布的作品
2025-02-20 01:30:20,238 - f2 - WARNING - 未提供日期区间参数
2025-02-20 01:30:20,829 - f2 - INFO - [green][  完成  ]：2024-12-24 15-06-41_富贵我就淫_贫贱我就移_威武我就屈_色诱我就从_6女士_#反差_video.mp4[/green]
2025-02-20 01:30:20,853 - f2 - INFO - [green][  完成  ]：2025-01-09 04-44-26_爱我眼下的痣_也要爱我的一切_6女士_#反差_video.mp4[/green]
2025-02-20 01:30:20,883 - f2 - INFO - [green][  完成  ]：2025-02-18 05-38-24_在哪里跌倒就在哪里烧烤_6女士_#反差_video.mp4[/green]
2025-02-20 01:30:20,918 - f2 - INFO - [green][  完成  ]：2025-02-18 11-29-07_什么吃苦耐劳不如吃顿麦当劳_6女士_#反差_video.mp4[/green]
2025-02-20 01:30:21,003 - f2 - INFO - [green][  完成  ]：2025-02-14 18-59-08_现在才知道那年你说的无条件对我好_是无经济条件_6女士_video.mp4[/green]
2025-02-20 01:30:21,027 - f2 - INFO - [green][  完成  ]：2025-02-18 06-10-07_怎么回我又突然不理我了_你老婆看你手机了吗_6女士_#反差_video.mp4[/green]
2025-02-20 01:30:21,075 - f2 - INFO - [green][  完成  ]：2025-01-19 07-09-02_我其实每天都很焦虑_但是我的屌丝性格跟一脸无所谓的样子弥补了我慌张的神情_所以让别人都以为我每天日子过得蛮悠闲_6女士_#反差......我其实每天都很焦虑_但是我的屌丝性格跟一脸无所谓的样子弥补了我慌张的神情_所以让别人都以为我每天日子过得蛮悠闲_6女士_#反差_video.mp4[/green]
2025-02-20 01:30:21,174 - f2 - INFO - [green][  完成  ]：2025-02-13 22-53-29_见最后一面有什么意义呢_一个泪流满面_一个无动于衷_6女士_#反差_video.mp4[/green]
2025-02-20 01:30:21,216 - f2 - INFO - [green][  完成  ]：2025-02-13 23-31-30_来不及了_情人节快到了_五块钱雇一个人喜欢我_再贵付不起了_6女士_#情人节_video.mp4[/green]
2025-02-20 01:30:21,257 - f2 - INFO - [green][  完成  ]：2025-02-11 17-11-45_回复__123木头人的评论_现在呢_6女士_#反差_video.mp4[/green]
2025-02-20 01:30:21,273 - f2 - INFO - [green][  完成  ]：2025-02-12 22-07-19_可以别和她讲话吗我带帽子不好看_6女士_#反差_video.mp4[/green]
2025-02-20 01:30:21,327 - f2 - INFO - [green][  完成  ]：2025-02-10 21-14-58_我真不是自愿的_6女士_#反差_video.mp4[/green]
2025-02-20 01:30:21,357 - f2 - INFO - [green][  完成  ]：2025-02-10 20-39-16_那晚你跟我聊到凌晨_我以为你心里也有我_后来才知道你在美国_6女士_#反差_video.mp4[/green]
2025-02-20 01:30:21,416 - f2 - INFO - [green][  完成  ]：2025-02-09 12-25-47_你在摸我大腿的时候_我在心疼你手上的茧_6女士_#反差_video.mp4[/green]
2025-02-20 01:30:21,538 - f2 - INFO - [green][  完成  ]：2025-02-08 23-02-56_你只要围着我转就好了_6女士_#反差_video.mp4[/green]
2025-02-20 01:30:21,622 - f2 - INFO - [green][  完成  ]：2025-02-07 17-17-18_你的意思是_把钱都给她了_把爱都给我了是吗_6女士_#反差_video.mp4[/green]
2025-02-20 01:30:21,636 - f2 - INFO - [green][  完成  ]：2025-02-05 22-47-16_天塌下来就当被子盖了_6女士_#反差_video.mp4[/green]
2025-02-20 01:30:21,673 - f2 - INFO - [green][  完成  ]：2025-01-28 22-44-16_老公我有手有脚_日子过的不好我自己会跑的_6女士_#反差_video.mp4[/green]
2025-02-20 01:30:21,691 - f2 - INFO - [green][  完成  ]：2025-02-05 12-25-36_好事多磨_怎么真把我当驴使了_6女士_#反差_video.mp4[/green]
2025-02-20 01:30:21,701 - f2 - INFO - [green][  完成  ]：2025-01-27 21-25-23_喜欢黑丝就不要招惹我们土豆丝_6女士_#反差_video.mp4[/green]
2025-02-20 01:30:21,816 - f2 - INFO - [green][  完成  ]：2025-01-26 12-51-24_#ikf耳夹式耳机#ikfairclip_video.mp4[/green]
2025-02-20 01:30:21,844 - f2 - INFO - [green][  完成  ]：2025-01-26 08-05-32_他说他想谈两个_我同意了_结果两个都不是我_6女士_#反差_video.mp4[/green]
