2025-02-20 01:15:38,215 - f2 - INFO - 处理用户：MS4wLjABAAAANIlHeReeGuBnB18hIR_LaOFu9-t7c87rbKtcsk_oP-g 发布的作品
2025-02-20 01:15:43,519 - f2 - INFO - 等待 10 秒后继续
2025-02-20 01:15:59,442 - f2 - WARNING - 未提供日期区间参数
2025-02-20 01:15:59,880 - f2 - INFO - [7462364457491107129] 非实况图集，跳过实况下载
2025-02-20 01:15:59,918 - f2 - INFO - [7458203566440713532] 非实况图集，跳过实况下载
2025-02-20 01:16:00,334 - f2 - INFO - [green][  完成  ]：2024-12-24 15-06-41_富贵我就淫_贫贱我就移_威武我就屈_色诱我就从_6女士_#反差_video.mp4[/green]
2025-02-20 01:16:00,370 - f2 - INFO - [green][  完成  ]：2025-01-09 04-44-26_爱我眼下的痣_也要爱我的一切_6女士_#反差_video.mp4[/green]
2025-02-20 01:16:00,434 - f2 - INFO - [green][  完成  ]：2025-02-18 06-10-07_怎么回我又突然不理我了_你老婆看你手机了吗_6女士_#反差_video.mp4[/green]
2025-02-20 01:16:00,544 - f2 - INFO - [green][  完成  ]：2025-02-18 11-29-07_什么吃苦耐劳不如吃顿麦当劳_6女士_#反差_video.mp4[/green]
2025-02-20 01:16:00,609 - f2 - INFO - [green][  完成  ]：2025-02-18 05-38-24_在哪里跌倒就在哪里烧烤_6女士_#反差_video.mp4[/green]
2025-02-20 01:16:00,638 - f2 - INFO - [green][  完成  ]：2025-02-14 18-59-08_现在才知道那年你说的无条件对我好_是无经济条件_6女士_video.mp4[/green]
2025-02-20 01:16:00,795 - f2 - INFO - [green][  完成  ]：2025-01-19 07-09-02_我其实每天都很焦虑_但是我的屌丝性格跟一脸无所谓的样子弥补了我慌张的神情_所以让别人都以为我每天日子过得蛮悠闲_6女士_#反差......我其实每天都很焦虑_但是我的屌丝性格跟一脸无所谓的样子弥补了我慌张的神情_所以让别人都以为我每天日子过得蛮悠闲_6女士_#反差_video.mp4[/green]
2025-02-20 01:16:00,957 - f2 - INFO - [green][  完成  ]：2025-02-12 22-07-19_可以别和她讲话吗我带帽子不好看_6女士_#反差_video.mp4[/green]
2025-02-20 01:16:00,986 - f2 - INFO - [green][  完成  ]：2025-02-13 22-53-29_见最后一面有什么意义呢_一个泪流满面_一个无动于衷_6女士_#反差_video.mp4[/green]
2025-02-20 01:16:01,044 - f2 - INFO - [green][  完成  ]：2025-02-13 23-31-30_来不及了_情人节快到了_五块钱雇一个人喜欢我_再贵付不起了_6女士_#情人节_video.mp4[/green]
2025-02-20 01:16:01,093 - f2 - INFO - [green][  完成  ]：2025-02-11 17-11-45_回复__123木头人的评论_现在呢_6女士_#反差_video.mp4[/green]
2025-02-20 01:16:01,130 - f2 - INFO - [green][  完成  ]：2025-02-10 21-14-58_我真不是自愿的_6女士_#反差_video.mp4[/green]
2025-02-20 01:16:01,235 - f2 - INFO - [green][  完成  ]：2025-02-10 20-39-16_那晚你跟我聊到凌晨_我以为你心里也有我_后来才知道你在美国_6女士_#反差_video.mp4[/green]
2025-02-20 01:16:01,363 - f2 - INFO - [green][  完成  ]：2025-02-09 12-25-47_你在摸我大腿的时候_我在心疼你手上的茧_6女士_#反差_video.mp4[/green]
2025-02-20 01:16:01,462 - f2 - INFO - [green][  完成  ]：2025-01-31 01-14-17_新的剧本以爱自己为主线_6女士_#生活碎片_#实况照片_live_1.mp4[/green]
2025-02-20 01:16:01,564 - f2 - INFO - [green][  完成  ]：2025-02-08 23-02-56_你只要围着我转就好了_6女士_#反差_video.mp4[/green]
2025-02-20 01:16:01,617 - f2 - INFO - [green][  完成  ]：2025-01-31 01-14-17_新的剧本以爱自己为主线_6女士_#生活碎片_#实况照片_live_2.mp4[/green]
2025-02-20 01:16:01,654 - f2 - INFO - [green][  完成  ]：2025-02-07 17-17-18_你的意思是_把钱都给她了_把爱都给我了是吗_6女士_#反差_video.mp4[/green]
2025-02-20 01:16:01,671 - f2 - INFO - [green][  完成  ]：2025-02-05 22-47-16_天塌下来就当被子盖了_6女士_#反差_video.mp4[/green]
2025-02-20 01:16:01,713 - f2 - INFO - [green][  完成  ]：2025-01-31 01-14-17_新的剧本以爱自己为主线_6女士_#生活碎片_#实况照片_live_3.mp4[/green]
2025-02-20 01:16:01,781 - f2 - INFO - [green][  完成  ]：2025-01-31 01-14-17_新的剧本以爱自己为主线_6女士_#生活碎片_#实况照片_live_4.mp4[/green]
2025-02-20 01:16:01,810 - f2 - INFO - [green][  完成  ]：2025-02-05 12-25-36_好事多磨_怎么真把我当驴使了_6女士_#反差_video.mp4[/green]
2025-02-20 01:16:01,882 - f2 - INFO - [green][  完成  ]：2025-01-31 01-14-17_新的剧本以爱自己为主线_6女士_#生活碎片_#实况照片_live_5.mp4[/green]
2025-02-20 01:16:01,924 - f2 - INFO - [green][  完成  ]：2025-01-31 01-14-17_新的剧本以爱自己为主线_6女士_#生活碎片_#实况照片_live_6.mp4[/green]
2025-02-20 01:16:01,983 - f2 - INFO - [green][  完成  ]：2025-01-31 01-14-17_新的剧本以爱自己为主线_6女士_#生活碎片_#实况照片_live_8.mp4[/green]
2025-02-20 01:16:02,038 - f2 - INFO - [green][  完成  ]：2025-01-31 01-14-17_新的剧本以爱自己为主线_6女士_#生活碎片_#实况照片_live_7.mp4[/green]
2025-02-20 01:16:02,058 - f2 - INFO - [green][  完成  ]：2025-01-31 01-14-17_新的剧本以爱自己为主线_6女士_#生活碎片_#实况照片_live_9.mp4[/green]
2025-02-20 01:16:02,091 - f2 - INFO - [green][  完成  ]：2025-01-31 01-14-17_新的剧本以爱自己为主线_6女士_#生活碎片_#实况照片_live_10.mp4[/green]
2025-02-20 01:16:02,129 - f2 - INFO - [green][  完成  ]：2025-01-31 01-14-17_新的剧本以爱自己为主线_6女士_#生活碎片_#实况照片_live_11.mp4[/green]
2025-02-20 01:16:02,192 - f2 - INFO - [green][  完成  ]：2025-01-31 01-14-17_新的剧本以爱自己为主线_6女士_#生活碎片_#实况照片_live_12.mp4[/green]
2025-02-20 01:16:02,241 - f2 - INFO - [green][  完成  ]：2025-01-31 01-14-17_新的剧本以爱自己为主线_6女士_#生活碎片_#实况照片_live_13.mp4[/green]
2025-02-20 01:16:02,313 - f2 - INFO - [green][  完成  ]：2025-01-31 01-14-17_新的剧本以爱自己为主线_6女士_#生活碎片_#实况照片_live_14.mp4[/green]
2025-02-20 01:16:02,353 - f2 - INFO - [green][  完成  ]：2025-01-31 01-14-17_新的剧本以爱自己为主线_6女士_#生活碎片_#实况照片_live_15.mp4[/green]
2025-02-20 01:16:02,394 - f2 - INFO - [green][  完成  ]：2025-01-31 01-14-17_新的剧本以爱自己为主线_6女士_#生活碎片_#实况照片_live_16.mp4[/green]
2025-02-20 01:16:02,400 - f2 - INFO - [green][  完成  ]：2025-01-31 01-14-17_新的剧本以爱自己为主线_6女士_#生活碎片_#实况照片_live_17.mp4[/green]
2025-02-20 01:16:02,462 - f2 - INFO - [green][  完成  ]：2025-01-31 01-14-17_新的剧本以爱自己为主线_6女士_#生活碎片_#实况照片_live_18.mp4[/green]
2025-02-20 01:16:02,525 - f2 - INFO - [green][  完成  ]：2025-01-31 01-14-17_新的剧本以爱自己为主线_6女士_#生活碎片_#实况照片_live_19.mp4[/green]
2025-02-20 01:16:02,590 - f2 - INFO - [green][  完成  ]：2025-01-31 01-14-17_新的剧本以爱自己为主线_6女士_#生活碎片_#实况照片_live_20.mp4[/green]
2025-02-20 01:16:02,624 - f2 - INFO - [green][  完成  ]：2025-01-31 01-14-17_新的剧本以爱自己为主线_6女士_#生活碎片_#实况照片_live_21.mp4[/green]
2025-02-20 01:16:02,659 - f2 - INFO - [green][  完成  ]：2025-01-31 01-14-17_新的剧本以爱自己为主线_6女士_#生活碎片_#实况照片_live_22.mp4[/green]
2025-02-20 01:16:02,734 - f2 - INFO - [green][  完成  ]：2025-01-31 01-14-17_新的剧本以爱自己为主线_6女士_#生活碎片_#实况照片_live_24.mp4[/green]
2025-02-20 01:16:02,773 - f2 - INFO - [green][  完成  ]：2025-01-31 01-14-17_新的剧本以爱自己为主线_6女士_#生活碎片_#实况照片_live_23.mp4[/green]
2025-02-20 01:16:02,802 - f2 - INFO - [green][  完成  ]：2025-01-31 01-14-17_新的剧本以爱自己为主线_6女士_#生活碎片_#实况照片_live_25.mp4[/green]
2025-02-20 01:16:02,862 - f2 - INFO - [green][  完成  ]：2025-01-31 01-14-17_新的剧本以爱自己为主线_6女士_#生活碎片_#实况照片_live_26.mp4[/green]
2025-02-20 01:16:02,908 - f2 - INFO - [green][  完成  ]：2025-01-31 01-14-17_新的剧本以爱自己为主线_6女士_#生活碎片_#实况照片_live_27.mp4[/green]
2025-02-20 01:16:02,941 - f2 - INFO - [green][  完成  ]：2025-01-31 01-14-17_新的剧本以爱自己为主线_6女士_#生活碎片_#实况照片_live_28.mp4[/green]
2025-02-20 01:16:02,984 - f2 - INFO - [green][  完成  ]：2025-01-31 01-14-17_新的剧本以爱自己为主线_6女士_#生活碎片_#实况照片_live_29.mp4[/green]
2025-02-20 01:16:03,050 - f2 - INFO - [green][  完成  ]：2025-01-31 01-14-17_新的剧本以爱自己为主线_6女士_#生活碎片_#实况照片_live_30.mp4[/green]
2025-02-20 01:16:03,091 - f2 - INFO - [green][  完成  ]：2025-01-31 01-14-17_新的剧本以爱自己为主线_6女士_#生活碎片_#实况照片_live_31.mp4[/green]
2025-02-20 01:16:03,123 - f2 - INFO - [green][  完成  ]：2025-01-31 01-14-17_新的剧本以爱自己为主线_6女士_#生活碎片_#实况照片_live_32.mp4[/green]
2025-02-20 01:16:03,168 - f2 - INFO - [green][  完成  ]：2025-01-31 01-14-17_新的剧本以爱自己为主线_6女士_#生活碎片_#实况照片_live_33.mp4[/green]
2025-02-20 01:16:03,271 - f2 - INFO - [green][  完成  ]：2025-01-31 01-14-17_新的剧本以爱自己为主线_6女士_#生活碎片_#实况照片_live_34.mp4[/green]
2025-02-20 01:16:03,299 - f2 - INFO - [green][  完成  ]：2025-01-31 01-14-17_新的剧本以爱自己为主线_6女士_#生活碎片_#实况照片_live_35.mp4[/green]
2025-02-20 01:16:03,336 - f2 - INFO - [green][  完成  ]：2025-01-31 01-14-17_新的剧本以爱自己为主线_6女士_#生活碎片_#实况照片_live_36.mp4[/green]
2025-02-20 01:16:03,403 - f2 - INFO - [green][  完成  ]：2025-01-31 01-14-17_新的剧本以爱自己为主线_6女士_#生活碎片_#实况照片_live_37.mp4[/green]
2025-02-20 01:16:03,428 - f2 - INFO - [green][  完成  ]：2025-01-31 01-14-17_新的剧本以爱自己为主线_6女士_#生活碎片_#实况照片_live_38.mp4[/green]
2025-02-20 01:16:03,481 - f2 - INFO - [green][  完成  ]：2025-01-31 01-14-17_新的剧本以爱自己为主线_6女士_#生活碎片_#实况照片_live_39.mp4[/green]
2025-02-20 01:16:03,507 - f2 - INFO - [green][  完成  ]：2025-01-31 01-14-17_新的剧本以爱自己为主线_6女士_#生活碎片_#实况照片_live_40.mp4[/green]
2025-02-20 01:16:03,612 - f2 - INFO - [green][  完成  ]：2025-01-31 01-14-17_新的剧本以爱自己为主线_6女士_#生活碎片_#实况照片_live_42.mp4[/green]
2025-02-20 01:16:03,651 - f2 - INFO - [green][  完成  ]：2025-01-31 01-14-17_新的剧本以爱自己为主线_6女士_#生活碎片_#实况照片_live_41.mp4[/green]
2025-02-20 01:16:03,678 - f2 - INFO - [green][  完成  ]：2025-01-31 01-14-17_新的剧本以爱自己为主线_6女士_#生活碎片_#实况照片_live_43.mp4[/green]
2025-02-20 01:16:03,728 - f2 - INFO - [green][  完成  ]：2025-01-31 01-14-17_新的剧本以爱自己为主线_6女士_#生活碎片_#实况照片_live_44.mp4[/green]
2025-02-20 01:16:03,767 - f2 - INFO - [green][  完成  ]：2025-01-31 01-14-17_新的剧本以爱自己为主线_6女士_#生活碎片_#实况照片_live_45.mp4[/green]
2025-02-20 01:16:03,838 - f2 - INFO - [green][  完成  ]：2025-01-31 01-14-17_新的剧本以爱自己为主线_6女士_#生活碎片_#实况照片_live_46.mp4[/green]
2025-02-20 01:16:03,877 - f2 - INFO - [green][  完成  ]：2025-01-31 01-14-17_新的剧本以爱自己为主线_6女士_#生活碎片_#实况照片_live_47.mp4[/green]
2025-02-20 01:16:03,995 - f2 - INFO - [green][  完成  ]：2025-01-31 01-14-17_新的剧本以爱自己为主线_6女士_#生活碎片_#实况照片_live_49.mp4[/green]
2025-02-20 01:16:04,015 - f2 - INFO - [green][  完成  ]：2025-01-31 01-14-17_新的剧本以爱自己为主线_6女士_#生活碎片_#实况照片_live_48.mp4[/green]
2025-02-20 01:16:04,020 - f2 - INFO - [green][  完成  ]：2025-01-31 01-14-17_新的剧本以爱自己为主线_6女士_#生活碎片_#实况照片_live_50.mp4[/green]
2025-02-20 01:16:04,073 - f2 - INFO - [green][  完成  ]：2025-01-31 01-14-17_新的剧本以爱自己为主线_6女士_#生活碎片_#实况照片_live_51.mp4[/green]
2025-02-20 01:16:04,149 - f2 - INFO - [green][  完成  ]：2025-01-31 01-14-17_新的剧本以爱自己为主线_6女士_#生活碎片_#实况照片_live_52.mp4[/green]
2025-02-20 01:16:04,168 - f2 - INFO - [green][  完成  ]：2025-01-31 01-14-17_新的剧本以爱自己为主线_6女士_#生活碎片_#实况照片_live_53.mp4[/green]
2025-02-20 01:16:04,220 - f2 - INFO - [green][  完成  ]：2025-01-31 01-14-17_新的剧本以爱自己为主线_6女士_#生活碎片_#实况照片_live_54.mp4[/green]
2025-02-20 01:16:04,383 - f2 - INFO - [green][  完成  ]：2025-01-31 01-14-17_新的剧本以爱自己为主线_6女士_#生活碎片_#实况照片_live_55.mp4[/green]
2025-02-20 01:16:04,400 - f2 - INFO - [green][  完成  ]：2025-01-31 01-14-17_新的剧本以爱自己为主线_6女士_#生活碎片_#实况照片_live_57.mp4[/green]
2025-02-20 01:16:04,419 - f2 - INFO - [green][  完成  ]：2025-01-31 01-14-17_新的剧本以爱自己为主线_6女士_#生活碎片_#实况照片_live_56.mp4[/green]
2025-02-20 01:16:04,467 - f2 - INFO - [green][  完成  ]：2025-01-31 01-14-17_新的剧本以爱自己为主线_6女士_#生活碎片_#实况照片_live_58.mp4[/green]
2025-02-20 01:16:04,483 - f2 - INFO - [green][  完成  ]：2025-01-31 01-14-17_新的剧本以爱自己为主线_6女士_#生活碎片_#实况照片_live_59.mp4[/green]
2025-02-20 01:16:04,526 - f2 - INFO - [green][  完成  ]：2025-01-31 01-14-17_新的剧本以爱自己为主线_6女士_#生活碎片_#实况照片_live_60.mp4[/green]
2025-02-20 01:16:04,548 - f2 - INFO - [green][  完成  ]：2025-01-31 01-14-17_新的剧本以爱自己为主线_6女士_#生活碎片_#实况照片_live_61.mp4[/green]
2025-02-20 01:16:04,737 - f2 - INFO - [green][  完成  ]：2025-01-31 01-14-17_新的剧本以爱自己为主线_6女士_#生活碎片_#实况照片_live_64.mp4[/green]
2025-02-20 01:16:04,744 - f2 - INFO - [green][  完成  ]：2025-01-31 01-14-17_新的剧本以爱自己为主线_6女士_#生活碎片_#实况照片_live_63.mp4[/green]
2025-02-20 01:16:04,776 - f2 - INFO - [green][  完成  ]：2025-01-31 01-14-17_新的剧本以爱自己为主线_6女士_#生活碎片_#实况照片_live_62.mp4[/green]
2025-02-20 01:16:04,839 - f2 - INFO - [green][  完成  ]：2025-01-31 01-14-17_新的剧本以爱自己为主线_6女士_#生活碎片_#实况照片_live_66.mp4[/green]
2025-02-20 01:16:04,857 - f2 - INFO - [green][  完成  ]：2025-01-31 01-14-17_新的剧本以爱自己为主线_6女士_#生活碎片_#实况照片_live_67.mp4[/green]
2025-02-20 01:16:04,864 - f2 - INFO - [green][  完成  ]：2025-01-31 01-14-17_新的剧本以爱自己为主线_6女士_#生活碎片_#实况照片_live_65.mp4[/green]
2025-02-20 01:16:04,907 - f2 - INFO - [green][  完成  ]：2025-01-31 01-14-17_新的剧本以爱自己为主线_6女士_#生活碎片_#实况照片_live_68.mp4[/green]
2025-02-20 01:16:05,101 - f2 - INFO - [green][  完成  ]：2025-01-31 01-14-17_新的剧本以爱自己为主线_6女士_#生活碎片_#实况照片_live_69.mp4[/green]
2025-02-20 01:16:05,149 - f2 - INFO - [green][  完成  ]：2025-01-31 01-14-17_新的剧本以爱自己为主线_6女士_#生活碎片_#实况照片_live_70.mp4[/green]
2025-02-20 01:16:05,167 - f2 - INFO - [green][  完成  ]：2025-01-31 01-14-17_新的剧本以爱自己为主线_6女士_#生活碎片_#实况照片_image_1.webp[/green]
2025-02-20 01:16:05,173 - f2 - INFO - [green][  完成  ]：2025-01-31 01-14-17_新的剧本以爱自己为主线_6女士_#生活碎片_#实况照片_live_71.mp4[/green]
2025-02-20 01:16:05,234 - f2 - INFO - [green][  完成  ]：2025-01-31 01-14-17_新的剧本以爱自己为主线_6女士_#生活碎片_#实况照片_image_2.webp[/green]
2025-02-20 01:16:05,256 - f2 - INFO - [green][  完成  ]：2025-01-31 01-14-17_新的剧本以爱自己为主线_6女士_#生活碎片_#实况照片_live_72.mp4[/green]
2025-02-20 01:16:05,278 - f2 - INFO - [green][  完成  ]：2025-01-31 01-14-17_新的剧本以爱自己为主线_6女士_#生活碎片_#实况照片_live_73.mp4[/green]
2025-02-20 01:16:05,393 - f2 - INFO - [green][  完成  ]：2025-01-31 01-14-17_新的剧本以爱自己为主线_6女士_#生活碎片_#实况照片_image_3.webp[/green]
2025-02-20 01:16:05,442 - f2 - INFO - [green][  完成  ]：2025-01-31 01-14-17_新的剧本以爱自己为主线_6女士_#生活碎片_#实况照片_image_6.webp[/green]
2025-02-20 01:16:05,491 - f2 - INFO - [green][  完成  ]：2025-01-31 01-14-17_新的剧本以爱自己为主线_6女士_#生活碎片_#实况照片_image_8.webp[/green]
2025-02-20 01:16:05,546 - f2 - INFO - [green][  完成  ]：2025-01-31 01-14-17_新的剧本以爱自己为主线_6女士_#生活碎片_#实况照片_image_7.webp[/green]
2025-02-20 01:16:05,566 - f2 - INFO - [green][  完成  ]：2025-01-31 01-14-17_新的剧本以爱自己为主线_6女士_#生活碎片_#实况照片_image_4.webp[/green]
2025-02-20 01:16:05,595 - f2 - INFO - [green][  完成  ]：2025-01-31 01-14-17_新的剧本以爱自己为主线_6女士_#生活碎片_#实况照片_image_5.webp[/green]
2025-02-20 01:16:05,627 - f2 - INFO - [green][  完成  ]：2025-01-31 01-14-17_新的剧本以爱自己为主线_6女士_#生活碎片_#实况照片_image_9.webp[/green]
2025-02-20 01:16:05,668 - f2 - INFO - [green][  完成  ]：2025-01-31 01-14-17_新的剧本以爱自己为主线_6女士_#生活碎片_#实况照片_image_11.webp[/green]
2025-02-20 01:16:05,695 - f2 - INFO - [green][  完成  ]：2025-01-31 01-14-17_新的剧本以爱自己为主线_6女士_#生活碎片_#实况照片_image_10.webp[/green]
2025-02-20 01:16:05,809 - f2 - INFO - [green][  完成  ]：2025-01-31 01-14-17_新的剧本以爱自己为主线_6女士_#生活碎片_#实况照片_image_12.webp[/green]
2025-02-20 01:16:05,840 - f2 - INFO - [green][  完成  ]：2025-01-31 01-14-17_新的剧本以爱自己为主线_6女士_#生活碎片_#实况照片_image_15.webp[/green]
2025-02-20 01:16:05,873 - f2 - INFO - [green][  完成  ]：2025-01-31 01-14-17_新的剧本以爱自己为主线_6女士_#生活碎片_#实况照片_image_13.webp[/green]
2025-02-20 01:16:05,920 - f2 - INFO - [green][  完成  ]：2025-01-31 01-14-17_新的剧本以爱自己为主线_6女士_#生活碎片_#实况照片_image_16.webp[/green]
2025-02-20 01:16:05,944 - f2 - INFO - [green][  完成  ]：2025-01-31 01-14-17_新的剧本以爱自己为主线_6女士_#生活碎片_#实况照片_image_14.webp[/green]
2025-02-20 01:16:05,972 - f2 - INFO - [green][  完成  ]：2025-01-31 01-14-17_新的剧本以爱自己为主线_6女士_#生活碎片_#实况照片_image_18.webp[/green]
2025-02-20 01:16:05,998 - f2 - INFO - [green][  完成  ]：2025-01-31 01-14-17_新的剧本以爱自己为主线_6女士_#生活碎片_#实况照片_image_17.webp[/green]
2025-02-20 01:16:06,068 - f2 - INFO - [green][  完成  ]：2025-01-31 01-14-17_新的剧本以爱自己为主线_6女士_#生活碎片_#实况照片_image_19.webp[/green]
2025-02-20 01:16:06,104 - f2 - INFO - [green][  完成  ]：2025-01-31 01-14-17_新的剧本以爱自己为主线_6女士_#生活碎片_#实况照片_image_21.webp[/green]
2025-02-20 01:16:06,158 - f2 - INFO - [green][  完成  ]：2025-01-31 01-14-17_新的剧本以爱自己为主线_6女士_#生活碎片_#实况照片_image_20.webp[/green]
2025-02-20 01:16:06,198 - f2 - INFO - [green][  完成  ]：2025-01-31 01-14-17_新的剧本以爱自己为主线_6女士_#生活碎片_#实况照片_image_24.webp[/green]
2025-02-20 01:16:06,216 - f2 - INFO - [green][  完成  ]：2025-01-31 01-14-17_新的剧本以爱自己为主线_6女士_#生活碎片_#实况照片_image_22.webp[/green]
2025-02-20 01:16:06,253 - f2 - INFO - [green][  完成  ]：2025-01-31 01-14-17_新的剧本以爱自己为主线_6女士_#生活碎片_#实况照片_image_25.webp[/green]
2025-02-20 01:16:06,299 - f2 - INFO - [green][  完成  ]：2025-01-31 01-14-17_新的剧本以爱自己为主线_6女士_#生活碎片_#实况照片_image_23.webp[/green]
2025-02-20 01:16:06,348 - f2 - INFO - [green][  完成  ]：2025-01-31 01-14-17_新的剧本以爱自己为主线_6女士_#生活碎片_#实况照片_image_26.webp[/green]
2025-02-20 01:16:06,369 - f2 - INFO - [green][  完成  ]：2025-01-31 01-14-17_新的剧本以爱自己为主线_6女士_#生活碎片_#实况照片_image_27.webp[/green]
2025-02-20 01:16:06,415 - f2 - INFO - [green][  完成  ]：2025-01-31 01-14-17_新的剧本以爱自己为主线_6女士_#生活碎片_#实况照片_image_28.webp[/green]
2025-02-20 01:16:06,457 - f2 - INFO - [green][  完成  ]：2025-01-31 01-14-17_新的剧本以爱自己为主线_6女士_#生活碎片_#实况照片_image_29.webp[/green]
2025-02-20 01:16:06,462 - f2 - INFO - [green][  完成  ]：2025-01-31 01-14-17_新的剧本以爱自己为主线_6女士_#生活碎片_#实况照片_image_30.webp[/green]
2025-02-20 01:16:06,562 - f2 - INFO - [green][  完成  ]：2025-01-31 01-14-17_新的剧本以爱自己为主线_6女士_#生活碎片_#实况照片_image_32.webp[/green]
2025-02-20 01:16:06,606 - f2 - INFO - [green][  完成  ]：2025-01-31 01-14-17_新的剧本以爱自己为主线_6女士_#生活碎片_#实况照片_image_31.webp[/green]
2025-02-20 01:16:06,638 - f2 - INFO - [green][  完成  ]：2025-01-31 01-14-17_新的剧本以爱自己为主线_6女士_#生活碎片_#实况照片_image_33.webp[/green]
2025-02-20 01:16:06,664 - f2 - INFO - [green][  完成  ]：2025-01-31 01-14-17_新的剧本以爱自己为主线_6女士_#生活碎片_#实况照片_image_34.webp[/green]
2025-02-20 01:16:06,695 - f2 - INFO - [green][  完成  ]：2025-01-31 01-14-17_新的剧本以爱自己为主线_6女士_#生活碎片_#实况照片_image_35.webp[/green]
2025-02-20 01:16:06,743 - f2 - INFO - [green][  完成  ]：2025-01-31 01-14-17_新的剧本以爱自己为主线_6女士_#生活碎片_#实况照片_image_36.webp[/green]
2025-02-20 01:16:06,749 - f2 - INFO - [green][  完成  ]：2025-01-31 01-14-17_新的剧本以爱自己为主线_6女士_#生活碎片_#实况照片_image_37.webp[/green]
2025-02-20 01:16:06,801 - f2 - INFO - [green][  完成  ]：2025-01-31 01-14-17_新的剧本以爱自己为主线_6女士_#生活碎片_#实况照片_image_38.webp[/green]
2025-02-20 01:16:06,857 - f2 - INFO - [green][  完成  ]：2025-01-31 01-14-17_新的剧本以爱自己为主线_6女士_#生活碎片_#实况照片_image_39.webp[/green]
2025-02-20 01:16:06,903 - f2 - INFO - [green][  完成  ]：2025-01-31 01-14-17_新的剧本以爱自己为主线_6女士_#生活碎片_#实况照片_image_40.webp[/green]
2025-02-20 01:16:06,936 - f2 - INFO - [green][  完成  ]：2025-01-31 01-14-17_新的剧本以爱自己为主线_6女士_#生活碎片_#实况照片_image_41.webp[/green]
2025-02-20 01:16:06,966 - f2 - INFO - [green][  完成  ]：2025-01-31 01-14-17_新的剧本以爱自己为主线_6女士_#生活碎片_#实况照片_image_42.webp[/green]
2025-02-20 01:16:07,008 - f2 - INFO - [green][  完成  ]：2025-01-31 01-14-17_新的剧本以爱自己为主线_6女士_#生活碎片_#实况照片_image_44.webp[/green]
2025-02-20 01:16:07,030 - f2 - INFO - [green][  完成  ]：2025-01-31 01-14-17_新的剧本以爱自己为主线_6女士_#生活碎片_#实况照片_image_45.webp[/green]
2025-02-20 01:16:07,066 - f2 - INFO - [green][  完成  ]：2025-01-31 01-14-17_新的剧本以爱自己为主线_6女士_#生活碎片_#实况照片_image_43.webp[/green]
2025-02-20 01:16:07,113 - f2 - INFO - [green][  完成  ]：2025-01-31 01-14-17_新的剧本以爱自己为主线_6女士_#生活碎片_#实况照片_image_46.webp[/green]
2025-02-20 01:16:07,132 - f2 - INFO - [green][  完成  ]：2025-01-31 01-14-17_新的剧本以爱自己为主线_6女士_#生活碎片_#实况照片_image_47.webp[/green]
2025-02-20 01:16:07,168 - f2 - INFO - [green][  完成  ]：2025-01-31 01-14-17_新的剧本以爱自己为主线_6女士_#生活碎片_#实况照片_image_48.webp[/green]
2025-02-20 01:16:07,205 - f2 - INFO - [green][  完成  ]：2025-01-31 01-14-17_新的剧本以爱自己为主线_6女士_#生活碎片_#实况照片_image_49.webp[/green]
2025-02-20 01:16:07,249 - f2 - INFO - [green][  完成  ]：2025-01-31 01-14-17_新的剧本以爱自己为主线_6女士_#生活碎片_#实况照片_image_50.webp[/green]
2025-02-20 01:16:07,304 - f2 - INFO - [green][  完成  ]：2025-01-31 01-14-17_新的剧本以爱自己为主线_6女士_#生活碎片_#实况照片_image_51.webp[/green]
2025-02-20 01:16:07,345 - f2 - INFO - [green][  完成  ]：2025-01-31 01-14-17_新的剧本以爱自己为主线_6女士_#生活碎片_#实况照片_image_52.webp[/green]
2025-02-20 01:16:07,380 - f2 - INFO - [green][  完成  ]：2025-01-31 01-14-17_新的剧本以爱自己为主线_6女士_#生活碎片_#实况照片_image_54.webp[/green]
2025-02-20 01:16:07,398 - f2 - INFO - [green][  完成  ]：2025-01-31 01-14-17_新的剧本以爱自己为主线_6女士_#生活碎片_#实况照片_image_53.webp[/green]
2025-02-20 01:16:07,436 - f2 - INFO - [green][  完成  ]：2025-01-31 01-14-17_新的剧本以爱自己为主线_6女士_#生活碎片_#实况照片_image_55.webp[/green]
2025-02-20 01:16:07,485 - f2 - INFO - [green][  完成  ]：2025-01-31 01-14-17_新的剧本以爱自己为主线_6女士_#生活碎片_#实况照片_image_56.webp[/green]
2025-02-20 01:16:07,529 - f2 - INFO - [green][  完成  ]：2025-01-31 01-14-17_新的剧本以爱自己为主线_6女士_#生活碎片_#实况照片_image_58.webp[/green]
2025-02-20 01:16:07,587 - f2 - INFO - [green][  完成  ]：2025-01-31 01-14-17_新的剧本以爱自己为主线_6女士_#生活碎片_#实况照片_image_57.webp[/green]
2025-02-20 01:16:07,605 - f2 - INFO - [green][  完成  ]：2025-01-31 01-14-17_新的剧本以爱自己为主线_6女士_#生活碎片_#实况照片_image_59.webp[/green]
2025-02-20 01:16:07,650 - f2 - INFO - [green][  完成  ]：2025-01-31 01-14-17_新的剧本以爱自己为主线_6女士_#生活碎片_#实况照片_image_61.webp[/green]
2025-02-20 01:16:07,700 - f2 - INFO - [green][  完成  ]：2025-01-31 01-14-17_新的剧本以爱自己为主线_6女士_#生活碎片_#实况照片_image_60.webp[/green]
2025-02-20 01:16:07,734 - f2 - INFO - [green][  完成  ]：2025-01-31 01-14-17_新的剧本以爱自己为主线_6女士_#生活碎片_#实况照片_image_62.webp[/green]
2025-02-20 01:16:07,805 - f2 - INFO - [green][  完成  ]：2025-01-31 01-14-17_新的剧本以爱自己为主线_6女士_#生活碎片_#实况照片_image_63.webp[/green]
2025-02-20 01:16:07,811 - f2 - INFO - [green][  完成  ]：2025-01-31 01-14-17_新的剧本以爱自己为主线_6女士_#生活碎片_#实况照片_image_64.webp[/green]
2025-02-20 01:16:07,864 - f2 - INFO - [green][  完成  ]：2025-01-31 01-14-17_新的剧本以爱自己为主线_6女士_#生活碎片_#实况照片_image_65.webp[/green]
2025-02-20 01:16:07,910 - f2 - INFO - [green][  完成  ]：2025-01-31 01-14-17_新的剧本以爱自己为主线_6女士_#生活碎片_#实况照片_image_66.webp[/green]
2025-02-20 01:16:07,930 - f2 - INFO - [green][  完成  ]：2025-01-31 01-14-17_新的剧本以爱自己为主线_6女士_#生活碎片_#实况照片_image_67.webp[/green]
2025-02-20 01:16:07,967 - f2 - INFO - [green][  完成  ]：2025-01-31 01-14-17_新的剧本以爱自己为主线_6女士_#生活碎片_#实况照片_image_68.webp[/green]
2025-02-20 01:16:08,015 - f2 - INFO - [green][  完成  ]：2025-01-31 01-14-17_新的剧本以爱自己为主线_6女士_#生活碎片_#实况照片_image_69.webp[/green]
2025-02-20 01:16:08,061 - f2 - INFO - [green][  完成  ]：2025-01-31 01-14-17_新的剧本以爱自己为主线_6女士_#生活碎片_#实况照片_image_70.webp[/green]
2025-02-20 01:16:08,088 - f2 - INFO - [green][  完成  ]：2025-01-31 01-14-17_新的剧本以爱自己为主线_6女士_#生活碎片_#实况照片_image_71.webp[/green]
2025-02-20 01:16:08,129 - f2 - INFO - [green][  完成  ]：2025-01-31 01-14-17_新的剧本以爱自己为主线_6女士_#生活碎片_#实况照片_image_72.webp[/green]
2025-02-20 01:16:08,170 - f2 - INFO - [green][  完成  ]：2025-01-31 01-14-17_新的剧本以爱自己为主线_6女士_#生活碎片_#实况照片_image_74.webp[/green]
2025-02-20 01:16:08,192 - f2 - INFO - [green][  完成  ]：2025-01-31 01-14-17_新的剧本以爱自己为主线_6女士_#生活碎片_#实况照片_image_75.webp[/green]
2025-02-20 01:16:08,214 - f2 - INFO - [green][  完成  ]：2025-01-31 01-14-17_新的剧本以爱自己为主线_6女士_#生活碎片_#实况照片_image_73.webp[/green]
2025-02-20 01:16:08,298 - f2 - INFO - [green][  完成  ]：2025-01-31 01-14-17_新的剧本以爱自己为主线_6女士_#生活碎片_#实况照片_image_76.webp[/green]
2025-02-20 01:16:08,344 - f2 - INFO - [green][  完成  ]：2025-01-31 01-14-17_新的剧本以爱自己为主线_6女士_#生活碎片_#实况照片_image_77.webp[/green]
2025-02-20 01:16:08,363 - f2 - INFO - [green][  完成  ]：2025-01-31 01-14-17_新的剧本以爱自己为主线_6女士_#生活碎片_#实况照片_image_78.webp[/green]
2025-02-20 01:16:08,405 - f2 - INFO - [green][  完成  ]：2025-01-31 01-14-17_新的剧本以爱自己为主线_6女士_#生活碎片_#实况照片_image_79.webp[/green]
2025-02-20 01:16:08,432 - f2 - INFO - [green][  完成  ]：2025-01-31 01-14-17_新的剧本以爱自己为主线_6女士_#生活碎片_#实况照片_image_80.webp[/green]
2025-02-20 01:16:08,467 - f2 - INFO - [green][  完成  ]：2025-01-31 01-14-17_新的剧本以爱自己为主线_6女士_#生活碎片_#实况照片_image_81.webp[/green]
2025-02-20 01:16:08,483 - f2 - INFO - [green][  完成  ]：2025-01-31 01-14-17_新的剧本以爱自己为主线_6女士_#生活碎片_#实况照片_image_82.webp[/green]
2025-02-20 01:16:08,566 - f2 - INFO - [green][  完成  ]：2025-01-31 01-14-17_新的剧本以爱自己为主线_6女士_#生活碎片_#实况照片_image_83.webp[/green]
2025-02-20 01:16:08,615 - f2 - INFO - [green][  完成  ]：2025-01-31 01-14-17_新的剧本以爱自己为主线_6女士_#生活碎片_#实况照片_image_84.webp[/green]
2025-02-20 01:16:08,642 - f2 - INFO - [green][  完成  ]：2025-01-31 01-14-17_新的剧本以爱自己为主线_6女士_#生活碎片_#实况照片_image_85.webp[/green]
2025-02-20 01:16:08,683 - f2 - INFO - [green][  完成  ]：2025-01-31 01-14-17_新的剧本以爱自己为主线_6女士_#生活碎片_#实况照片_image_87.webp[/green]
2025-02-20 01:16:08,699 - f2 - INFO - [green][  完成  ]：2025-01-31 01-14-17_新的剧本以爱自己为主线_6女士_#生活碎片_#实况照片_image_86.webp[/green]
2025-02-20 01:16:08,758 - f2 - INFO - [green][  完成  ]：2025-01-31 01-14-17_新的剧本以爱自己为主线_6女士_#生活碎片_#实况照片_image_89.webp[/green]
2025-02-20 01:16:08,804 - f2 - INFO - [green][  完成  ]：2025-01-31 01-14-17_新的剧本以爱自己为主线_6女士_#生活碎片_#实况照片_image_88.webp[/green]
2025-02-20 01:16:08,858 - f2 - INFO - [green][  完成  ]：2025-01-31 01-14-17_新的剧本以爱自己为主线_6女士_#生活碎片_#实况照片_image_90.webp[/green]
2025-02-20 01:16:08,904 - f2 - INFO - [green][  完成  ]：2025-01-31 01-14-17_新的剧本以爱自己为主线_6女士_#生活碎片_#实况照片_image_92.webp[/green]
2025-02-20 01:16:08,910 - f2 - INFO - [green][  完成  ]：2025-01-31 01-14-17_新的剧本以爱自己为主线_6女士_#生活碎片_#实况照片_image_93.webp[/green]
2025-02-20 01:16:08,945 - f2 - INFO - [green][  完成  ]：2025-01-31 01-14-17_新的剧本以爱自己为主线_6女士_#生活碎片_#实况照片_image_91.webp[/green]
2025-02-20 01:16:08,989 - f2 - INFO - [green][  完成  ]：2025-01-31 01-14-17_新的剧本以爱自己为主线_6女士_#生活碎片_#实况照片_image_94.webp[/green]
2025-02-20 01:16:09,025 - f2 - INFO - [green][  完成  ]：2025-01-31 01-14-17_新的剧本以爱自己为主线_6女士_#生活碎片_#实况照片_image_95.webp[/green]
2025-02-20 01:16:09,042 - f2 - INFO - [green][  完成  ]：2025-01-31 01-14-17_新的剧本以爱自己为主线_6女士_#生活碎片_#实况照片_image_96.webp[/green]
2025-02-20 01:16:09,112 - f2 - INFO - [green][  完成  ]：2025-01-31 01-14-17_新的剧本以爱自己为主线_6女士_#生活碎片_#实况照片_image_97.webp[/green]
2025-02-20 01:16:09,196 - f2 - INFO - [green][  完成  ]：2025-01-31 01-14-17_新的剧本以爱自己为主线_6女士_#生活碎片_#实况照片_image_98.webp[/green]
2025-02-20 01:16:09,214 - f2 - INFO - [green][  完成  ]：2025-01-31 01-14-17_新的剧本以爱自己为主线_6女士_#生活碎片_#实况照片_image_99.webp[/green]
2025-02-20 01:16:09,900 - f2 - INFO - [green][  完成  ]：2025-01-27 21-25-23_喜欢黑丝就不要招惹我们土豆丝_6女士_#反差_video.mp4[/green]
2025-02-20 01:16:09,920 - f2 - INFO - [green][  完成  ]：2025-01-28 22-44-16_老公我有手有脚_日子过的不好我自己会跑的_6女士_#反差_video.mp4[/green]
2025-02-20 01:16:10,012 - f2 - INFO - [green][  完成  ]：2025-01-26 12-51-24_#ikf耳夹式耳机#ikfairclip_video.mp4[/green]
2025-02-20 01:16:10,050 - f2 - INFO - [green][  完成  ]：2025-01-26 08-05-32_他说他想谈两个_我同意了_结果两个都不是我_6女士_#反差_video.mp4[/green]
2025-02-20 01:16:10,154 - f2 - INFO - [green][  完成  ]：2025-01-25 13-42-25_惹我是吧_算你会挑软柿子_6女士_#反差_video.mp4[/green]
2025-02-20 01:16:10,200 - f2 - INFO - [green][  完成  ]：2025-01-24 18-48-14_受委屈了就找我_你可以向我倾诉你任何人_我会一直在_你不用担心有人会烦你_大概有人会可我不会_我希望你不要把我当做外人_我也希望我是你重要的人_你可以什么事给我说_不要自己一个人受委屈我心......倾诉你任何人_我会一直在_你不用担心有人会烦你_大概有人会可我不会_我希望你不要把我当做外人_我也希望我是你重要的人_你可以什么事给我说_不要自己一个人受委屈我心疼_6女士_#反差_#甜妹_video.mp4[/green]
2025-02-20 01:16:10,256 - f2 - INFO - [green][  完成  ]：2025-01-24 20-32-07_可以别和她讲话吗我带帽子不好看_6女士_#反差_video.mp4[/green]
2025-02-20 01:16:10,472 - f2 - INFO - [green][  完成  ]：2025-01-24 14-59-15_感情淡了我们再培养_无话可说了我们就再去找话题_觉得腻了我们重新认识_要是累了就给彼此空间_人潮汹涌的_遇到你也不容易_也不想再推开了_我希望你也这样想_6女士_#反差......感情淡了我们再培养_无话可说了我们就再去找话题_觉得腻了我们重新认识_要是累了就给彼此空间_人潮汹涌的_遇到你也不容易_也不想再推开了_我希望你也这样想_6女士_#反差_video.mp4[/green]
2025-02-20 01:16:10,554 - f2 - INFO - [green][  完成  ]：2025-01-23 20-17-59_有些压力很正常_说出来总会好受一点_无论发生什么我都会站在你身边偏向你_不要把所有的压力和不开心都悄无声息的消化_6女士_#反差......有些压力很正常_说出来总会好受一点_无论发生什么我都会站在你身边偏向你_不要把所有的压力和不开心都悄无声息的消化_6女士_#反差_video.mp4[/green]
2025-02-20 01:16:10,595 - f2 - INFO - [green][  完成  ]：2025-01-21 21-45-40_远赴人间惊鸿宴_一睹长安盛世颜_咕咕咕汉服妆造体验馆_#西安妆造_image_1.webp[/green]
2025-02-20 01:16:10,676 - f2 - INFO - [green][  完成  ]：2025-01-21 21-45-40_远赴人间惊鸿宴_一睹长安盛世颜_咕咕咕汉服妆造体验馆_#西安妆造_image_2.webp[/green]
2025-02-20 01:16:10,722 - f2 - INFO - [green][  完成  ]：2025-01-24 00-43-08_我总是喜欢凶凶你骂骂你气气你_即使这样你还是一直在我身边_所以像你这样的男孩子_我会喜欢你好久好久_6女士_#反差_#甜妹......我总是喜欢凶凶你骂骂你气气你_即使这样你还是一直在我身边_所以像你这样的男孩子_我会喜欢你好久好久_6女士_#反差_#甜妹_video.mp4[/green]
2025-02-20 01:16:10,759 - f2 - INFO - [green][  完成  ]：2025-01-22 15-31-01_如果有老公_谁又想打工_6女士_#反差_video.mp4[/green]
2025-02-20 01:16:10,783 - f2 - INFO - [green][  完成  ]：2025-01-21 21-45-40_远赴人间惊鸿宴_一睹长安盛世颜_咕咕咕汉服妆造体验馆_#西安妆造_image_4.webp[/green]
2025-02-20 01:16:10,817 - f2 - INFO - [green][  完成  ]：2025-01-21 21-45-40_远赴人间惊鸿宴_一睹长安盛世颜_咕咕咕汉服妆造体验馆_#西安妆造_image_3.webp[/green]
2025-02-20 01:16:10,996 - f2 - INFO - [green][  完成  ]：2025-01-10 16-39-06_那些聊到凌晨的夜晚_心比手机烫_我以为我们是永远_6女士_#甜妹出击_#反差_image_1.webp[/green]
2025-02-20 01:16:11,050 - f2 - INFO - [green][  完成  ]：2025-01-15 00-23-40_私密马赛大白菜酱哇达西爱你_6女士_#反差_video.mp4[/green]
2025-02-20 01:16:11,079 - f2 - INFO - [green][  完成  ]：2025-01-10 16-39-06_那些聊到凌晨的夜晚_心比手机烫_我以为我们是永远_6女士_#甜妹出击_#反差_image_2.webp[/green]
2025-02-20 01:16:11,206 - f2 - INFO - [green][  完成  ]：2025-01-15 13-21-18_我特别喜欢你主动的感觉_因为这样我才能确定你不嫌我烦_6女士_#反差_video.mp4[/green]
2025-02-20 01:16:11,247 - f2 - INFO - [green][  完成  ]：2025-01-10 16-39-06_那些聊到凌晨的夜晚_心比手机烫_我以为我们是永远_6女士_#甜妹出击_#反差_image_3.webp[/green]
2025-02-20 01:16:11,299 - f2 - INFO - [green][  完成  ]：2025-01-10 16-39-06_那些聊到凌晨的夜晚_心比手机烫_我以为我们是永远_6女士_#甜妹出击_#反差_image_5.webp[/green]
2025-02-20 01:16:11,436 - f2 - INFO - [green][  完成  ]：2025-01-11 06-05-51_做不了世界的主人_做你的可以吗_6女士_#反差_#甜妹_video.mp4[/green]
2025-02-20 01:16:11,474 - f2 - INFO - [green][  完成  ]：2025-01-10 16-39-06_那些聊到凌晨的夜晚_心比手机烫_我以为我们是永远_6女士_#甜妹出击_#反差_image_4.webp[/green]
2025-02-20 01:16:11,589 - f2 - INFO - [green][  完成  ]：2025-01-13 21-00-00_#品存_#品存05max#品存降噪耳机_video.mp4[/green]
2025-02-20 01:16:11,962 - f2 - INFO - [green][  完成  ]：2025-01-10 08-03-48_想给你一脚_又怕你舔我脚_6女士_#反差_video.mp4[/green]
2025-02-20 01:16:11,970 - f2 - INFO - [green][  完成  ]：2025-01-01 00-28-46_新年快乐呀__6女士_#反差_#新年快乐_video.mp4[/green]
2025-02-20 01:16:12,066 - f2 - INFO - [green][  完成  ]：2024-12-29 14-07-00_不会骂人一张嘴就是宝宝亲亲_6女士_video.mp4[/green]
2025-02-20 01:16:12,089 - f2 - INFO - [green][  完成  ]：2025-01-14 22-02-33_是想你的_可是你上条消息还没回_6女士_video.mp4[/green]
2025-02-20 01:16:12,169 - f2 - INFO - [green][  完成  ]：2024-12-31 03-08-36_和你比起来他们都索然无味_6女士_#反差_video.mp4[/green]
