2025-02-20 01:38:58,909 - f2 - INFO - 处理用户：MS4wLjABAAAANIlHeReeGuBnB18hIR_LaOFu9-t7c87rbKtcsk_oP-g 发布的作品
2025-02-20 01:39:04,383 - f2 - INFO - 等待 10 秒后继续
2025-02-20 01:39:17,193 - f2 - INFO - 等待 10 秒后继续
2025-02-20 01:39:29,956 - f2 - INFO - 等待 10 秒后继续
2025-02-20 01:39:42,653 - f2 - INFO - 等待 10 秒后继续
2025-02-20 01:39:54,097 - f2 - INFO - 第 1664502417000 页没有找到作品
2025-02-20 01:39:54,104 - f2 - INFO - 用户: MS4wLjABAAAANIlHeReeGuBnB18hIR_LaOFu9-t7c87rbKtcsk_oP-g 所有作品采集完毕
2025-02-20 01:39:54,107 - f2 - INFO - 结束处理用户发布的作品，共处理 77 个作品
2025-02-20 01:39:54,303 - f2 - ERROR - 请前往QA文档 https://f2.wiki/faq 查看相关帮助
2025-02-20 01:39:54,308 - f2 - ERROR - Bark 通知发送失败，请检查 key 和网络连接：HTTP状态码错误： Status Code: 404
2025-02-20 01:39:54,321 - f2 - WARNING - 未提供日期区间参数
2025-02-20 01:39:54,884 - f2 - INFO - [green][  完成  ]：2025-01-09 04-44-26_爱我眼下的痣_也要爱我的一切_6女士_#反差_video.mp4[/green]
2025-02-20 01:39:54,905 - f2 - INFO - [green][  完成  ]：2024-12-24 15-06-41_富贵我就淫_贫贱我就移_威武我就屈_色诱我就从_6女士_#反差_video.mp4[/green]
2025-02-20 01:39:54,951 - f2 - INFO - [green][  完成  ]：2025-02-18 06-10-07_怎么回我又突然不理我了_你老婆看你手机了吗_6女士_#反差_video.mp4[/green]
2025-02-20 01:39:54,966 - f2 - INFO - [green][  完成  ]：2025-02-18 11-29-07_什么吃苦耐劳不如吃顿麦当劳_6女士_#反差_video.mp4[/green]
2025-02-20 01:39:55,042 - f2 - INFO - [green][  完成  ]：2025-01-19 07-09-02_我其实每天都很焦虑_但是我的屌丝性格跟一脸无所谓的样子弥补了我慌张的神情_所以让别人都以为我每天日子过得蛮悠闲_6女士_#反差......我其实每天都很焦虑_但是我的屌丝性格跟一脸无所谓的样子弥补了我慌张的神情_所以让别人都以为我每天日子过得蛮悠闲_6女士_#反差_video.mp4[/green]
2025-02-20 01:39:55,077 - f2 - INFO - [green][  完成  ]：2025-02-14 18-59-08_现在才知道那年你说的无条件对我好_是无经济条件_6女士_video.mp4[/green]
2025-02-20 01:39:55,097 - f2 - INFO - [green][  完成  ]：2025-02-18 05-38-24_在哪里跌倒就在哪里烧烤_6女士_#反差_video.mp4[/green]
2025-02-20 01:39:55,254 - f2 - INFO - [green][  完成  ]：2025-02-11 17-11-45_回复__123木头人的评论_现在呢_6女士_#反差_video.mp4[/green]
2025-02-20 01:39:55,271 - f2 - INFO - [green][  完成  ]：2025-02-13 22-53-29_见最后一面有什么意义呢_一个泪流满面_一个无动于衷_6女士_#反差_video.mp4[/green]
2025-02-20 01:39:55,290 - f2 - INFO - [green][  完成  ]：2025-02-12 22-07-19_可以别和她讲话吗我带帽子不好看_6女士_#反差_video.mp4[/green]
2025-02-20 01:39:55,318 - f2 - INFO - [green][  完成  ]：2025-02-13 23-31-30_来不及了_情人节快到了_五块钱雇一个人喜欢我_再贵付不起了_6女士_#情人节_video.mp4[/green]
2025-02-20 01:39:55,386 - f2 - INFO - [green][  完成  ]：2025-02-10 20-39-16_那晚你跟我聊到凌晨_我以为你心里也有我_后来才知道你在美国_6女士_#反差_video.mp4[/green]
2025-02-20 01:39:55,413 - f2 - INFO - [green][  完成  ]：2025-02-10 21-14-58_我真不是自愿的_6女士_#反差_video.mp4[/green]
2025-02-20 01:39:55,431 - f2 - INFO - [green][  完成  ]：2025-02-09 12-25-47_你在摸我大腿的时候_我在心疼你手上的茧_6女士_#反差_video.mp4[/green]
2025-02-20 01:39:55,575 - f2 - INFO - [green][  完成  ]：2025-02-08 23-02-56_你只要围着我转就好了_6女士_#反差_video.mp4[/green]
2025-02-20 01:39:55,626 - f2 - INFO - [green][  完成  ]：2025-02-05 22-47-16_天塌下来就当被子盖了_6女士_#反差_video.mp4[/green]
2025-02-20 01:39:55,651 - f2 - INFO - [green][  完成  ]：2025-02-07 17-17-18_你的意思是_把钱都给她了_把爱都给我了是吗_6女士_#反差_video.mp4[/green]
2025-02-20 01:39:55,687 - f2 - INFO - [green][  完成  ]：2025-02-05 12-25-36_好事多磨_怎么真把我当驴使了_6女士_#反差_video.mp4[/green]
2025-02-20 01:39:55,717 - f2 - INFO - [green][  完成  ]：2025-01-27 21-25-23_喜欢黑丝就不要招惹我们土豆丝_6女士_#反差_video.mp4[/green]
2025-02-20 01:39:55,743 - f2 - INFO - [green][  完成  ]：2025-01-28 22-44-16_老公我有手有脚_日子过的不好我自己会跑的_6女士_#反差_video.mp4[/green]
2025-02-20 01:39:55,812 - f2 - INFO - [green][  完成  ]：2025-01-26 12-51-24_#ikf耳夹式耳机#ikfairclip_video.mp4[/green]
2025-02-20 01:39:55,912 - f2 - INFO - [green][  完成  ]：2025-01-26 08-05-32_他说他想谈两个_我同意了_结果两个都不是我_6女士_#反差_video.mp4[/green]
2025-02-20 01:39:55,973 - f2 - INFO - [green][  完成  ]：2025-01-24 18-48-14_受委屈了就找我_你可以向我倾诉你任何人_我会一直在_你不用担心有人会烦你_大概有人会可我不会_我希望你不要把我当做外人_我也希望我是你重要的人_你可以什么事给我说_不要自己一个人受委屈我心......倾诉你任何人_我会一直在_你不用担心有人会烦你_大概有人会可我不会_我希望你不要把我当做外人_我也希望我是你重要的人_你可以什么事给我说_不要自己一个人受委屈我心疼_6女士_#反差_#甜妹_video.mp4[/green]
2025-02-20 01:39:55,999 - f2 - INFO - [green][  完成  ]：2025-01-24 20-32-07_可以别和她讲话吗我带帽子不好看_6女士_#反差_video.mp4[/green]
2025-02-20 01:39:56,035 - f2 - INFO - [green][  完成  ]：2025-01-24 14-59-15_感情淡了我们再培养_无话可说了我们就再去找话题_觉得腻了我们重新认识_要是累了就给彼此空间_人潮汹涌的_遇到你也不容易_也不想再推开了_我希望你也这样想_6女士_#反差......感情淡了我们再培养_无话可说了我们就再去找话题_觉得腻了我们重新认识_要是累了就给彼此空间_人潮汹涌的_遇到你也不容易_也不想再推开了_我希望你也这样想_6女士_#反差_video.mp4[/green]
2025-02-20 01:39:56,055 - f2 - INFO - [green][  完成  ]：2025-01-25 13-42-25_惹我是吧_算你会挑软柿子_6女士_#反差_video.mp4[/green]
2025-02-20 01:39:56,132 - f2 - INFO - [green][  完成  ]：2025-01-23 20-17-59_有些压力很正常_说出来总会好受一点_无论发生什么我都会站在你身边偏向你_不要把所有的压力和不开心都悄无声息的消化_6女士_#反差......有些压力很正常_说出来总会好受一点_无论发生什么我都会站在你身边偏向你_不要把所有的压力和不开心都悄无声息的消化_6女士_#反差_video.mp4[/green]
2025-02-20 01:39:56,169 - f2 - INFO - [green][  完成  ]：2025-01-24 00-43-08_我总是喜欢凶凶你骂骂你气气你_即使这样你还是一直在我身边_所以像你这样的男孩子_我会喜欢你好久好久_6女士_#反差_#甜妹......我总是喜欢凶凶你骂骂你气气你_即使这样你还是一直在我身边_所以像你这样的男孩子_我会喜欢你好久好久_6女士_#反差_#甜妹_video.mp4[/green]
2025-02-20 01:39:56,300 - f2 - INFO - [green][  完成  ]：2025-01-15 13-21-18_我特别喜欢你主动的感觉_因为这样我才能确定你不嫌我烦_6女士_#反差_video.mp4[/green]
2025-02-20 01:39:56,332 - f2 - INFO - [green][  完成  ]：2025-01-22 15-31-01_如果有老公_谁又想打工_6女士_#反差_video.mp4[/green]
2025-02-20 01:39:56,355 - f2 - INFO - [green][  完成  ]：2025-01-14 22-02-33_是想你的_可是你上条消息还没回_6女士_video.mp4[/green]
2025-02-20 01:39:56,375 - f2 - INFO - [green][  完成  ]：2025-01-15 00-23-40_私密马赛大白菜酱哇达西爱你_6女士_#反差_video.mp4[/green]
2025-02-20 01:39:56,402 - f2 - INFO - [green][  完成  ]：2025-01-13 21-00-00_#品存_#品存05max#品存降噪耳机_video.mp4[/green]
2025-02-20 01:39:56,481 - f2 - INFO - [green][  完成  ]：2025-01-10 08-03-48_想给你一脚_又怕你舔我脚_6女士_#反差_video.mp4[/green]
2025-02-20 01:39:56,505 - f2 - INFO - [green][  完成  ]：2025-01-11 06-05-51_做不了世界的主人_做你的可以吗_6女士_#反差_#甜妹_video.mp4[/green]
2025-02-20 01:39:56,704 - f2 - INFO - [green][  完成  ]：2024-12-31 03-08-36_和你比起来他们都索然无味_6女士_#反差_video.mp4[/green]
2025-02-20 01:39:56,732 - f2 - INFO - [green][  完成  ]：2024-12-29 03-57-33_喜欢吗专门给你拍的_6女士_#反差_video.mp4[/green]
2025-02-20 01:39:56,754 - f2 - INFO - [green][  完成  ]：2025-01-01 00-28-46_新年快乐呀__6女士_#反差_#新年快乐_video.mp4[/green]
2025-02-20 01:39:56,781 - f2 - INFO - [green][  完成  ]：2024-12-26 22-10-16_和你比起来他们都索然无味_6女士_#反差_#甜妹_video.mp4[/green]
2025-02-20 01:39:56,833 - f2 - INFO - [green][  完成  ]：2024-12-29 14-07-00_不会骂人一张嘴就是宝宝亲亲_6女士_video.mp4[/green]
2025-02-20 01:39:56,908 - f2 - INFO - [green][  完成  ]：2024-12-15 05-17-05_我觉得这个时候呢_你该想我了_6女士_#反差_#甜妹_video.mp4[/green]
2025-02-20 01:39:56,932 - f2 - INFO - [green][  完成  ]：2024-12-11 02-48-40_老公我想和你有个家_6女士_#日常碎片_video.mp4[/green]
2025-02-20 01:39:56,965 - f2 - INFO - [green][  完成  ]：2024-12-10 02-20-24_对视的时候_你的心也会说欢迎光临吗_6女士_#甜妹_video.mp4[/green]
2025-02-20 01:39:57,107 - f2 - INFO - [green][  完成  ]：2024-06-12 07-33-39_早安啊宝宝_阿莉噶朵__6女士_#xeva_video.mp4[/green]
2025-02-20 01:39:57,250 - f2 - INFO - [green][  完成  ]：2024-06-10 07-38-56_嘻嘻_6女士_#xeva_video.mp4[/green]
2025-02-20 01:39:57,321 - f2 - INFO - [green][  完成  ]：2024-06-11 09-03-23_儿童身材_6女士_#xeva_video.mp4[/green]
2025-02-20 01:39:57,388 - f2 - INFO - [green][  完成  ]：2024-05-29 14-01-55_背心下是什么_6女士_#xeva_video.mp4[/green]
2025-02-20 01:39:57,625 - f2 - INFO - [green][  完成  ]：2024-09-16 00-13-35_够丝滑啵_6女士_#开灯关灯丝滑变装_#丝滑_#变装__#甜妹出击_#穿着睡衣拍抖音_video.mp4[/green]
2025-02-20 01:39:57,807 - f2 - INFO - [green][  完成  ]：2024-09-14 23-13-12_最近压力太大了_幸好老婆懂事_和别人跑了孩子也听话_不是自己的_6女士_#反差_video.mp4[/green]
2025-02-20 01:39:57,849 - f2 - INFO - [green][  完成  ]：2024-05-31 04-49-13_别睡了_没我的觉你睡不明白_6女士_#xeva_video.mp4[/green]
2025-02-20 01:39:57,887 - f2 - INFO - [green][  完成  ]：2024-09-14 13-17-24_#丝滑#发疯日常_#你看我跳得够不够passion_6女士_#反差_video.mp4[/green]
2025-02-20 01:39:58,468 - f2 - INFO - [green][  完成  ]：2023-04-17 22-18-16_回复__朔月星沉的评论__6女士aikantui__直播号___6女士666666__6女士_直播小小小号__#瑜伽裤穿搭_video.mp4[/green]
2025-02-20 01:39:58,638 - f2 - INFO - [green][  完成  ]：2023-01-29 12-44-48_主打的就是反差_6女士aikantui__直播号___6女士666666_直播小小号__#反差_video.mp4[/green]
2025-02-20 01:39:58,661 - f2 - INFO - [green][  完成  ]：2023-01-25 00-56-54_重回2018年夏天_6女士aikantui__直播号___6女士666666_直播小小号__#纯情女高_#重回2018的夏天_video.mp4[/green]
2025-02-20 01:39:58,776 - f2 - INFO - [green][  完成  ]：2023-01-24 18-26-00__6女士aikantui__直播号___6女士666666_直播小小号__#纯情女高_video.mp4[/green]
2025-02-20 01:39:59,016 - f2 - INFO - [green][  完成  ]：2023-01-09 20-26-45_下次别说爱我了_我衣服s码_鞋子37码_喜欢吃火锅_喜欢花钱_6女士aikantui__直播号__#纯情女高_video.mp4[/green]
2025-02-20 01:39:59,399 - f2 - INFO - [green][  完成  ]：2023-01-20 11-17-54_玩的就是反差_6女士aikantui__直播号___6女士666666_直播小小号__#反差_video.mp4[/green]
2025-02-20 01:39:59,556 - f2 - INFO - [green][  完成  ]：2022-12-18 09-04-35_好吧这次没打直_6女士aikantui__直播号__#纯情女高_video.mp4[/green]
2025-02-20 01:39:59,573 - f2 - INFO - [green][  完成  ]：2023-01-18 04-52-56_漂亮女人睡醒了_6女士666666_直播小小号__6女士aikantui__直播号__#纯情女高_#07_video.mp4[/green]
2025-02-20 01:39:59,602 - f2 - INFO - [green][  完成  ]：2023-01-11 08-22-10_我爱一个人的标准是_他永远不会复杂的想我_6女士aikantui__直播号__#纯情女高_video.mp4[/green]
2025-02-20 01:39:59,689 - f2 - INFO - [green][  完成  ]：2023-04-20 02-05-53_回复____板蓝根泡面_的评论_是我的女仆吸引不了你吗#反差_#反差#情绪零碎_#可爱老婆_video.mp4[/green]
2025-02-20 01:39:59,853 - f2 - INFO - [green][  完成  ]：2022-12-02 17-03-31_回复__沉迷的评论__6女士aikantui__直播号__video.mp4[/green]
2025-02-20 01:39:59,952 - f2 - INFO - [green][  完成  ]：2022-12-12 22-21-23_回复__不爱穿裤子的菠萝的评论_什么一字马_6女士aikantui__直播号__#甜妹_#什么次元都逃不过甜妹_video.mp4[/green]
2025-02-20 01:40:00,430 - f2 - INFO - [green][  完成  ]：2022-10-18 17-16-46_回复__李清照的鱼的评论_#不是吧这都拿不下你_#纯情女高_video.mp4[/green]
2025-02-20 01:40:00,498 - f2 - INFO - [green][  完成  ]：2022-12-09 05-30-23__6女士aikantui__直播号__#刚刚闪过去什么东西_video.mp4[/green]
2025-02-20 01:40:01,024 - f2 - INFO - [green][  完成  ]：2022-11-25 12-57-53_放自己一马更开心_6女士aikantui_直播号__video.mp4[/green]
2025-02-20 01:40:01,385 - f2 - INFO - [green][  完成  ]：2022-10-26 19-45-14_6女士的穿搭要停几天了不然要被抬了#6女士_video.mp4[/green]
