2025-02-20 01:24:09,966 - f2 - INFO - 处理用户：MS4wLjABAAAANIlHeReeGuBnB18hIR_LaOFu9-t7c87rbKtcsk_oP-g 发布的作品
2025-02-20 01:24:14,576 - f2 - INFO - 等待 10 秒后继续
2025-02-20 01:24:27,405 - f2 - WARNING - 未提供日期区间参数
2025-02-20 01:24:27,705 - f2 - INFO - [7462364457491107129] 非实况图集，跳过实况下载
2025-02-20 01:24:27,745 - f2 - INFO - [7458203566440713532] 非实况图集，跳过实况下载
2025-02-20 01:24:28,040 - f2 - INFO - [green][  完成  ]：2025-02-18 06-10-07_怎么回我又突然不理我了_你老婆看你手机了吗_6女士_#反差_video.mp4[/green]
2025-02-20 01:24:28,064 - f2 - INFO - [green][  完成  ]：2024-12-24 15-06-41_富贵我就淫_贫贱我就移_威武我就屈_色诱我就从_6女士_#反差_video.mp4[/green]
2025-02-20 01:24:28,091 - f2 - INFO - [green][  完成  ]：2025-01-09 04-44-26_爱我眼下的痣_也要爱我的一切_6女士_#反差_video.mp4[/green]
2025-02-20 01:24:28,115 - f2 - INFO - [green][  完成  ]：2025-02-18 05-38-24_在哪里跌倒就在哪里烧烤_6女士_#反差_video.mp4[/green]
2025-02-20 01:24:28,197 - f2 - INFO - [green][  完成  ]：2025-02-18 11-29-07_什么吃苦耐劳不如吃顿麦当劳_6女士_#反差_video.mp4[/green]
2025-02-20 01:24:28,225 - f2 - INFO - [green][  完成  ]：2025-02-14 18-59-08_现在才知道那年你说的无条件对我好_是无经济条件_6女士_video.mp4[/green]
2025-02-20 01:24:28,388 - f2 - INFO - [green][  完成  ]：2025-02-12 22-07-19_可以别和她讲话吗我带帽子不好看_6女士_#反差_video.mp4[/green]
2025-02-20 01:24:28,450 - f2 - INFO - [green][  完成  ]：2025-02-11 17-11-45_回复__123木头人的评论_现在呢_6女士_#反差_video.mp4[/green]
2025-02-20 01:24:28,479 - f2 - INFO - [green][  完成  ]：2025-02-13 22-53-29_见最后一面有什么意义呢_一个泪流满面_一个无动于衷_6女士_#反差_video.mp4[/green]
2025-02-20 01:24:28,591 - f2 - INFO - [green][  完成  ]：2025-02-10 20-39-16_那晚你跟我聊到凌晨_我以为你心里也有我_后来才知道你在美国_6女士_#反差_video.mp4[/green]
2025-02-20 01:24:28,716 - f2 - INFO - [green][  完成  ]：2025-02-13 23-31-30_来不及了_情人节快到了_五块钱雇一个人喜欢我_再贵付不起了_6女士_#情人节_video.mp4[/green]
2025-02-20 01:24:28,742 - f2 - INFO - [green][  完成  ]：2025-02-10 21-14-58_我真不是自愿的_6女士_#反差_video.mp4[/green]
2025-02-20 01:24:28,762 - f2 - INFO - [green][  完成  ]：2025-02-09 12-25-47_你在摸我大腿的时候_我在心疼你手上的茧_6女士_#反差_video.mp4[/green]
2025-02-20 01:24:28,855 - f2 - INFO - [green][  完成  ]：2025-02-08 23-02-56_你只要围着我转就好了_6女士_#反差_video.mp4[/green]
2025-02-20 01:24:28,982 - f2 - INFO - [green][  完成  ]：2025-02-07 17-17-18_你的意思是_把钱都给她了_把爱都给我了是吗_6女士_#反差_video.mp4[/green]
2025-02-20 01:24:29,002 - f2 - INFO - [green][  完成  ]：2025-01-31 01-14-17_新的剧本以爱自己为主线_6女士_#生活碎片_#实况照片_live_1.mp4[/green]
2025-02-20 01:24:29,038 - f2 - INFO - [green][  完成  ]：2025-01-31 01-14-17_新的剧本以爱自己为主线_6女士_#生活碎片_#实况照片_live_2.mp4[/green]
2025-02-20 01:24:29,062 - f2 - INFO - [green][  完成  ]：2025-02-05 22-47-16_天塌下来就当被子盖了_6女士_#反差_video.mp4[/green]
2025-02-20 01:24:29,089 - f2 - INFO - [green][  完成  ]：2025-01-31 01-14-17_新的剧本以爱自己为主线_6女士_#生活碎片_#实况照片_live_3.mp4[/green]
2025-02-20 01:24:29,141 - f2 - INFO - [green][  完成  ]：2025-02-05 12-25-36_好事多磨_怎么真把我当驴使了_6女士_#反差_video.mp4[/green]
2025-02-20 01:24:29,214 - f2 - INFO - [green][  完成  ]：2025-01-31 01-14-17_新的剧本以爱自己为主线_6女士_#生活碎片_#实况照片_live_4.mp4[/green]
2025-02-20 01:24:29,247 - f2 - INFO - [green][  完成  ]：2025-01-31 01-14-17_新的剧本以爱自己为主线_6女士_#生活碎片_#实况照片_live_5.mp4[/green]
2025-02-20 01:24:29,287 - f2 - INFO - [green][  完成  ]：2025-01-31 01-14-17_新的剧本以爱自己为主线_6女士_#生活碎片_#实况照片_live_7.mp4[/green]
2025-02-20 01:24:29,291 - f2 - INFO - [green][  完成  ]：2025-01-31 01-14-17_新的剧本以爱自己为主线_6女士_#生活碎片_#实况照片_live_6.mp4[/green]
2025-02-20 01:24:29,334 - f2 - INFO - [green][  完成  ]：2025-01-31 01-14-17_新的剧本以爱自己为主线_6女士_#生活碎片_#实况照片_live_8.mp4[/green]
2025-02-20 01:24:29,377 - f2 - INFO - [green][  完成  ]：2025-01-31 01-14-17_新的剧本以爱自己为主线_6女士_#生活碎片_#实况照片_live_9.mp4[/green]
2025-02-20 01:24:29,423 - f2 - INFO - [green][  完成  ]：2025-01-31 01-14-17_新的剧本以爱自己为主线_6女士_#生活碎片_#实况照片_live_10.mp4[/green]
2025-02-20 01:24:29,503 - f2 - INFO - [green][  完成  ]：2025-01-31 01-14-17_新的剧本以爱自己为主线_6女士_#生活碎片_#实况照片_live_13.mp4[/green]
2025-02-20 01:24:29,541 - f2 - INFO - [green][  完成  ]：2025-01-31 01-14-17_新的剧本以爱自己为主线_6女士_#生活碎片_#实况照片_live_14.mp4[/green]
2025-02-20 01:24:29,557 - f2 - INFO - [green][  完成  ]：2025-01-31 01-14-17_新的剧本以爱自己为主线_6女士_#生活碎片_#实况照片_live_12.mp4[/green]
2025-02-20 01:24:29,585 - f2 - INFO - [green][  完成  ]：2025-01-31 01-14-17_新的剧本以爱自己为主线_6女士_#生活碎片_#实况照片_live_15.mp4[/green]
2025-02-20 01:24:29,643 - f2 - INFO - [green][  完成  ]：2025-01-31 01-14-17_新的剧本以爱自己为主线_6女士_#生活碎片_#实况照片_live_11.mp4[/green]
2025-02-20 01:24:29,675 - f2 - INFO - [green][  完成  ]：2025-01-31 01-14-17_新的剧本以爱自己为主线_6女士_#生活碎片_#实况照片_live_16.mp4[/green]
2025-02-20 01:24:29,722 - f2 - INFO - [green][  完成  ]：2025-01-31 01-14-17_新的剧本以爱自己为主线_6女士_#生活碎片_#实况照片_live_17.mp4[/green]
2025-02-20 01:24:29,765 - f2 - INFO - [green][  完成  ]：2025-01-31 01-14-17_新的剧本以爱自己为主线_6女士_#生活碎片_#实况照片_live_18.mp4[/green]
2025-02-20 01:24:29,809 - f2 - INFO - [green][  完成  ]：2025-01-31 01-14-17_新的剧本以爱自己为主线_6女士_#生活碎片_#实况照片_live_19.mp4[/green]
2025-02-20 01:24:29,833 - f2 - INFO - [green][  完成  ]：2025-01-31 01-14-17_新的剧本以爱自己为主线_6女士_#生活碎片_#实况照片_live_20.mp4[/green]
2025-02-20 01:24:29,855 - f2 - INFO - [green][  完成  ]：2025-01-31 01-14-17_新的剧本以爱自己为主线_6女士_#生活碎片_#实况照片_live_21.mp4[/green]
2025-02-20 01:24:29,902 - f2 - INFO - [green][  完成  ]：2025-01-31 01-14-17_新的剧本以爱自己为主线_6女士_#生活碎片_#实况照片_live_22.mp4[/green]
2025-02-20 01:24:29,935 - f2 - INFO - [green][  完成  ]：2025-01-31 01-14-17_新的剧本以爱自己为主线_6女士_#生活碎片_#实况照片_live_23.mp4[/green]
2025-02-20 01:24:29,999 - f2 - INFO - [green][  完成  ]：2025-01-31 01-14-17_新的剧本以爱自己为主线_6女士_#生活碎片_#实况照片_live_24.mp4[/green]
2025-02-20 01:24:30,033 - f2 - INFO - [green][  完成  ]：2025-01-31 01-14-17_新的剧本以爱自己为主线_6女士_#生活碎片_#实况照片_live_25.mp4[/green]
2025-02-20 01:24:30,063 - f2 - INFO - [green][  完成  ]：2025-01-31 01-14-17_新的剧本以爱自己为主线_6女士_#生活碎片_#实况照片_live_26.mp4[/green]
2025-02-20 01:24:30,084 - f2 - INFO - [green][  完成  ]：2025-01-31 01-14-17_新的剧本以爱自己为主线_6女士_#生活碎片_#实况照片_live_27.mp4[/green]
2025-02-20 01:24:30,128 - f2 - INFO - [green][  完成  ]：2025-01-31 01-14-17_新的剧本以爱自己为主线_6女士_#生活碎片_#实况照片_live_28.mp4[/green]
2025-02-20 01:24:30,161 - f2 - INFO - [green][  完成  ]：2025-01-31 01-14-17_新的剧本以爱自己为主线_6女士_#生活碎片_#实况照片_live_29.mp4[/green]
2025-02-20 01:24:30,270 - f2 - INFO - [green][  完成  ]：2025-01-31 01-14-17_新的剧本以爱自己为主线_6女士_#生活碎片_#实况照片_live_31.mp4[/green]
2025-02-20 01:24:30,274 - f2 - INFO - [green][  完成  ]：2025-01-31 01-14-17_新的剧本以爱自己为主线_6女士_#生活碎片_#实况照片_live_30.mp4[/green]
2025-02-20 01:24:30,310 - f2 - INFO - [green][  完成  ]：2025-01-31 01-14-17_新的剧本以爱自己为主线_6女士_#生活碎片_#实况照片_live_32.mp4[/green]
2025-02-20 01:24:30,327 - f2 - INFO - [green][  完成  ]：2025-01-31 01-14-17_新的剧本以爱自己为主线_6女士_#生活碎片_#实况照片_live_33.mp4[/green]
2025-02-20 01:24:30,365 - f2 - INFO - [green][  完成  ]：2025-01-31 01-14-17_新的剧本以爱自己为主线_6女士_#生活碎片_#实况照片_live_35.mp4[/green]
2025-02-20 01:24:30,388 - f2 - INFO - [green][  完成  ]：2025-01-31 01-14-17_新的剧本以爱自己为主线_6女士_#生活碎片_#实况照片_live_34.mp4[/green]
2025-02-20 01:24:30,501 - f2 - INFO - [green][  完成  ]：2025-01-31 01-14-17_新的剧本以爱自己为主线_6女士_#生活碎片_#实况照片_live_37.mp4[/green]
2025-02-20 01:24:30,520 - f2 - INFO - [green][  完成  ]：2025-01-31 01-14-17_新的剧本以爱自己为主线_6女士_#生活碎片_#实况照片_live_36.mp4[/green]
2025-02-20 01:24:30,547 - f2 - INFO - [green][  完成  ]：2025-01-31 01-14-17_新的剧本以爱自己为主线_6女士_#生活碎片_#实况照片_live_38.mp4[/green]
2025-02-20 01:24:30,570 - f2 - INFO - [green][  完成  ]：2025-01-31 01-14-17_新的剧本以爱自己为主线_6女士_#生活碎片_#实况照片_live_39.mp4[/green]
2025-02-20 01:24:30,595 - f2 - INFO - [green][  完成  ]：2025-01-31 01-14-17_新的剧本以爱自己为主线_6女士_#生活碎片_#实况照片_live_40.mp4[/green]
2025-02-20 01:24:30,621 - f2 - INFO - [green][  完成  ]：2025-01-19 07-09-02_我其实每天都很焦虑_但是我的屌丝性格跟一脸无所谓的样子弥补了我慌张的神情_所以让别人都以为我每天日子过得蛮悠闲_6女士_#反差......我其实每天都很焦虑_但是我的屌丝性格跟一脸无所谓的样子弥补了我慌张的神情_所以让别人都以为我每天日子过得蛮悠闲_6女士_#反差_video.mp4[/green]
2025-02-20 01:24:30,645 - f2 - INFO - [green][  完成  ]：2025-01-31 01-14-17_新的剧本以爱自己为主线_6女士_#生活碎片_#实况照片_live_41.mp4[/green]
2025-02-20 01:24:30,720 - f2 - INFO - [green][  完成  ]：2025-01-31 01-14-17_新的剧本以爱自己为主线_6女士_#生活碎片_#实况照片_live_42.mp4[/green]
2025-02-20 01:24:30,769 - f2 - INFO - [green][  完成  ]：2025-01-31 01-14-17_新的剧本以爱自己为主线_6女士_#生活碎片_#实况照片_live_43.mp4[/green]
2025-02-20 01:24:30,805 - f2 - INFO - [green][  完成  ]：2025-01-31 01-14-17_新的剧本以爱自己为主线_6女士_#生活碎片_#实况照片_live_44.mp4[/green]
2025-02-20 01:24:30,828 - f2 - INFO - [green][  完成  ]：2025-01-31 01-14-17_新的剧本以爱自己为主线_6女士_#生活碎片_#实况照片_live_45.mp4[/green]
2025-02-20 01:24:30,850 - f2 - INFO - [green][  完成  ]：2025-01-31 01-14-17_新的剧本以爱自己为主线_6女士_#生活碎片_#实况照片_live_47.mp4[/green]
2025-02-20 01:24:30,877 - f2 - INFO - [green][  完成  ]：2025-01-31 01-14-17_新的剧本以爱自己为主线_6女士_#生活碎片_#实况照片_live_46.mp4[/green]
2025-02-20 01:24:30,901 - f2 - INFO - [green][  完成  ]：2025-01-31 01-14-17_新的剧本以爱自己为主线_6女士_#生活碎片_#实况照片_live_48.mp4[/green]
2025-02-20 01:24:30,944 - f2 - INFO - [green][  完成  ]：2025-01-31 01-14-17_新的剧本以爱自己为主线_6女士_#生活碎片_#实况照片_live_49.mp4[/green]
2025-02-20 01:24:31,011 - f2 - INFO - [green][  完成  ]：2025-01-31 01-14-17_新的剧本以爱自己为主线_6女士_#生活碎片_#实况照片_live_50.mp4[/green]
2025-02-20 01:24:31,030 - f2 - INFO - [green][  完成  ]：2025-01-31 01-14-17_新的剧本以爱自己为主线_6女士_#生活碎片_#实况照片_live_51.mp4[/green]
2025-02-20 01:24:31,055 - f2 - INFO - [green][  完成  ]：2025-01-31 01-14-17_新的剧本以爱自己为主线_6女士_#生活碎片_#实况照片_live_52.mp4[/green]
2025-02-20 01:24:31,083 - f2 - INFO - [green][  完成  ]：2025-01-31 01-14-17_新的剧本以爱自己为主线_6女士_#生活碎片_#实况照片_live_53.mp4[/green]
2025-02-20 01:24:31,111 - f2 - INFO - [green][  完成  ]：2025-01-31 01-14-17_新的剧本以爱自己为主线_6女士_#生活碎片_#实况照片_live_54.mp4[/green]
2025-02-20 01:24:31,142 - f2 - INFO - [green][  完成  ]：2025-01-31 01-14-17_新的剧本以爱自己为主线_6女士_#生活碎片_#实况照片_live_55.mp4[/green]
2025-02-20 01:24:31,186 - f2 - INFO - [green][  完成  ]：2025-01-31 01-14-17_新的剧本以爱自己为主线_6女士_#生活碎片_#实况照片_live_56.mp4[/green]
2025-02-20 01:24:31,256 - f2 - INFO - [green][  完成  ]：2025-01-31 01-14-17_新的剧本以爱自己为主线_6女士_#生活碎片_#实况照片_live_57.mp4[/green]
2025-02-20 01:24:31,260 - f2 - INFO - [green][  完成  ]：2025-01-31 01-14-17_新的剧本以爱自己为主线_6女士_#生活碎片_#实况照片_live_58.mp4[/green]
2025-02-20 01:24:31,307 - f2 - INFO - [green][  完成  ]：2025-01-31 01-14-17_新的剧本以爱自己为主线_6女士_#生活碎片_#实况照片_live_59.mp4[/green]
2025-02-20 01:24:31,344 - f2 - INFO - [green][  完成  ]：2025-01-31 01-14-17_新的剧本以爱自己为主线_6女士_#生活碎片_#实况照片_live_60.mp4[/green]
2025-02-20 01:24:31,368 - f2 - INFO - [green][  完成  ]：2025-01-31 01-14-17_新的剧本以爱自己为主线_6女士_#生活碎片_#实况照片_live_62.mp4[/green]
2025-02-20 01:24:31,383 - f2 - INFO - [green][  完成  ]：2025-01-31 01-14-17_新的剧本以爱自己为主线_6女士_#生活碎片_#实况照片_live_61.mp4[/green]
2025-02-20 01:24:31,409 - f2 - INFO - [green][  完成  ]：2025-01-31 01-14-17_新的剧本以爱自己为主线_6女士_#生活碎片_#实况照片_live_63.mp4[/green]
2025-02-20 01:24:31,497 - f2 - INFO - [green][  完成  ]：2025-01-31 01-14-17_新的剧本以爱自己为主线_6女士_#生活碎片_#实况照片_live_64.mp4[/green]
2025-02-20 01:24:31,522 - f2 - INFO - [green][  完成  ]：2025-01-31 01-14-17_新的剧本以爱自己为主线_6女士_#生活碎片_#实况照片_live_66.mp4[/green]
2025-02-20 01:24:31,540 - f2 - INFO - [green][  完成  ]：2025-01-31 01-14-17_新的剧本以爱自己为主线_6女士_#生活碎片_#实况照片_live_65.mp4[/green]
2025-02-20 01:24:31,570 - f2 - INFO - [green][  完成  ]：2025-01-31 01-14-17_新的剧本以爱自己为主线_6女士_#生活碎片_#实况照片_live_67.mp4[/green]
2025-02-20 01:24:31,611 - f2 - INFO - [green][  完成  ]：2025-01-31 01-14-17_新的剧本以爱自己为主线_6女士_#生活碎片_#实况照片_live_68.mp4[/green]
2025-02-20 01:24:31,633 - f2 - INFO - [green][  完成  ]：2025-01-31 01-14-17_新的剧本以爱自己为主线_6女士_#生活碎片_#实况照片_live_69.mp4[/green]
2025-02-20 01:24:31,657 - f2 - INFO - [green][  完成  ]：2025-01-31 01-14-17_新的剧本以爱自己为主线_6女士_#生活碎片_#实况照片_live_70.mp4[/green]
2025-02-20 01:24:31,736 - f2 - INFO - [green][  完成  ]：2025-01-31 01-14-17_新的剧本以爱自己为主线_6女士_#生活碎片_#实况照片_live_71.mp4[/green]
2025-02-20 01:24:31,775 - f2 - INFO - [green][  完成  ]：2025-01-31 01-14-17_新的剧本以爱自己为主线_6女士_#生活碎片_#实况照片_live_72.mp4[/green]
2025-02-20 01:24:31,791 - f2 - INFO - [green][  完成  ]：2025-01-31 01-14-17_新的剧本以爱自己为主线_6女士_#生活碎片_#实况照片_live_73.mp4[/green]
2025-02-20 01:24:31,857 - f2 - INFO - [green][  完成  ]：2025-01-31 01-14-17_新的剧本以爱自己为主线_6女士_#生活碎片_#实况照片_image_1.webp[/green]
2025-02-20 01:24:31,893 - f2 - INFO - [green][  完成  ]：2025-01-31 01-14-17_新的剧本以爱自己为主线_6女士_#生活碎片_#实况照片_image_3.webp[/green]
2025-02-20 01:24:31,920 - f2 - INFO - [green][  完成  ]：2025-01-31 01-14-17_新的剧本以爱自己为主线_6女士_#生活碎片_#实况照片_image_2.webp[/green]
2025-02-20 01:24:31,942 - f2 - INFO - [green][  完成  ]：2025-01-31 01-14-17_新的剧本以爱自己为主线_6女士_#生活碎片_#实况照片_image_4.webp[/green]
2025-02-20 01:24:31,962 - f2 - INFO - [green][  完成  ]：2025-01-31 01-14-17_新的剧本以爱自己为主线_6女士_#生活碎片_#实况照片_image_5.webp[/green]
2025-02-20 01:24:31,993 - f2 - INFO - [green][  完成  ]：2025-01-31 01-14-17_新的剧本以爱自己为主线_6女士_#生活碎片_#实况照片_image_6.webp[/green]
2025-02-20 01:24:32,012 - f2 - INFO - [green][  完成  ]：2025-01-31 01-14-17_新的剧本以爱自己为主线_6女士_#生活碎片_#实况照片_image_7.webp[/green]
2025-02-20 01:24:32,042 - f2 - INFO - [green][  完成  ]：2025-01-31 01-14-17_新的剧本以爱自己为主线_6女士_#生活碎片_#实况照片_image_8.webp[/green]
2025-02-20 01:24:32,114 - f2 - INFO - [green][  完成  ]：2025-01-31 01-14-17_新的剧本以爱自己为主线_6女士_#生活碎片_#实况照片_image_9.webp[/green]
2025-02-20 01:24:32,140 - f2 - INFO - [green][  完成  ]：2025-01-31 01-14-17_新的剧本以爱自己为主线_6女士_#生活碎片_#实况照片_image_10.webp[/green]
2025-02-20 01:24:32,176 - f2 - INFO - [green][  完成  ]：2025-01-31 01-14-17_新的剧本以爱自己为主线_6女士_#生活碎片_#实况照片_image_12.webp[/green]
2025-02-20 01:24:32,207 - f2 - INFO - [green][  完成  ]：2025-01-31 01-14-17_新的剧本以爱自己为主线_6女士_#生活碎片_#实况照片_image_13.webp[/green]
2025-02-20 01:24:32,227 - f2 - INFO - [green][  完成  ]：2025-01-31 01-14-17_新的剧本以爱自己为主线_6女士_#生活碎片_#实况照片_image_15.webp[/green]
2025-02-20 01:24:32,260 - f2 - INFO - [green][  完成  ]：2025-01-31 01-14-17_新的剧本以爱自己为主线_6女士_#生活碎片_#实况照片_image_14.webp[/green]
2025-02-20 01:24:32,275 - f2 - INFO - [green][  完成  ]：2025-01-31 01-14-17_新的剧本以爱自己为主线_6女士_#生活碎片_#实况照片_image_11.webp[/green]
2025-02-20 01:24:32,308 - f2 - INFO - [green][  完成  ]：2025-01-31 01-14-17_新的剧本以爱自己为主线_6女士_#生活碎片_#实况照片_image_16.webp[/green]
2025-02-20 01:24:32,344 - f2 - INFO - [green][  完成  ]：2025-01-31 01-14-17_新的剧本以爱自己为主线_6女士_#生活碎片_#实况照片_image_17.webp[/green]
2025-02-20 01:24:32,384 - f2 - INFO - [green][  完成  ]：2025-01-31 01-14-17_新的剧本以爱自己为主线_6女士_#生活碎片_#实况照片_image_19.webp[/green]
2025-02-20 01:24:32,388 - f2 - INFO - [green][  完成  ]：2025-01-31 01-14-17_新的剧本以爱自己为主线_6女士_#生活碎片_#实况照片_image_18.webp[/green]
2025-02-20 01:24:32,440 - f2 - INFO - [green][  完成  ]：2025-01-31 01-14-17_新的剧本以爱自己为主线_6女士_#生活碎片_#实况照片_image_20.webp[/green]
2025-02-20 01:24:32,475 - f2 - INFO - [green][  完成  ]：2025-01-31 01-14-17_新的剧本以爱自己为主线_6女士_#生活碎片_#实况照片_image_21.webp[/green]
2025-02-20 01:24:32,479 - f2 - INFO - [green][  完成  ]：2025-01-31 01-14-17_新的剧本以爱自己为主线_6女士_#生活碎片_#实况照片_image_22.webp[/green]
2025-02-20 01:24:32,537 - f2 - INFO - [green][  完成  ]：2025-01-31 01-14-17_新的剧本以爱自己为主线_6女士_#生活碎片_#实况照片_image_23.webp[/green]
2025-02-20 01:24:32,565 - f2 - INFO - [green][  完成  ]：2025-01-31 01-14-17_新的剧本以爱自己为主线_6女士_#生活碎片_#实况照片_image_24.webp[/green]
2025-02-20 01:24:32,602 - f2 - INFO - [green][  完成  ]：2025-01-31 01-14-17_新的剧本以爱自己为主线_6女士_#生活碎片_#实况照片_image_26.webp[/green]
2025-02-20 01:24:32,620 - f2 - INFO - [green][  完成  ]：2025-01-31 01-14-17_新的剧本以爱自己为主线_6女士_#生活碎片_#实况照片_image_25.webp[/green]
2025-02-20 01:24:32,650 - f2 - INFO - [green][  完成  ]：2025-01-31 01-14-17_新的剧本以爱自己为主线_6女士_#生活碎片_#实况照片_image_27.webp[/green]
2025-02-20 01:24:32,686 - f2 - INFO - [green][  完成  ]：2025-01-31 01-14-17_新的剧本以爱自己为主线_6女士_#生活碎片_#实况照片_image_28.webp[/green]
2025-02-20 01:24:32,706 - f2 - INFO - [green][  完成  ]：2025-01-31 01-14-17_新的剧本以爱自己为主线_6女士_#生活碎片_#实况照片_image_29.webp[/green]
2025-02-20 01:24:32,738 - f2 - INFO - [green][  完成  ]：2025-01-31 01-14-17_新的剧本以爱自己为主线_6女士_#生活碎片_#实况照片_image_30.webp[/green]
2025-02-20 01:24:32,797 - f2 - INFO - [green][  完成  ]：2025-01-31 01-14-17_新的剧本以爱自己为主线_6女士_#生活碎片_#实况照片_image_31.webp[/green]
2025-02-20 01:24:32,828 - f2 - INFO - [green][  完成  ]：2025-01-31 01-14-17_新的剧本以爱自己为主线_6女士_#生活碎片_#实况照片_image_33.webp[/green]
2025-02-20 01:24:32,842 - f2 - INFO - [green][  完成  ]：2025-01-31 01-14-17_新的剧本以爱自己为主线_6女士_#生活碎片_#实况照片_image_32.webp[/green]
2025-02-20 01:24:32,878 - f2 - INFO - [green][  完成  ]：2025-01-31 01-14-17_新的剧本以爱自己为主线_6女士_#生活碎片_#实况照片_image_34.webp[/green]
2025-02-20 01:24:32,908 - f2 - INFO - [green][  完成  ]：2025-01-31 01-14-17_新的剧本以爱自己为主线_6女士_#生活碎片_#实况照片_image_36.webp[/green]
2025-02-20 01:24:32,928 - f2 - INFO - [green][  完成  ]：2025-01-31 01-14-17_新的剧本以爱自己为主线_6女士_#生活碎片_#实况照片_image_35.webp[/green]
2025-02-20 01:24:32,956 - f2 - INFO - [green][  完成  ]：2025-01-31 01-14-17_新的剧本以爱自己为主线_6女士_#生活碎片_#实况照片_image_37.webp[/green]
2025-02-20 01:24:33,008 - f2 - INFO - [green][  完成  ]：2025-01-31 01-14-17_新的剧本以爱自己为主线_6女士_#生活碎片_#实况照片_image_38.webp[/green]
2025-02-20 01:24:33,036 - f2 - INFO - [green][  完成  ]：2025-01-31 01-14-17_新的剧本以爱自己为主线_6女士_#生活碎片_#实况照片_image_39.webp[/green]
2025-02-20 01:24:33,057 - f2 - INFO - [green][  完成  ]：2025-01-31 01-14-17_新的剧本以爱自己为主线_6女士_#生活碎片_#实况照片_image_40.webp[/green]
2025-02-20 01:24:33,093 - f2 - INFO - [green][  完成  ]：2025-01-31 01-14-17_新的剧本以爱自己为主线_6女士_#生活碎片_#实况照片_image_42.webp[/green]
2025-02-20 01:24:33,110 - f2 - INFO - [green][  完成  ]：2025-01-31 01-14-17_新的剧本以爱自己为主线_6女士_#生活碎片_#实况照片_image_41.webp[/green]
2025-02-20 01:24:33,139 - f2 - INFO - [green][  完成  ]：2025-01-31 01-14-17_新的剧本以爱自己为主线_6女士_#生活碎片_#实况照片_image_43.webp[/green]
2025-02-20 01:24:33,178 - f2 - INFO - [green][  完成  ]：2025-01-31 01-14-17_新的剧本以爱自己为主线_6女士_#生活碎片_#实况照片_image_44.webp[/green]
2025-02-20 01:24:33,213 - f2 - INFO - [green][  完成  ]：2025-01-31 01-14-17_新的剧本以爱自己为主线_6女士_#生活碎片_#实况照片_image_45.webp[/green]
2025-02-20 01:24:33,249 - f2 - INFO - [green][  完成  ]：2025-01-31 01-14-17_新的剧本以爱自己为主线_6女士_#生活碎片_#实况照片_image_46.webp[/green]
2025-02-20 01:24:33,266 - f2 - INFO - [green][  完成  ]：2025-01-31 01-14-17_新的剧本以爱自己为主线_6女士_#生活碎片_#实况照片_image_47.webp[/green]
2025-02-20 01:24:33,294 - f2 - INFO - [green][  完成  ]：2025-01-31 01-14-17_新的剧本以爱自己为主线_6女士_#生活碎片_#实况照片_image_49.webp[/green]
2025-02-20 01:24:33,310 - f2 - INFO - [green][  完成  ]：2025-01-31 01-14-17_新的剧本以爱自己为主线_6女士_#生活碎片_#实况照片_image_48.webp[/green]
2025-02-20 01:24:33,343 - f2 - INFO - [green][  完成  ]：2025-01-31 01-14-17_新的剧本以爱自己为主线_6女士_#生活碎片_#实况照片_image_50.webp[/green]
2025-02-20 01:24:33,378 - f2 - INFO - [green][  完成  ]：2025-01-31 01-14-17_新的剧本以爱自己为主线_6女士_#生活碎片_#实况照片_image_51.webp[/green]
2025-02-20 01:24:33,416 - f2 - INFO - [green][  完成  ]：2025-01-31 01-14-17_新的剧本以爱自己为主线_6女士_#生活碎片_#实况照片_image_52.webp[/green]
2025-02-20 01:24:33,431 - f2 - INFO - [green][  完成  ]：2025-01-31 01-14-17_新的剧本以爱自己为主线_6女士_#生活碎片_#实况照片_image_53.webp[/green]
2025-02-20 01:24:33,461 - f2 - INFO - [green][  完成  ]：2025-01-31 01-14-17_新的剧本以爱自己为主线_6女士_#生活碎片_#实况照片_image_54.webp[/green]
2025-02-20 01:24:33,499 - f2 - INFO - [green][  完成  ]：2025-01-31 01-14-17_新的剧本以爱自己为主线_6女士_#生活碎片_#实况照片_image_56.webp[/green]
2025-02-20 01:24:33,516 - f2 - INFO - [green][  完成  ]：2025-01-31 01-14-17_新的剧本以爱自己为主线_6女士_#生活碎片_#实况照片_image_55.webp[/green]
2025-02-20 01:24:33,581 - f2 - INFO - [green][  完成  ]：2025-01-31 01-14-17_新的剧本以爱自己为主线_6女士_#生活碎片_#实况照片_image_58.webp[/green]
2025-02-20 01:24:33,615 - f2 - INFO - [green][  完成  ]：2025-01-31 01-14-17_新的剧本以爱自己为主线_6女士_#生活碎片_#实况照片_image_57.webp[/green]
2025-02-20 01:24:33,644 - f2 - INFO - [green][  完成  ]：2025-01-31 01-14-17_新的剧本以爱自己为主线_6女士_#生活碎片_#实况照片_image_59.webp[/green]
2025-02-20 01:24:33,676 - f2 - INFO - [green][  完成  ]：2025-01-31 01-14-17_新的剧本以爱自己为主线_6女士_#生活碎片_#实况照片_image_60.webp[/green]
2025-02-20 01:24:33,692 - f2 - INFO - [green][  完成  ]：2025-01-31 01-14-17_新的剧本以爱自己为主线_6女士_#生活碎片_#实况照片_image_61.webp[/green]
2025-02-20 01:24:33,718 - f2 - INFO - [green][  完成  ]：2025-01-31 01-14-17_新的剧本以爱自己为主线_6女士_#生活碎片_#实况照片_image_62.webp[/green]
2025-02-20 01:24:33,735 - f2 - INFO - [green][  完成  ]：2025-01-31 01-14-17_新的剧本以爱自己为主线_6女士_#生活碎片_#实况照片_image_63.webp[/green]
2025-02-20 01:24:33,761 - f2 - INFO - [green][  完成  ]：2025-01-31 01-14-17_新的剧本以爱自己为主线_6女士_#生活碎片_#实况照片_image_64.webp[/green]
2025-02-20 01:24:33,797 - f2 - INFO - [green][  完成  ]：2025-01-31 01-14-17_新的剧本以爱自己为主线_6女士_#生活碎片_#实况照片_image_65.webp[/green]
2025-02-20 01:24:33,832 - f2 - INFO - [green][  完成  ]：2025-01-31 01-14-17_新的剧本以爱自己为主线_6女士_#生活碎片_#实况照片_image_66.webp[/green]
2025-02-20 01:24:33,863 - f2 - INFO - [green][  完成  ]：2025-01-31 01-14-17_新的剧本以爱自己为主线_6女士_#生活碎片_#实况照片_image_67.webp[/green]
2025-02-20 01:24:33,897 - f2 - INFO - [green][  完成  ]：2025-01-31 01-14-17_新的剧本以爱自己为主线_6女士_#生活碎片_#实况照片_image_68.webp[/green]
2025-02-20 01:24:33,917 - f2 - INFO - [green][  完成  ]：2025-01-31 01-14-17_新的剧本以爱自己为主线_6女士_#生活碎片_#实况照片_image_69.webp[/green]
2025-02-20 01:24:33,949 - f2 - INFO - [green][  完成  ]：2025-01-31 01-14-17_新的剧本以爱自己为主线_6女士_#生活碎片_#实况照片_image_70.webp[/green]
2025-02-20 01:24:33,972 - f2 - INFO - [green][  完成  ]：2025-01-31 01-14-17_新的剧本以爱自己为主线_6女士_#生活碎片_#实况照片_image_71.webp[/green]
2025-02-20 01:24:34,004 - f2 - INFO - [green][  完成  ]：2025-01-31 01-14-17_新的剧本以爱自己为主线_6女士_#生活碎片_#实况照片_image_72.webp[/green]
2025-02-20 01:24:34,041 - f2 - INFO - [green][  完成  ]：2025-01-31 01-14-17_新的剧本以爱自己为主线_6女士_#生活碎片_#实况照片_image_73.webp[/green]
2025-02-20 01:24:34,074 - f2 - INFO - [green][  完成  ]：2025-01-31 01-14-17_新的剧本以爱自己为主线_6女士_#生活碎片_#实况照片_image_75.webp[/green]
2025-02-20 01:24:34,107 - f2 - INFO - [green][  完成  ]：2025-01-31 01-14-17_新的剧本以爱自己为主线_6女士_#生活碎片_#实况照片_image_74.webp[/green]
2025-02-20 01:24:34,145 - f2 - INFO - [green][  完成  ]：2025-01-31 01-14-17_新的剧本以爱自己为主线_6女士_#生活碎片_#实况照片_image_76.webp[/green]
2025-02-20 01:24:34,162 - f2 - INFO - [green][  完成  ]：2025-01-31 01-14-17_新的剧本以爱自己为主线_6女士_#生活碎片_#实况照片_image_77.webp[/green]
2025-02-20 01:24:34,198 - f2 - INFO - [green][  完成  ]：2025-01-31 01-14-17_新的剧本以爱自己为主线_6女士_#生活碎片_#实况照片_image_79.webp[/green]
2025-02-20 01:24:34,203 - f2 - INFO - [green][  完成  ]：2025-01-31 01-14-17_新的剧本以爱自己为主线_6女士_#生活碎片_#实况照片_image_78.webp[/green]
2025-02-20 01:24:34,242 - f2 - INFO - [green][  完成  ]：2025-01-31 01-14-17_新的剧本以爱自己为主线_6女士_#生活碎片_#实况照片_image_80.webp[/green]
2025-02-20 01:24:34,278 - f2 - INFO - [green][  完成  ]：2025-01-31 01-14-17_新的剧本以爱自己为主线_6女士_#生活碎片_#实况照片_image_81.webp[/green]
2025-02-20 01:24:34,311 - f2 - INFO - [green][  完成  ]：2025-01-31 01-14-17_新的剧本以爱自己为主线_6女士_#生活碎片_#实况照片_image_82.webp[/green]
2025-02-20 01:24:34,371 - f2 - INFO - [green][  完成  ]：2025-01-31 01-14-17_新的剧本以爱自己为主线_6女士_#生活碎片_#实况照片_image_84.webp[/green]
2025-02-20 01:24:34,396 - f2 - INFO - [green][  完成  ]：2025-01-31 01-14-17_新的剧本以爱自己为主线_6女士_#生活碎片_#实况照片_image_83.webp[/green]
2025-02-20 01:24:34,418 - f2 - INFO - [green][  完成  ]：2025-01-31 01-14-17_新的剧本以爱自己为主线_6女士_#生活碎片_#实况照片_image_85.webp[/green]
2025-02-20 01:24:34,450 - f2 - INFO - [green][  完成  ]：2025-01-31 01-14-17_新的剧本以爱自己为主线_6女士_#生活碎片_#实况照片_image_86.webp[/green]
2025-02-20 01:24:34,470 - f2 - INFO - [green][  完成  ]：2025-01-31 01-14-17_新的剧本以爱自己为主线_6女士_#生活碎片_#实况照片_image_87.webp[/green]
2025-02-20 01:24:34,517 - f2 - INFO - [green][  完成  ]：2025-01-31 01-14-17_新的剧本以爱自己为主线_6女士_#生活碎片_#实况照片_image_88.webp[/green]
2025-02-20 01:24:34,551 - f2 - INFO - [green][  完成  ]：2025-01-31 01-14-17_新的剧本以爱自己为主线_6女士_#生活碎片_#实况照片_image_89.webp[/green]
2025-02-20 01:24:34,596 - f2 - INFO - [green][  完成  ]：2025-01-31 01-14-17_新的剧本以爱自己为主线_6女士_#生活碎片_#实况照片_image_91.webp[/green]
2025-02-20 01:24:34,613 - f2 - INFO - [green][  完成  ]：2025-01-31 01-14-17_新的剧本以爱自己为主线_6女士_#生活碎片_#实况照片_image_90.webp[/green]
2025-02-20 01:24:34,643 - f2 - INFO - [green][  完成  ]：2025-01-31 01-14-17_新的剧本以爱自己为主线_6女士_#生活碎片_#实况照片_image_93.webp[/green]
2025-02-20 01:24:34,659 - f2 - INFO - [green][  完成  ]：2025-01-31 01-14-17_新的剧本以爱自己为主线_6女士_#生活碎片_#实况照片_image_92.webp[/green]
2025-02-20 01:24:34,688 - f2 - INFO - [green][  完成  ]：2025-01-31 01-14-17_新的剧本以爱自己为主线_6女士_#生活碎片_#实况照片_image_94.webp[/green]
2025-02-20 01:24:34,727 - f2 - INFO - [green][  完成  ]：2025-01-31 01-14-17_新的剧本以爱自己为主线_6女士_#生活碎片_#实况照片_image_95.webp[/green]
2025-02-20 01:24:34,760 - f2 - INFO - [green][  完成  ]：2025-01-31 01-14-17_新的剧本以爱自己为主线_6女士_#生活碎片_#实况照片_image_96.webp[/green]
2025-02-20 01:24:34,784 - f2 - INFO - [green][  完成  ]：2025-01-31 01-14-17_新的剧本以爱自己为主线_6女士_#生活碎片_#实况照片_image_98.webp[/green]
2025-02-20 01:24:34,809 - f2 - INFO - [green][  完成  ]：2025-01-31 01-14-17_新的剧本以爱自己为主线_6女士_#生活碎片_#实况照片_image_97.webp[/green]
2025-02-20 01:24:34,828 - f2 - INFO - [green][  完成  ]：2025-01-31 01-14-17_新的剧本以爱自己为主线_6女士_#生活碎片_#实况照片_image_99.webp[/green]
2025-02-20 01:24:35,310 - f2 - INFO - [green][  完成  ]：2025-01-27 21-25-23_喜欢黑丝就不要招惹我们土豆丝_6女士_#反差_video.mp4[/green]
2025-02-20 01:24:35,394 - f2 - INFO - [green][  完成  ]：2025-01-26 12-51-24_#ikf耳夹式耳机#ikfairclip_video.mp4[/green]
2025-02-20 01:24:35,420 - f2 - INFO - [green][  完成  ]：2025-01-26 08-05-32_他说他想谈两个_我同意了_结果两个都不是我_6女士_#反差_video.mp4[/green]
2025-02-20 01:24:35,444 - f2 - INFO - [green][  完成  ]：2025-01-28 22-44-16_老公我有手有脚_日子过的不好我自己会跑的_6女士_#反差_video.mp4[/green]
2025-02-20 01:24:35,563 - f2 - INFO - [green][  完成  ]：2025-01-24 20-32-07_可以别和她讲话吗我带帽子不好看_6女士_#反差_video.mp4[/green]
2025-02-20 01:24:35,796 - f2 - INFO - [green][  完成  ]：2025-01-24 18-48-14_受委屈了就找我_你可以向我倾诉你任何人_我会一直在_你不用担心有人会烦你_大概有人会可我不会_我希望你不要把我当做外人_我也希望我是你重要的人_你可以什么事给我说_不要自己一个人受委屈我心......倾诉你任何人_我会一直在_你不用担心有人会烦你_大概有人会可我不会_我希望你不要把我当做外人_我也希望我是你重要的人_你可以什么事给我说_不要自己一个人受委屈我心疼_6女士_#反差_#甜妹_video.mp4[/green]
2025-02-20 01:24:35,821 - f2 - INFO - [green][  完成  ]：2025-01-24 14-59-15_感情淡了我们再培养_无话可说了我们就再去找话题_觉得腻了我们重新认识_要是累了就给彼此空间_人潮汹涌的_遇到你也不容易_也不想再推开了_我希望你也这样想_6女士_#反差......感情淡了我们再培养_无话可说了我们就再去找话题_觉得腻了我们重新认识_要是累了就给彼此空间_人潮汹涌的_遇到你也不容易_也不想再推开了_我希望你也这样想_6女士_#反差_video.mp4[/green]
2025-02-20 01:24:35,869 - f2 - INFO - [green][  完成  ]：2025-01-23 20-17-59_有些压力很正常_说出来总会好受一点_无论发生什么我都会站在你身边偏向你_不要把所有的压力和不开心都悄无声息的消化_6女士_#反差......有些压力很正常_说出来总会好受一点_无论发生什么我都会站在你身边偏向你_不要把所有的压力和不开心都悄无声息的消化_6女士_#反差_video.mp4[/green]
2025-02-20 01:24:35,942 - f2 - INFO - [green][  完成  ]：2025-01-25 13-42-25_惹我是吧_算你会挑软柿子_6女士_#反差_video.mp4[/green]
2025-02-20 01:24:36,021 - f2 - INFO - [green][  完成  ]：2025-01-21 21-45-40_远赴人间惊鸿宴_一睹长安盛世颜_咕咕咕汉服妆造体验馆_#西安妆造_image_1.webp[/green]
2025-02-20 01:24:36,110 - f2 - INFO - [green][  完成  ]：2025-01-21 21-45-40_远赴人间惊鸿宴_一睹长安盛世颜_咕咕咕汉服妆造体验馆_#西安妆造_image_4.webp[/green]
2025-02-20 01:24:36,159 - f2 - INFO - [green][  完成  ]：2025-01-21 21-45-40_远赴人间惊鸿宴_一睹长安盛世颜_咕咕咕汉服妆造体验馆_#西安妆造_image_2.webp[/green]
2025-02-20 01:24:36,181 - f2 - INFO - [green][  完成  ]：2025-01-21 21-45-40_远赴人间惊鸿宴_一睹长安盛世颜_咕咕咕汉服妆造体验馆_#西安妆造_image_3.webp[/green]
2025-02-20 01:24:36,275 - f2 - INFO - [green][  完成  ]：2025-01-22 15-31-01_如果有老公_谁又想打工_6女士_#反差_video.mp4[/green]
2025-02-20 01:24:36,292 - f2 - INFO - [green][  完成  ]：2025-01-24 00-43-08_我总是喜欢凶凶你骂骂你气气你_即使这样你还是一直在我身边_所以像你这样的男孩子_我会喜欢你好久好久_6女士_#反差_#甜妹......我总是喜欢凶凶你骂骂你气气你_即使这样你还是一直在我身边_所以像你这样的男孩子_我会喜欢你好久好久_6女士_#反差_#甜妹_video.mp4[/green]
2025-02-20 01:24:36,434 - f2 - INFO - [green][  完成  ]：2025-01-10 16-39-06_那些聊到凌晨的夜晚_心比手机烫_我以为我们是永远_6女士_#甜妹出击_#反差_image_1.webp[/green]
2025-02-20 01:24:36,512 - f2 - INFO - [green][  完成  ]：2025-01-10 16-39-06_那些聊到凌晨的夜晚_心比手机烫_我以为我们是永远_6女士_#甜妹出击_#反差_image_2.webp[/green]
2025-02-20 01:24:36,615 - f2 - INFO - [green][  完成  ]：2025-01-13 21-00-00_#品存_#品存05max#品存降噪耳机_video.mp4[/green]
2025-02-20 01:24:36,663 - f2 - INFO - [green][  完成  ]：2025-01-10 16-39-06_那些聊到凌晨的夜晚_心比手机烫_我以为我们是永远_6女士_#甜妹出击_#反差_image_3.webp[/green]
2025-02-20 01:24:36,713 - f2 - INFO - [green][  完成  ]：2025-01-10 16-39-06_那些聊到凌晨的夜晚_心比手机烫_我以为我们是永远_6女士_#甜妹出击_#反差_image_4.webp[/green]
2025-02-20 01:24:36,749 - f2 - INFO - [green][  完成  ]：2025-01-14 22-02-33_是想你的_可是你上条消息还没回_6女士_video.mp4[/green]
2025-02-20 01:24:36,781 - f2 - INFO - [green][  完成  ]：2025-01-15 13-21-18_我特别喜欢你主动的感觉_因为这样我才能确定你不嫌我烦_6女士_#反差_video.mp4[/green]
2025-02-20 01:24:36,825 - f2 - INFO - [green][  完成  ]：2025-01-10 16-39-06_那些聊到凌晨的夜晚_心比手机烫_我以为我们是永远_6女士_#甜妹出击_#反差_image_5.webp[/green]
2025-02-20 01:24:36,880 - f2 - INFO - [green][  完成  ]：2025-01-15 00-23-40_私密马赛大白菜酱哇达西爱你_6女士_#反差_video.mp4[/green]
2025-02-20 01:24:37,003 - f2 - INFO - [green][  完成  ]：2025-01-10 08-03-48_想给你一脚_又怕你舔我脚_6女士_#反差_video.mp4[/green]
2025-02-20 01:24:37,030 - f2 - INFO - [green][  完成  ]：2025-01-11 06-05-51_做不了世界的主人_做你的可以吗_6女士_#反差_#甜妹_video.mp4[/green]
2025-02-20 01:24:37,276 - f2 - INFO - [green][  完成  ]：2024-12-29 14-07-00_不会骂人一张嘴就是宝宝亲亲_6女士_video.mp4[/green]
2025-02-20 01:24:37,399 - f2 - INFO - [green][  完成  ]：2024-12-31 03-08-36_和你比起来他们都索然无味_6女士_#反差_video.mp4[/green]
2025-02-20 01:24:37,976 - f2 - INFO - [green][  完成  ]：2025-01-01 00-28-46_新年快乐呀__6女士_#反差_#新年快乐_video.mp4[/green]
