2025-02-19 20:01:11,525 - f2 - INFO - 处理用户：MS4wLjABAAAAOQ9BYHDT-BJr2yHwwNNvdNszXteeSzjuH5nifQOFvglpxMY3nP_qrzsIsXtEymCu 发布的作品
2025-02-19 20:01:22,816 - f2 - INFO - 等待 10 秒后继续
2025-02-19 20:01:34,145 - f2 - INFO - 等待 10 秒后继续
2025-02-19 20:01:45,152 - f2 - INFO - 等待 10 秒后继续
2025-02-19 20:01:55,959 - f2 - INFO - 等待 10 秒后继续
2025-02-19 20:02:06,949 - f2 - INFO - 等待 10 秒后继续
2025-02-19 20:02:17,978 - f2 - INFO - 等待 10 秒后继续
2025-02-19 20:02:28,966 - f2 - INFO - 等待 10 秒后继续
2025-02-19 20:02:40,508 - f2 - INFO - 等待 10 秒后继续
2025-02-19 20:02:51,576 - f2 - INFO - 等待 10 秒后继续
2025-02-19 20:03:02,589 - f2 - INFO - 等待 10 秒后继续
2025-02-19 20:03:13,683 - f2 - INFO - 等待 10 秒后继续
2025-02-19 20:03:25,710 - f2 - INFO - 等待 10 秒后继续
2025-02-19 20:03:37,585 - f2 - INFO - 等待 10 秒后继续
2025-02-19 20:03:50,499 - f2 - INFO - 等待 10 秒后继续
2025-02-19 20:04:02,343 - f2 - INFO - 等待 10 秒后继续
2025-02-19 20:04:13,673 - f2 - INFO - 等待 10 秒后继续
2025-02-19 20:04:24,077 - f2 - INFO - 第 1669367177000 页没有找到作品
2025-02-19 20:04:24,085 - f2 - INFO - 用户: MS4wLjABAAAAOQ9BYHDT-BJr2yHwwNNvdNszXteeSzjuH5nifQOFvglpxMY3nP_qrzsIsXtEymCu 所有作品采集完毕
2025-02-19 20:04:24,088 - f2 - INFO - 结束处理用户发布的作品，共处理 305 个作品
2025-02-19 20:04:24,309 - f2 - ERROR - 请前往QA文档 https://f2.wiki/faq 查看相关帮助
2025-02-19 20:04:24,312 - f2 - ERROR - Bark 通知发送失败，请检查 key 和网络连接：HTTP状态码错误： Status Code: 404
