2025-02-19 13:00:57,373 - f2 - INFO - 处理用户：MS4wLjABAAAA8cf7bagjh88I01MYgpIG8whknigx5YvCbfgRDBPLnAg 发布的作品
2025-02-19 13:01:01,160 - f2 - INFO - 等待 5 秒后继续
2025-02-19 13:01:09,750 - f2 - INFO - 等待 5 秒后继续
2025-02-19 13:01:18,175 - f2 - INFO - 等待 5 秒后继续
2025-02-19 13:01:26,569 - f2 - INFO - 等待 5 秒后继续
2025-02-19 13:01:32,757 - f2 - INFO - 等待 5 秒后继续
2025-02-19 13:01:38,917 - f2 - INFO - 等待 5 秒后继续
2025-02-19 13:01:45,030 - f2 - INFO - 等待 5 秒后继续
2025-02-19 13:01:51,101 - f2 - INFO - 等待 5 秒后继续
2025-02-19 13:01:57,299 - f2 - INFO - 等待 5 秒后继续
2025-02-19 13:02:03,484 - f2 - INFO - 等待 5 秒后继续
2025-02-19 13:02:09,658 - f2 - INFO - 等待 5 秒后继续
2025-02-19 13:02:15,658 - f2 - INFO - 等待 5 秒后继续
2025-02-19 13:02:21,829 - f2 - INFO - 等待 5 秒后继续
2025-02-19 13:02:28,039 - f2 - INFO - 等待 5 秒后继续
2025-02-19 13:02:35,950 - f2 - INFO - 等待 5 秒后继续
2025-02-19 13:02:44,568 - f2 - INFO - 等待 5 秒后继续
2025-02-19 13:02:53,175 - f2 - INFO - 等待 5 秒后继续
2025-02-19 13:03:01,537 - f2 - INFO - 等待 5 秒后继续
2025-02-19 13:03:09,757 - f2 - INFO - 等待 5 秒后继续
2025-02-19 13:03:17,811 - f2 - INFO - 等待 5 秒后继续
2025-02-19 13:03:24,996 - f2 - INFO - 等待 5 秒后继续
2025-02-19 13:03:31,567 - f2 - INFO - 第 1569215755000 页没有找到作品
2025-02-19 13:03:31,573 - f2 - INFO - 用户: MS4wLjABAAAA8cf7bagjh88I01MYgpIG8whknigx5YvCbfgRDBPLnAg 所有作品采集完毕
2025-02-19 13:03:31,575 - f2 - INFO - 结束处理用户发布的作品，共处理 404 个作品
2025-02-19 13:03:32,026 - f2 - ERROR - 请前往QA文档 https://f2.wiki/faq 查看相关帮助
2025-02-19 13:03:32,033 - f2 - ERROR - Bark 通知发送失败，请检查 key 和网络连接：HTTP状态码错误：404
