2025-02-19 12:50:12,837 - f2 - INFO - 处理用户：MS4wLjABAAAA8cf7bagjh88I01MYgpIG8whknigx5YvCbfgRDBPLnAg 发布的作品
2025-02-19 12:50:16,851 - f2 - INFO - 等待 5 秒后继续
2025-02-19 12:50:25,581 - f2 - INFO - 等待 5 秒后继续
2025-02-19 12:50:34,404 - f2 - INFO - 等待 5 秒后继续
2025-02-19 12:50:43,159 - f2 - INFO - 等待 5 秒后继续
2025-02-19 12:50:52,071 - f2 - INFO - 等待 5 秒后继续
2025-02-19 12:51:00,826 - f2 - INFO - 等待 5 秒后继续
2025-02-19 12:51:09,509 - f2 - INFO - 等待 5 秒后继续
2025-02-19 12:51:18,095 - f2 - INFO - 等待 5 秒后继续
2025-02-19 12:51:24,956 - f2 - INFO - 等待 5 秒后继续
2025-02-19 12:51:32,231 - f2 - INFO - 等待 5 秒后继续
2025-02-19 12:51:39,613 - f2 - INFO - 等待 5 秒后继续
2025-02-19 12:51:47,090 - f2 - INFO - 等待 5 秒后继续
2025-02-19 12:51:53,127 - f2 - INFO - 等待 5 秒后继续
2025-02-19 12:51:59,221 - f2 - INFO - 等待 5 秒后继续
2025-02-19 12:52:05,387 - f2 - INFO - 等待 5 秒后继续
2025-02-19 12:52:11,579 - f2 - INFO - 等待 5 秒后继续
2025-02-19 12:52:17,649 - f2 - INFO - 等待 5 秒后继续
2025-02-19 12:52:23,815 - f2 - INFO - 等待 5 秒后继续
2025-02-19 12:52:29,836 - f2 - INFO - 等待 5 秒后继续
2025-02-19 12:52:35,910 - f2 - INFO - 等待 5 秒后继续
2025-02-19 12:52:41,593 - f2 - INFO - 等待 5 秒后继续
2025-02-19 12:52:47,260 - f2 - INFO - 第 1569215755000 页没有找到作品
2025-02-19 12:52:47,267 - f2 - INFO - 用户: MS4wLjABAAAA8cf7bagjh88I01MYgpIG8whknigx5YvCbfgRDBPLnAg 所有作品采集完毕
2025-02-19 12:52:47,269 - f2 - INFO - 结束处理用户发布的作品，共处理 404 个作品
2025-02-19 12:52:47,726 - f2 - ERROR - 请前往QA文档 https://f2.wiki/faq 查看相关帮助
2025-02-19 12:52:47,734 - f2 - ERROR - Bark 通知发送失败，请检查 key 和网络连接：HTTP状态码错误：404
