2025-02-19 14:32:14,642 - f2 - INFO - [bold blue]开始批量下载多个用户的作品[/bold blue]
2025-02-19 14:32:15,808 - f2 - INFO - 处理用户：MS4wLjABAAAABsG6uyCohhTUpE4DmmD-c2EsdLeFIvJic8yxbXEze9g 发布的作品
2025-02-19 14:32:16,059 - f2 - INFO - 处理用户：MS4wLjABAAAAMn__d0rqdcuqb1lVJKapsl-ssFNQnayKwd136gpbScI 发布的作品
2025-02-19 14:32:17,333 - f2 - WARNING - 未提供日期区间参数
2025-02-19 14:32:17,740 - f2 - WARNING - 未提供日期区间参数
2025-02-19 14:32:20,695 - f2 - INFO - [green][  完成  ]：2024-10-20 21-03-40_战袍#腿照_#慢摇_#穿搭#纯恶意_video.mp4[/green]
2025-02-19 14:32:21,105 - f2 - INFO - [green][  完成  ]：2024-08-10 19-20-21_太累了_抽一位幸运网友和我一起单身#你的女朋女_#奶凶_video.mp4[/green]
2025-02-19 14:32:21,534 - f2 - INFO - [green][  完成  ]：2024-09-26 21-14-36_哥几个又来做阅读理解了#慢摇_#腿照_#穿搭_video.mp4[/green]
2025-02-19 14:32:22,005 - f2 - INFO - [green][  完成  ]：2024-09-20 21-56-00_下次见面就要穿外套了_骗你的_谁要跟你见面#腿照_#穿搭_#慢摇_video.mp4[/green]
2025-02-19 14:32:22,290 - f2 - INFO - [green][  完成  ]：2025-02-18 11-01-09_hi_宝宝_一个人上网吗#浅跳一下_#反差_#御姐_#甜妹_video.mp4[/green]
2025-02-19 14:32:22,759 - f2 - INFO - [green][  完成  ]：2025-02-19 14-15-51_宠粉煮啵_Three_叁_video.mp4[/green]
2025-02-19 14:32:23,232 - f2 - INFO - [green][  完成  ]：2023-08-16 19-10-57_小帅_我到你家楼下了#浅跳一下#甜妹#whatever甜妹舞_video.mp4[/green]
2025-02-19 14:32:23,518 - f2 - INFO - [green][  完成  ]：2025-02-16 18-54-44_喵_可爱小猫来啦_#ootd_#萌妹子_video.mp4[/green]
2025-02-19 14:32:23,816 - f2 - INFO - [green][  完成  ]：2025-02-18 23-29-14_在一起的时候说肉多抱在一起睡觉舒服_分手了到处说我是猪头_老子恨你#穿搭_#慢摇_#腿照_video.mp4[/green]
2025-02-19 14:32:24,483 - f2 - INFO - [green][  完成  ]：2025-02-18 19-14-49_宝宝_想我了吗_#ootd_#火力全开DJ版舞蹈挑战_video.mp4[/green]
2025-02-19 14:32:24,805 - f2 - INFO - [green][  完成  ]：2025-02-18 17-19-04_谁想和陈婉一起睡_video.mp4[/green]
2025-02-19 14:32:25,263 - f2 - INFO - [green][  完成  ]：2025-02-15 18-13-05_你对我吼什么啊哥_嫂子要是不喜欢我_我有这个机会当小三吗_你要是觉得我当小三不对_那你就和......子身上下来了吗_穿衣服也要催_#ootd_#纯欲天花板_video.mp4[/green]
2025-02-19 14:32:25,898 - f2 - INFO - [green][  完成  ]：2025-02-12 18-33-16_小狗_别看文案了_看我_#ootd_#谁还不是小腰精_video.mp4[/green]
2025-02-19 14:32:26,367 - f2 - INFO - [green][  完成  ]：2025-02-17 19-56-09_装货#穿搭_#御姐_#腿照_video.mp4[/green]
2025-02-19 14:32:26,738 - f2 - INFO - [green][  完成  ]：2025-02-17 22-33-31_火力全开#穿搭_#慢摇_#腿照_#火力全开_video.mp4[/green]
2025-02-19 14:32:27,090 - f2 - INFO - [green][  完成  ]：2025-02-14 18-54-23_情人节快乐_你的小猫来啦__#纯欲天花板_#萌妹子_#小猫咪_video.mp4[/green]
2025-02-19 14:32:27,407 - f2 - INFO - [green][  完成  ]：2025-02-11 19-01-50_我变身__#ootd_#纯欲天花板_#萌妹子_video.mp4[/green]
2025-02-19 14:32:27,876 - f2 - INFO - [green][  完成  ]：2025-02-16 21-52-57_要么给我钱_要么给我爱_要么给我滚#穿搭_#慢摇_#腿照_video.mp4[/green]
2025-02-19 14:32:28,414 - f2 - INFO - [green][  完成  ]：2025-02-13 23-24-50_注意一下#穿搭_#慢摇_#腿照_video.mp4[/green]
2025-02-19 14:32:28,724 - f2 - INFO - [7467578182783208763] 非实况图集，跳过实况下载
2025-02-19 14:32:29,028 - f2 - INFO - [green][  完成  ]：2025-02-09 18-59-40_宝宝_#ootd_#纯欲天花板_video.mp4[/green]
2025-02-19 14:32:29,343 - f2 - INFO - [green][  完成  ]：2025-02-15 22-02-53_那时我年纪轻轻能图你多少呢_要你赠予我金山银山吗_是的亲爱的_我不要你的真心#穿搭_#慢摇_#腿照_video.mp4[/green]
2025-02-19 14:32:29,663 - f2 - INFO - [green][  完成  ]：2025-02-10 19-17-48_听到某__#ootd_video.mp4[/green]
2025-02-19 14:32:30,117 - f2 - INFO - [green][  完成  ]：2025-02-08 19-09-23_今晚见呀__#ootd_#纯欲天花板_video.mp4[/green]
2025-02-19 14:32:30,422 - f2 - INFO - [green][  完成  ]：2025-02-12 23-45-58_究竟是人性的泯灭_还是道德的沦丧#慢摇_#腿照_#穿搭_video.mp4[/green]
2025-02-19 14:32:30,751 - f2 - INFO - [green][  完成  ]：2025-02-10 22-10-22_可以只跟我一个人好吗_白天jk_晚上兔女郎#穿搭_#腿照_#慢摇_video.mp4[/green]
2025-02-19 14:32:31,038 - f2 - INFO - [green][  完成  ]：2025-02-11 22-37-40_宝宝_我今天学历史了_夏商周秦汉_你等着北朝吧#腿照_#御姐_video.mp4[/green]
2025-02-19 14:32:31,367 - f2 - INFO - [green][  完成  ]：2025-01-30 19-22-44_可以一直围着我转吗_#ootd_video.mp4[/green]
2025-02-19 14:32:31,667 - f2 - INFO - [green][  完成  ]：2025-02-09 23-07-46_C1还没学会_就要去学C13#穿搭_#腿照_#慢摇_video.mp4[/green]
2025-02-19 14:32:31,997 - f2 - INFO - [green][  完成  ]：2025-02-02 18-58-00_最近有想我吗_贝贝__#ootd_video.mp4[/green]
2025-02-19 14:32:32,281 - f2 - INFO - [green][  完成  ]：2025-02-08 21-10-02_回复__公端_的评论_宠粉小婉#穿搭_#慢摇_#腿照_video.mp4[/green]
2025-02-19 14:32:32,596 - f2 - INFO - [green][  完成  ]：2025-02-07 01-57-56_末班车#穿搭_#腿照_#慢摇_video.mp4[/green]
2025-02-19 14:32:32,919 - f2 - INFO - [green][  完成  ]：2025-01-24 19-34-37_喵_出现一下_#ootd_video.mp4[/green]
2025-02-19 14:32:33,281 - f2 - INFO - [green][  完成  ]：2025-02-06 17-14-22_谁喜欢_video.mp4[/green]
2025-02-19 14:32:33,854 - f2 - INFO - [green][  完成  ]：2025-01-22 19-08-52_我来啦_#daybyday舞蹈挑战#ootd_video.mp4[/green]
2025-02-19 14:32:34,289 - f2 - INFO - [green][  完成  ]：2025-01-28 11-00-41_新年愿望_八方来财_#萤火突击_#过年就玩萤火突击_#萤火突击春节版本上线_video.mp4[/green]
2025-02-19 14:32:34,591 - f2 - INFO - [green][  完成  ]：2025-02-06 15-47-05_我要去打虎牙钉啦_#野生萝莉_video.mp4[/green]
2025-02-19 14:32:34,848 - f2 - INFO - [green][  完成  ]：2025-02-05 23-56-43_睡醒了_谁回收钢筋_裤裆里有一根#穿搭_#腿照_#慢摇_video.mp4[/green]
2025-02-19 14:32:34,916 - f2 - INFO - [green][  完成  ]：2025-02-04 22-57-32_你的推荐无人在意_你的隐喻无人能懂_image_1.webp[/green]
2025-02-19 14:32:34,961 - f2 - INFO - [green][  完成  ]：2025-02-04 22-57-32_你的推荐无人在意_你的隐喻无人能懂_image_2.webp[/green]
2025-02-19 14:32:35,718 - f2 - INFO - [green][  完成  ]：2025-01-17 19-03-23_谁把小匪调成这样了_#ootd_#丝滑_video.mp4[/green]
2025-02-19 14:32:36,224 - f2 - INFO - [green][  完成  ]：2025-01-14 19-02-09_喵喵喵__#纯欲天花板_#少萝_video.mp4[/green]
2025-02-19 14:32:36,299 - f2 - INFO - [green][  完成  ]：2025-02-05 00-49-39_哒哒哒哒_#穿搭_#腿照_#慢摇_video.mp4[/green]
2025-02-19 14:32:36,543 - f2 - INFO - [green][  完成  ]：2025-02-03 23-09-25_阅读理解#穿搭_#腿照_#慢摇_#逆天_video.mp4[/green]
2025-02-19 14:32:36,941 - f2 - INFO - [green][  完成  ]：2025-01-15 19-06-58_抖音就这舞蹈_简简单单_带派不老弟__#ootd_#谁还不是小腰精_video.mp4[/green]
2025-02-19 14:32:37,456 - f2 - INFO - [green][  完成  ]：2025-01-12 19-14-59_喵喵喵_想我了吗_#ootd_#纯欲天花板_video.mp4[/green]
2025-02-19 14:32:38,640 - f2 - INFO - [green][  完成  ]：2025-01-21 18-01-08_新年红包_来拿_#我是大东家新春版_#毛晓彤代言我是大东家_#在民俗里看见中国年_#万家灯火点亮新年_video.mp4[/green]
2025-02-19 14:32:38,652 - f2 - INFO - 等待 10 秒后继续
2025-02-19 14:32:38,656 - f2 - INFO - 等待 10 秒后继续
2025-02-19 14:32:50,198 - f2 - WARNING - 未提供日期区间参数
2025-02-19 14:32:50,620 - f2 - WARNING - 未提供日期区间参数
2025-02-19 14:32:50,882 - f2 - INFO - [7466474209535888698] 非实况图集，跳过实况下载
2025-02-19 14:32:53,262 - f2 - INFO - [green][  完成  ]：2025-02-02 22-53-56_你说你喜欢我_可是你手机里有我照片吗#穿搭_#腿照_#慢摇_video.mp4[/green]
2025-02-19 14:32:53,574 - f2 - INFO - [green][  完成  ]：2025-02-01 23-33-36__image_1.webp[/green]
2025-02-19 14:32:54,146 - f2 - INFO - [green][  完成  ]：2025-01-31 23-06-19_还得你行啊_黄金揣兜里_嫂子揣怀里_兄弟踹沟里#腿照_#穿搭_#御姐_#对镜拍_video.mp4[/green]
2025-02-19 14:32:54,500 - f2 - INFO - [green][  完成  ]：2025-01-10 18-57-09_好热__你给我喝了什么_#ootd_#纯欲天花板_video.mp4[/green]
2025-02-19 14:32:55,133 - f2 - INFO - [green][  完成  ]：2025-02-01 23-09-52_惹我的人_我会在过年把你们家的福字加一横改成逼#穿搭_#腿照_#慢摇_#猎奇_video.mp4[/green]
2025-02-19 14:32:55,887 - f2 - INFO - [green][  完成  ]：2025-01-06 19-06-28_喵喵喵_我来啦_#你要怎么抵抗我_#想做你的妲己_video.mp4[/green]
2025-02-19 14:32:56,276 - f2 - INFO - [green][  完成  ]：2025-01-08 19-14-41_谁敢听__#叮咚鸡_#少萝_video.mp4[/green]
2025-02-19 14:32:56,747 - f2 - INFO - [green][  完成  ]：2025-01-09 19-04-35_宝宝_我肚肚打雷了_#ootd_#力力摇变装_video.mp4[/green]
2025-02-19 14:32:57,067 - f2 - INFO - [green][  完成  ]：2025-01-30 22-40-34_解我裤带干嘛_想喝牛奶自己买#腿照_#御姐_#猎奇_video.mp4[/green]
2025-02-19 14:32:57,394 - f2 - INFO - [7461612921844485433] 非实况图集，跳过实况下载
2025-02-19 14:32:58,415 - f2 - INFO - [green][  完成  ]：2025-01-29 21-28-13_老公_我只能跟你同甘_共苦你得找小三#穿搭_#腿照_#慢摇_video.mp4[/green]
2025-02-19 14:32:58,734 - f2 - INFO - [green][  完成  ]：2025-01-02 19-09-33_如果你惹毛我了_我就变得毛茸茸的__#ootd_#纯欲天花板_video.mp4[/green]
2025-02-19 14:32:59,060 - f2 - INFO - [green][  完成  ]：2025-01-31 20-54-17_世界扇我巴掌_我说好爽还要#穿搭_#腿照_#慢摇_#猎奇#耳光舞_video.mp4[/green]
2025-02-19 14:32:59,377 - f2 - INFO - [green][  完成  ]：2025-01-04 19-06-56_对不良诱惑说不够__#ootd_video.mp4[/green]
2025-02-19 14:32:59,672 - f2 - INFO - [green][  完成  ]：2025-01-03 19-13-21_正是听dj的年纪__#不谓侠dj_#ootd_video.mp4[/green]
2025-02-19 14:33:00,210 - f2 - INFO - [green][  完成  ]：2025-01-25 00-07-26_这集吧人生我没集吧怎么过#腿照_#猎奇_#逆天_#穿搭_image_1.webp[/green]
2025-02-19 14:33:00,519 - f2 - INFO - [green][  完成  ]：2025-01-25 00-07-26_这集吧人生我没集吧怎么过#腿照_#猎奇_#逆天_#穿搭_live_1.mp4[/green]
2025-02-19 14:33:00,834 - f2 - INFO - [green][  完成  ]：2025-01-25 00-07-26_这集吧人生我没集吧怎么过#腿照_#猎奇_#逆天_#穿搭_live_2.mp4[/green]
2025-02-19 14:33:01,319 - f2 - INFO - [green][  完成  ]：2025-01-28 22-31-00_下午两点才回信息_我总感觉你刚退完房#穿搭_#腿照_#慢摇_video.mp4[/green]
2025-02-19 14:33:01,851 - f2 - INFO - [green][  完成  ]：2025-01-25 00-07-26_这集吧人生我没集吧怎么过#腿照_#猎奇_#逆天_#穿搭_image_2.webp[/green]
2025-02-19 14:33:02,200 - f2 - INFO - [green][  完成  ]：2025-01-23 00-19-30_我问她到底喜不喜欢我_她说到底就喜欢#腿照_#穿搭_video.mp4[/green]
2025-02-19 14:33:02,511 - f2 - INFO - [green][  完成  ]：2025-01-23 21-26-54_昨晚的饭你没吃_但她逼你吃了#穿搭_#慢摇_#腿照_video.mp4[/green]
2025-02-19 14:33:02,940 - f2 - INFO - [green][  完成  ]：2024-12-28 19-37-33_谁说国产没好剧_#你要怎么抵抗我_#纯欲天花板_video.mp4[/green]
2025-02-19 14:33:03,403 - f2 - INFO - [green][  完成  ]：2024-12-31 19-10-33_哪怕我是坏女人你也认吗_#写得出最刻薄的字文_#纯欲天花板_#ootd_video.mp4[/green]
2025-02-19 14:33:03,866 - f2 - INFO - [green][  完成  ]：2025-01-22 00-30-19_傍晚18点才天黑_你还不到18就黑了#慢摇_#甜妹_#腿照_#穿搭_video.mp4[/green]
2025-02-19 14:33:04,249 - f2 - INFO - [green][  完成  ]：2025-01-21 00-21-20_男人忘不掉两种女人_一是为他花了很多钱_二是太烧舍不得#穿搭_#腿照_#慢摇_video.mp4[/green]
2025-02-19 14:33:04,322 - f2 - INFO - [green][  完成  ]：2024-12-25 19-10-18_别走_等我变个身_#ootd_#你要怎么抵抗我_video.mp4[/green]
2025-02-19 14:33:04,888 - f2 - INFO - [green][  完成  ]：2025-01-19 21-09-20_你怎么好意思开口说喜欢我的_两块钱的尺子都有20cm_可你没有#穿搭__#腿照_#甜妹_image_1.webp[/green]
