2025-02-19 14:42:23,468 - f2 - INFO - [bold blue]开始批量下载多个用户的作品[/bold blue]
2025-02-19 14:43:02,158 - f2 - INFO - 处理用户：MS4wLjABAAAAMn__d0rqdcuqb1lVJKapsl-ssFNQnayKwd136gpbScI 发布的作品
2025-02-19 14:44:18,406 - f2 - WARNING - 未提供日期区间参数
2025-02-19 14:44:21,881 - f2 - INFO - [green][  完成  ]：2024-08-10 19-20-21_太累了_抽一位幸运网友和我一起单身#你的女朋女_#奶凶_video.mp4[/green]
2025-02-19 14:44:22,631 - f2 - INFO - [green][  完成  ]：2025-02-16 18-54-44_喵_可爱小猫来啦_#ootd_#萌妹子_video.mp4[/green]
2025-02-19 14:44:23,021 - f2 - INFO - [green][  完成  ]：2025-02-18 11-01-09_hi_宝宝_一个人上网吗#浅跳一下_#反差_#御姐_#甜妹_video.mp4[/green]
2025-02-19 14:44:23,528 - f2 - INFO - [green][  完成  ]：2023-08-16 19-10-57_小帅_我到你家楼下了#浅跳一下#甜妹#whatever甜妹舞_video.mp4[/green]
2025-02-19 14:44:24,229 - f2 - INFO - [green][  完成  ]：2025-02-15 18-13-05_你对我吼什么啊哥_嫂子要是不喜欢我_我有这个机会当小三吗_你要是觉得我当小三不对_那你就和......子身上下来了吗_穿衣服也要催_#ootd_#纯欲天花板_video.mp4[/green]
2025-02-19 14:44:24,701 - f2 - INFO - [green][  完成  ]：2025-02-18 19-14-49_宝宝_想我了吗_#ootd_#火力全开DJ版舞蹈挑战_video.mp4[/green]
2025-02-19 14:44:25,148 - f2 - INFO - [green][  完成  ]：2025-02-12 18-33-16_小狗_别看文案了_看我_#ootd_#谁还不是小腰精_video.mp4[/green]
2025-02-19 14:44:25,654 - f2 - INFO - [green][  完成  ]：2025-02-11 19-01-50_我变身__#ootd_#纯欲天花板_#萌妹子_video.mp4[/green]
2025-02-19 14:44:26,447 - f2 - INFO - [green][  完成  ]：2025-02-14 18-54-23_情人节快乐_你的小猫来啦__#纯欲天花板_#萌妹子_#小猫咪_video.mp4[/green]
2025-02-19 14:44:26,784 - f2 - INFO - [green][  完成  ]：2025-02-09 18-59-40_宝宝_#ootd_#纯欲天花板_video.mp4[/green]
2025-02-19 14:44:26,867 - f2 - INFO - [green][  完成  ]：2025-02-10 19-17-48_听到某__#ootd_video.mp4[/green]
2025-02-19 14:44:27,415 - f2 - INFO - [green][  完成  ]：2025-02-08 19-09-23_今晚见呀__#ootd_#纯欲天花板_video.mp4[/green]
2025-02-19 14:44:28,290 - f2 - INFO - [green][  完成  ]：2025-02-02 18-58-00_最近有想我吗_贝贝__#ootd_video.mp4[/green]
2025-02-19 14:44:28,457 - f2 - INFO - [green][  完成  ]：2025-01-24 19-34-37_喵_出现一下_#ootd_video.mp4[/green]
2025-02-19 14:44:28,540 - f2 - INFO - [green][  完成  ]：2025-01-30 19-22-44_可以一直围着我转吗_#ootd_video.mp4[/green]
2025-02-19 14:44:28,634 - f2 - INFO - [green][  完成  ]：2025-01-22 19-08-52_我来啦_#daybyday舞蹈挑战#ootd_video.mp4[/green]
2025-02-19 14:44:29,127 - f2 - INFO - [green][  完成  ]：2025-01-28 11-00-41_新年愿望_八方来财_#萤火突击_#过年就玩萤火突击_#萤火突击春节版本上线_video.mp4[/green]
2025-02-19 14:44:29,234 - f2 - INFO - [green][  完成  ]：2025-01-15 19-06-58_抖音就这舞蹈_简简单单_带派不老弟__#ootd_#谁还不是小腰精_video.mp4[/green]
2025-02-19 14:44:29,268 - f2 - INFO - [green][  完成  ]：2025-01-17 19-03-23_谁把小匪调成这样了_#ootd_#丝滑_video.mp4[/green]
2025-02-19 14:44:29,309 - f2 - INFO - [green][  完成  ]：2025-01-14 19-02-09_喵喵喵__#纯欲天花板_#少萝_video.mp4[/green]
2025-02-19 14:44:29,481 - f2 - INFO - [green][  完成  ]：2025-01-12 19-14-59_喵喵喵_想我了吗_#ootd_#纯欲天花板_video.mp4[/green]
2025-02-19 14:44:29,529 - f2 - INFO - [green][  完成  ]：2025-01-21 18-01-08_新年红包_来拿_#我是大东家新春版_#毛晓彤代言我是大东家_#在民俗里看见中国年_#万家灯火点亮新年_video.mp4[/green]
2025-02-19 14:44:32,473 - f2 - INFO - 等待 10 秒后继续
