2025-02-19 14:58:56,245 - f2 - INFO - 处理用户：MS4wLjABAAAAOQ9BYHDT-BJr2yHwwNNvdNszXteeSzjuH5nifQOFvglpxMY3nP_qrzsIsXtEymCu 发布的作品
2025-02-19 14:59:31,503 - f2 - INFO - 等待 10 秒后继续
2025-02-19 14:59:46,743 - f2 - INFO - 等待 10 秒后继续
2025-02-19 14:59:58,088 - f2 - INFO - 等待 10 秒后继续
2025-02-19 15:00:09,259 - f2 - INFO - 等待 10 秒后继续
2025-02-19 15:00:20,227 - f2 - INFO - 等待 10 秒后继续
2025-02-19 15:00:31,569 - f2 - INFO - 等待 10 秒后继续
2025-02-19 15:00:42,846 - f2 - INFO - 等待 10 秒后继续
2025-02-19 15:00:53,874 - f2 - INFO - 等待 10 秒后继续
2025-02-19 15:01:04,944 - f2 - INFO - 等待 10 秒后继续
2025-02-19 15:01:16,143 - f2 - INFO - 等待 10 秒后继续
2025-02-19 15:01:27,436 - f2 - INFO - 等待 10 秒后继续
2025-02-19 15:01:38,566 - f2 - INFO - 等待 10 秒后继续
2025-02-19 15:01:49,897 - f2 - INFO - 等待 10 秒后继续
2025-02-19 15:02:01,153 - f2 - INFO - 等待 10 秒后继续
2025-02-19 15:02:12,416 - f2 - INFO - 等待 10 秒后继续
2025-02-19 15:02:23,273 - f2 - INFO - 等待 10 秒后继续
2025-02-19 15:02:33,841 - f2 - INFO - 第 1669367177000 页没有找到作品
2025-02-19 15:02:33,847 - f2 - INFO - 用户: MS4wLjABAAAAOQ9BYHDT-BJr2yHwwNNvdNszXteeSzjuH5nifQOFvglpxMY3nP_qrzsIsXtEymCu 所有作品采集完毕
2025-02-19 15:02:33,849 - f2 - INFO - 结束处理用户发布的作品，共处理 305 个作品
2025-02-19 15:02:34,271 - f2 - ERROR - 请前往QA文档 https://f2.wiki/faq 查看相关帮助
2025-02-19 15:02:34,278 - f2 - ERROR - Bark 通知发送失败，请检查 key 和网络连接：HTTP状态码错误：404
