2025-02-19 14:38:37,938 - f2 - INFO - [bold blue]开始批量下载多个用户的作品[/bold blue]
2025-02-19 14:38:38,857 - f2 - INFO - 处理用户：MS4wLjABAAAAMn__d0rqdcuqb1lVJKapsl-ssFNQnayKwd136gpbScI 发布的作品
2025-02-19 14:38:40,441 - f2 - WARNING - 未提供日期区间参数
2025-02-19 14:38:40,445 - f2 - INFO - [cyan][  跳过  ]: 2023-08-16 19-10-57_小帅_我到你家楼下了#浅跳一下#甜妹#whatever甜妹舞_video.mp4[/cyan]
2025-02-19 14:38:40,464 - f2 - INFO - [cyan][  跳过  ]: 2024-08-10 19-20-21_太累了_抽一位幸运网友和我一起单身#你的女朋女_#奶凶_video.mp4[/cyan]
2025-02-19 14:38:40,483 - f2 - INFO - [cyan][  跳过  ]: 2025-02-18 19-14-49_宝宝_想我了吗_#ootd_#火力全开DJ版舞蹈挑战_video.mp4[/cyan]
2025-02-19 14:38:40,501 - f2 - INFO - [cyan][  跳过  ]: 2025-02-18 11-01-09_hi_宝宝_一个人上网吗#浅跳一下_#反差_#御姐_#甜妹_video.mp4[/cyan]
2025-02-19 14:38:40,516 - f2 - INFO - [cyan][  跳过  ]: 2025-02-16 18-54-44_喵_可爱小猫来啦_#ootd_#萌妹子_video.mp4[/cyan]
2025-02-19 14:38:40,532 - f2 - INFO - [cyan][  跳过  ]: 2025-02-15 18-13-05_你对我吼什么啊哥_嫂子要是不喜欢我_我有这个机会当小三吗_你要是觉得我当小三不对_那你就和......子身上下来了吗_穿衣服也要催_#ootd_#纯欲天花板_video.mp4[/cyan]
2025-02-19 14:38:40,552 - f2 - INFO - [cyan][  跳过  ]: 2025-02-14 18-54-23_情人节快乐_你的小猫来啦__#纯欲天花板_#萌妹子_#小猫咪_video.mp4[/cyan]
2025-02-19 14:38:40,568 - f2 - INFO - [cyan][  跳过  ]: 2025-02-12 18-33-16_小狗_别看文案了_看我_#ootd_#谁还不是小腰精_video.mp4[/cyan]
2025-02-19 14:38:40,585 - f2 - INFO - [cyan][  跳过  ]: 2025-02-11 19-01-50_我变身__#ootd_#纯欲天花板_#萌妹子_video.mp4[/cyan]
2025-02-19 14:38:40,602 - f2 - INFO - [cyan][  跳过  ]: 2025-02-10 19-17-48_听到某__#ootd_video.mp4[/cyan]
2025-02-19 14:38:40,619 - f2 - INFO - [cyan][  跳过  ]: 2025-02-09 18-59-40_宝宝_#ootd_#纯欲天花板_video.mp4[/cyan]
2025-02-19 14:38:40,636 - f2 - INFO - [cyan][  跳过  ]: 2025-02-08 19-09-23_今晚见呀__#ootd_#纯欲天花板_video.mp4[/cyan]
2025-02-19 14:38:40,653 - f2 - INFO - [cyan][  跳过  ]: 2025-02-02 18-58-00_最近有想我吗_贝贝__#ootd_video.mp4[/cyan]
2025-02-19 14:38:40,669 - f2 - INFO - [cyan][  跳过  ]: 2025-01-30 19-22-44_可以一直围着我转吗_#ootd_video.mp4[/cyan]
2025-02-19 14:38:40,686 - f2 - INFO - [cyan][  跳过  ]: 2025-01-28 11-00-41_新年愿望_八方来财_#萤火突击_#过年就玩萤火突击_#萤火突击春节版本上线_video.mp4[/cyan]
2025-02-19 14:38:40,703 - f2 - INFO - [cyan][  跳过  ]: 2025-01-24 19-34-37_喵_出现一下_#ootd_video.mp4[/cyan]
2025-02-19 14:38:40,732 - f2 - INFO - [cyan][  跳过  ]: 2025-01-22 19-08-52_我来啦_#daybyday舞蹈挑战#ootd_video.mp4[/cyan]
2025-02-19 14:38:40,767 - f2 - INFO - [cyan][  跳过  ]: 2025-01-21 18-01-08_新年红包_来拿_#我是大东家新春版_#毛晓彤代言我是大东家_#在民俗里看见中国年_#万家灯火点亮新年_video.mp4[/cyan]
2025-02-19 14:38:40,789 - f2 - INFO - [cyan][  跳过  ]: 2025-01-17 19-03-23_谁把小匪调成这样了_#ootd_#丝滑_video.mp4[/cyan]
2025-02-19 14:38:40,807 - f2 - INFO - [cyan][  跳过  ]: 2025-01-15 19-06-58_抖音就这舞蹈_简简单单_带派不老弟__#ootd_#谁还不是小腰精_video.mp4[/cyan]
2025-02-19 14:38:40,824 - f2 - INFO - [cyan][  跳过  ]: 2025-01-14 19-02-09_喵喵喵__#纯欲天花板_#少萝_video.mp4[/cyan]
2025-02-19 14:38:40,841 - f2 - INFO - [cyan][  跳过  ]: 2025-01-12 19-14-59_喵喵喵_想我了吗_#ootd_#纯欲天花板_video.mp4[/cyan]
2025-02-19 14:38:41,066 - f2 - INFO - 等待 10 秒后继续
2025-02-19 14:38:55,041 - f2 - WARNING - 未提供日期区间参数
2025-02-19 14:38:55,045 - f2 - INFO - [cyan][  跳过  ]: 2025-01-10 18-57-09_好热__你给我喝了什么_#ootd_#纯欲天花板_video.mp4[/cyan]
2025-02-19 14:38:55,064 - f2 - INFO - [cyan][  跳过  ]: 2025-01-09 19-04-35_宝宝_我肚肚打雷了_#ootd_#力力摇变装_video.mp4[/cyan]
2025-02-19 14:38:55,081 - f2 - INFO - [cyan][  跳过  ]: 2025-01-08 19-14-41_谁敢听__#叮咚鸡_#少萝_video.mp4[/cyan]
2025-02-19 14:38:55,098 - f2 - INFO - [cyan][  跳过  ]: 2025-01-06 19-06-28_喵喵喵_我来啦_#你要怎么抵抗我_#想做你的妲己_video.mp4[/cyan]
2025-02-19 14:38:55,114 - f2 - INFO - [cyan][  跳过  ]: 2025-01-04 19-06-56_对不良诱惑说不够__#ootd_video.mp4[/cyan]
2025-02-19 14:38:55,131 - f2 - INFO - [cyan][  跳过  ]: 2025-01-03 19-13-21_正是听dj的年纪__#不谓侠dj_#ootd_video.mp4[/cyan]
2025-02-19 14:38:55,149 - f2 - INFO - [cyan][  跳过  ]: 2025-01-02 19-09-33_如果你惹毛我了_我就变得毛茸茸的__#ootd_#纯欲天花板_video.mp4[/cyan]
2025-02-19 14:38:55,166 - f2 - INFO - [cyan][  跳过  ]: 2024-12-31 19-10-33_哪怕我是坏女人你也认吗_#写得出最刻薄的字文_#纯欲天花板_#ootd_video.mp4[/cyan]
2025-02-19 14:38:55,183 - f2 - INFO - [cyan][  跳过  ]: 2024-12-28 19-37-33_谁说国产没好剧_#你要怎么抵抗我_#纯欲天花板_video.mp4[/cyan]
2025-02-19 14:38:55,786 - f2 - INFO - [cyan][  跳过  ]: 2024-12-25 19-10-18_别走_等我变个身_#ootd_#你要怎么抵抗我_video.mp4[/cyan]
2025-02-19 14:38:57,689 - f2 - INFO - [green][  完成  ]：2024-12-26 19-07-46_我来啦__#ootd_#你要怎么抵抗我_video.mp4[/green]
2025-02-19 14:38:58,670 - f2 - INFO - [green][  完成  ]：2024-12-24 19-16-30_快哉快哉_#ootd_#想做你的妲己_video.mp4[/green]
2025-02-19 14:38:58,718 - f2 - INFO - [green][  完成  ]：2024-12-17 19-09-08_飞踢来咯__#劫妹无忧__#永劫无间手游_#永劫无间手游神州赛季#张诗尧_#宇将军_video.mp4[/green]
2025-02-19 14:38:59,018 - f2 - INFO - [green][  完成  ]：2024-12-19 19-19-38_陛下__#离谱版法海你根本不懂爱_#法海你根本不懂爱_#ootd_video.mp4[/green]
2025-02-19 14:38:59,286 - f2 - INFO - [green][  完成  ]：2024-12-20 19-08-54_有空一起看电影_#御姐_#完美身材_video.mp4[/green]
2025-02-19 14:38:59,412 - f2 - INFO - [green][  完成  ]：2024-12-16 17-08-37_别眨眼_#劫妹无忧__#永劫无间手游_#永劫无间手游神州赛季#永劫手游小剧场#可惜我再会振刀也振不进你的心_video.mp4[/green]
2025-02-19 14:38:59,612 - f2 - INFO - [green][  完成  ]：2024-12-12 19-34-14_背影更容易产生想象_#ootd_#你要怎么抵抗我_video.mp4[/green]
2025-02-19 14:39:00,423 - f2 - INFO - [green][  完成  ]：2024-12-16 19-26-44_浅跳一下_#劫妹无忧__#永劫无间手游_#永劫无间手游神州赛季#永劫手游小剧场#可惜我再会振刀也振不进你的心_video.mp4[/green]
2025-02-19 14:39:00,432 - f2 - INFO - [green][  完成  ]：2024-12-27 18-31-11_记得查收这份情书_#四季的三行情书挑战_video.mp4[/green]
2025-02-19 14:39:01,351 - f2 - INFO - [green][  完成  ]：2024-12-15 19-30-04_歌词到底在唱什么_#劫妹无忧__#永劫无间手游_#永劫无间手游神州赛季#抖音罗刹杯#永劫手游小剧场_video.mp4[/green]
2025-02-19 14:39:01,359 - f2 - INFO - 等待 10 秒后继续
2025-02-19 14:39:15,224 - f2 - WARNING - 未提供日期区间参数
2025-02-19 14:39:18,278 - f2 - INFO - [green][  完成  ]：2024-12-11 19-09-15_摇起来__#ootd_#魔性律动舞_video.mp4[/green]
2025-02-19 14:39:18,765 - f2 - INFO - [green][  完成  ]：2024-12-10 19-09-06_你胆子好大啊__#ootd_#你要怎么抵抗我_video.mp4[/green]
2025-02-19 14:39:19,143 - f2 - INFO - [green][  完成  ]：2024-12-09 19-35-01_baby跳恰恰_#嗲嗲舞挑战#歌曲嗲嗲_video.mp4[/green]
2025-02-19 14:39:19,551 - f2 - INFO - [green][  完成  ]：2024-12-03 19-04-43_天天钓你那和爱你有什么区别_#ootd_#八卦摇刚柔并济_video.mp4[/green]
2025-02-19 14:39:19,873 - f2 - INFO - [green][  完成  ]：2024-12-05 19-07-28_想你惹_宝宝_#ootd_#甜妹统治世界__video.mp4[/green]
2025-02-19 14:39:20,357 - f2 - INFO - [green][  完成  ]：2024-11-30 19-06-58_不许叫妈妈_#ootd_#你要怎么抵抗我_video.mp4[/green]
2025-02-19 14:39:20,665 - f2 - INFO - [green][  完成  ]：2024-11-29 19-18-38_龙腾之力玩偶到底是什么意思_#ootd_#魔性律动舞_video.mp4[/green]
2025-02-19 14:39:20,971 - f2 - INFO - [green][  完成  ]：2024-11-28 19-02-22_真的无感吗_#ootd_#魔性律动舞_video.mp4[/green]
2025-02-19 14:39:21,356 - f2 - INFO - [green][  完成  ]：2024-11-22 19-24-25_生日快乐_小匪__#甜妹统治世界__video.mp4[/green]
2025-02-19 14:39:21,672 - f2 - INFO - [green][  完成  ]：2024-11-26 19-19-06_第三视角哈哈哈_小呆呆_#天青色等烟雨而我在等你_#秋去冬来慢摇我先跳_video.mp4[/green]
2025-02-19 14:39:22,005 - f2 - INFO - [green][  完成  ]：2024-11-21 19-06-23_求求你们别叫我小孩了好不好__粉丝_小匪你别c边了好吗_没感觉_小匪_你啰嗦了#ootd_video.mp4[/green]
2025-02-19 14:39:22,191 - f2 - INFO - [green][  完成  ]：2024-11-25 19-17-06_呜__#蕾姆_#ootd穿搭_#甜舞_video.mp4[/green]
2025-02-19 14:39:22,657 - f2 - INFO - [green][  完成  ]：2024-11-20 19-04-07_妮可妮可妮可你__#妮可妮可妮卡点舞_video.mp4[/green]
2025-02-19 14:39:22,691 - f2 - INFO - [green][  完成  ]：2024-11-16 19-10-19_哪一套更好看__#ootd_video.mp4[/green]
2025-02-19 14:39:22,981 - f2 - INFO - [green][  完成  ]：2024-11-14 20-11-55_圣诞女友像你发起约会邀请_接受的扣1_#圣诞_#又该预热圣诞啦_video.mp4[/green]
2025-02-19 14:39:23,060 - f2 - INFO - [green][  完成  ]：2024-11-07 19-07-41_超绝小短腿挑战瓶子不掉__#ootd_video.mp4[/green]
2025-02-19 14:39:23,458 - f2 - INFO - [green][  完成  ]：2024-11-17 19-10-20_发生什么事情_天知道_#凑热闹舞蹈大赛_video.mp4[/green]
2025-02-19 14:39:23,801 - f2 - INFO - [green][  完成  ]：2024-11-06 19-11-32_就这么水灵灵的跳起来了_#ootd_video.mp4[/green]
2025-02-19 14:39:23,824 - f2 - INFO - [green][  完成  ]：2024-11-05 19-06-29_谁说这匪老_这匪太棒了_#ootd_video.mp4[/green]
2025-02-19 14:39:24,882 - f2 - INFO - [green][  完成  ]：2024-11-04 19-07-14_尼玛_我是奶龙__#我是奶龙我才是奶龙_#我是奶龙_video.mp4[/green]
2025-02-19 14:39:24,889 - f2 - INFO - 等待 10 秒后继续
2025-02-19 14:39:36,156 - f2 - WARNING - 未提供日期区间参数
2025-02-19 14:39:39,291 - f2 - INFO - [green][  完成  ]：2024-10-31 19-16-38_我都骂你了_我还能有错吗_#ootd_video.mp4[/green]
2025-02-19 14:39:39,590 - f2 - INFO - [green][  完成  ]：2024-10-29 19-00-07_不装了_摊牌了_谁再说我小孩身材试试呢__#幽灵娘_#巴斯巴斯随性摇挑战_video.mp4[/green]
2025-02-19 14:39:39,980 - f2 - INFO - [green][  完成  ]：2024-10-30 19-09-31_宝宝_要不你还是钓一下我吧_真的没人聊了_#ootd_video.mp4[/green]
2025-02-19 14:39:40,445 - f2 - INFO - [green][  完成  ]：2024-10-28 19-03-57_抓到一个小手办_#幽灵娘_#运镜smooth挑战赛_video.mp4[/green]
2025-02-19 14:39:40,953 - f2 - INFO - [green][  完成  ]：2024-10-26 19-02-42_无感_#迦南_video.mp4[/green]
2025-02-19 14:39:41,470 - f2 - INFO - [green][  完成  ]：2024-10-19 19-13-55_宝宝_再给匪的来点人机小评论吧_#淡颜天菜_video.mp4[/green]
2025-02-19 14:39:41,849 - f2 - INFO - [green][  完成  ]：2024-10-17 19-03-06_宝宝_你有点近视哦__现在看清我了嘛_#沈妙_#永劫手游玩家平均脸#永劫无间手游#劫妹无忧_video.mp4[/green]
2025-02-19 14:39:42,176 - f2 - INFO - [green][  完成  ]：2024-11-01 19-00-04_香香软软的小蛋糕来咯__#ootd_video.mp4[/green]
2025-02-19 14:39:42,578 - f2 - INFO - [green][  完成  ]：2024-10-18 19-05-26_三哥_我不仅复活了_我还跳上舞了_#沈妙_#永劫手游玩家平均脸#永劫无间手游#劫妹无忧_video.mp4[/green]
2025-02-19 14:39:42,921 - f2 - INFO - [green][  完成  ]：2024-10-22 19-08-55_又不知道吃啥啊啊啊啊_#殷紫萍_#永劫手游玩家平均脸#永劫无间手游#劫妹无忧_video.mp4[/green]
2025-02-19 14:39:43,237 - f2 - INFO - [green][  完成  ]：2024-10-24 19-18-20_进来上课_#殷紫萍_#永劫手游玩家平均脸#永劫无间手游#劫妹无忧_video.mp4[/green]
2025-02-19 14:39:43,293 - f2 - INFO - [green][  完成  ]：2024-10-14 18-59-55_谁动了我的进度条_#谁动了我的进度条#永劫手游玩家平均脸#永劫无间手游#劫妹无忧_video.mp4[/green]
2025-02-19 14:39:43,385 - f2 - INFO - [green][  完成  ]：2024-10-16 19-04-09_疼吗_宝宝_#漫画身材_video.mp4[/green]
2025-02-19 14:39:43,780 - f2 - INFO - [green][  完成  ]：2024-10-12 19-15-43_不知道你那里天气怎么__#罗生门dj版_video.mp4[/green]
2025-02-19 14:39:43,870 - f2 - INFO - [green][  完成  ]：2024-10-11 19-20-42_小恶魔来咯__#那些被t恤封印的身材_video.mp4[/green]
2025-02-19 14:39:44,074 - f2 - INFO - [green][  完成  ]：2024-10-07 19-09-04_想永远陪在你身边_#雏田_video.mp4[/green]
2025-02-19 14:39:44,270 - f2 - INFO - [green][  完成  ]：2024-10-09 19-04-01_姑娘一句春不晚__#轻熟_#呆瓜小匪_#姑娘一句春不晚_video.mp4[/green]
2025-02-19 14:39:44,336 - f2 - INFO - [green][  完成  ]：2024-10-05 19-01-25_虽然你总是嘴硬_但是亲起来很软_#黑长直女孩_video.mp4[/green]
2025-02-19 14:39:45,029 - f2 - INFO - [green][  完成  ]：2024-10-04 19-04-26_路过的宝宝给我报备一下在干嘛__#元气少女_video.mp4[/green]
2025-02-19 14:39:45,264 - f2 - INFO - [green][  完成  ]：2024-10-03 19-07-27_陪你看日升月浅_#叹云兮dj_video.mp4[/green]
2025-02-19 14:39:45,273 - f2 - INFO - 等待 10 秒后继续
2025-02-19 14:39:56,529 - f2 - WARNING - 未提供日期区间参数
2025-02-19 14:39:59,438 - f2 - INFO - [green][  完成  ]：2024-09-29 18-58-55_能不能蒙上眼睛就可以不伤心__video.mp4[/green]
2025-02-19 14:39:59,812 - f2 - INFO - [green][  完成  ]：2024-09-27 19-05-39_爸_你不懂_他跟别的黄毛不一样__#元气少女_#黑长直女孩_video.mp4[/green]
2025-02-19 14:40:00,362 - f2 - INFO - [green][  完成  ]：2024-09-23 18-54-24_表演个控制开关灯_#开灯关灯变装_#开灯关灯丝滑变装_#元气少女_video.mp4[/green]
2025-02-19 14:40:00,661 - f2 - INFO - [green][  完成  ]：2024-09-19 19-31-06_这画有点东西_#黑长直女孩_#ootd穿搭_#这个转身专场好像穿越了_video.mp4[/green]
2025-02-19 14:40:00,721 - f2 - INFO - [green][  完成  ]：2024-09-15 19-15-34_跳这个可以跟你表白吗#元气少女_#ootd穿搭_video.mp4[/green]
2025-02-19 14:40:01,069 - f2 - INFO - [green][  完成  ]：2024-09-10 20-36-27_ootd#永劫无间手游__#劫妹无忧_video.mp4[/green]
2025-02-19 14:40:01,109 - f2 - INFO - [green][  完成  ]：2024-09-20 19-01-27_不是呆瓜小匪你又摇上了__#元气少女_#ootd穿搭_video.mp4[/green]
2025-02-19 14:40:01,421 - f2 - INFO - [green][  完成  ]：2024-09-09 19-11-45_拜托了#紫色_#想做你的小猫咪_video.mp4[/green]
2025-02-19 14:40:01,753 - f2 - INFO - [green][  完成  ]：2024-09-02 19-04-51_小兔子来咯#小兔特工变装_video.mp4[/green]
2025-02-19 14:40:01,805 - f2 - INFO - [green][  完成  ]：2024-09-07 19-30-05_土鸡蛋土鸡蛋土鸡蛋_#想做你的小猫咪_video.mp4[/green]
2025-02-19 14:40:01,840 - f2 - INFO - [green][  完成  ]：2024-09-03 18-59-19_香香的我_谁爱_爱的扣1_不爱的扣眼珠子#永劫无间手游#劫妹无忧_video.mp4[/green]
2025-02-19 14:40:02,447 - f2 - INFO - [green][  完成  ]：2024-08-29 18-57-56_啊_啊_#你的女朋女_#呆瓜小匪_video.mp4[/green]
2025-02-19 14:40:02,476 - f2 - INFO - [green][  完成  ]：2024-08-28 18-59-21_小可爱#呆瓜小匪_#你的女朋女_video.mp4[/green]
2025-02-19 14:40:02,794 - f2 - INFO - [green][  完成  ]：2024-09-06 19-08-40_小猫咪来咯#永劫无间_#劫妹无忧_video.mp4[/green]
2025-02-19 14:40:03,125 - f2 - INFO - [green][  完成  ]：2024-08-27 19-01-56_绷不住了_p的腮红一直跳#你的女朋女_#呆瓜小匪_video.mp4[/green]
2025-02-19 14:40:03,158 - f2 - INFO - [green][  完成  ]：2024-08-24 19-04-00_宝宝开门_系我#元气少女_#呆瓜小匪_video.mp4[/green]
2025-02-19 14:40:03,230 - f2 - INFO - [green][  完成  ]：2024-08-25 18-54-52_我来啦#元气少女_#呆瓜小匪_video.mp4[/green]
2025-02-19 14:40:03,673 - f2 - INFO - [green][  完成  ]：2024-08-19 19-07-14_上头小曲_#你的女朋女_#想做你的小猫咪_#永劫无间手游_video.mp4[/green]
2025-02-19 14:40:03,761 - f2 - INFO - [green][  完成  ]：2024-08-14 18-59-31_大师_我没有被她骗的团团转_我天生爱转圈呀大师#谁还不是小腰精_video.mp4[/green]
2025-02-19 14:40:04,067 - f2 - INFO - [green][  完成  ]：2024-08-16 19-14-38_喵喵喵喵_#萌妹子来袭_#元气少女_video.mp4[/green]
2025-02-19 14:40:04,075 - f2 - INFO - 等待 10 秒后继续
2025-02-19 14:40:15,308 - f2 - WARNING - 未提供日期区间参数
2025-02-19 14:40:18,007 - f2 - INFO - [green][  完成  ]：2024-08-09 19-03-16_舞蹈甜美秀来袭_8月9日晚22_30_锁定_呆瓜小匪__直播间_让甜美风吹进你的心里_更多惊喜彩蛋内容等你来看_#你的jk女孩_#元气少女_video.mp4[/green]
2025-02-19 14:40:18,754 - f2 - INFO - [green][  完成  ]：2024-07-29 19-01-58_水灵灵的小匪水灵灵的跳#永劫无间手游_#永劫无间手游公测#劫妹无忧_video.mp4[/green]
2025-02-19 14:40:19,183 - f2 - INFO - [green][  完成  ]：2024-08-06 19-05-36_舔了一下自己的嘴唇_好甜_果然是甜妹#沈妙_#永劫无间手游#劫妹无忧_video.mp4[/green]
2025-02-19 14:40:19,637 - f2 - INFO - [green][  完成  ]：2024-07-27 19-14-01_呆瓜小匪你个人机#永劫无间手游_#永劫无间手游公测#劫妹无忧_video.mp4[/green]
2025-02-19 14:40:19,936 - f2 - INFO - [green][  完成  ]：2024-08-05 18-48-39_嗯哼_#永劫无间手游#劫妹无忧_video.mp4[/green]
2025-02-19 14:40:20,245 - f2 - INFO - [green][  完成  ]：2024-08-08 19-15-57_浅跳一下#byebyebye_#byebyebye舞蹈_video.mp4[/green]
2025-02-19 14:40:20,525 - f2 - INFO - [green][  完成  ]：2024-08-03 19-07-59_减肥几天了_饿了就扇嘴虽然衣服还是XL但人已经变成M了#永劫无间手游_#永劫无间手游公测#欲回琅琊梦千年__#古人消暑好city_#劫妹无忧_video.mp4[/green]
2025-02-19 14:40:20,802 - f2 - INFO - [green][  完成  ]：2024-07-23 19-09-01_我有什么错_我只是射手座#呆瓜小匪__#你的女朋女_video.mp4[/green]
2025-02-19 14:40:21,182 - f2 - INFO - [green][  完成  ]：2024-07-25 19-01-06_再脱_再脱_再脱#永劫无间手游_#永劫无间手游公测_video.mp4[/green]
2025-02-19 14:40:21,472 - f2 - INFO - [green][  完成  ]：2024-07-20 19-00-28_转了_#恋爱单选题0719_video.mp4[/green]
2025-02-19 14:40:21,529 - f2 - INFO - [green][  完成  ]：2024-07-10 18-57-44_这是谁的快递_请签收一下#甜妹_#奶凶#永劫无间手游开启预下载_#永劫无间手游_#永劫无间手游抢先体验_video.mp4[/green]
2025-02-19 14:40:21,565 - f2 - INFO - [green][  完成  ]：2024-07-12 19-05-12_这个魅惑也要躲吗#永劫无间手游开启预下载#永劫无间手游#恋爱单选题0719_#永劫无间手游抢先体验_video.mp4[/green]
2025-02-19 14:40:21,620 - f2 - INFO - [green][  完成  ]：2024-07-18 19-06-07_呆瓜小匪_你个人机#奶凶_#反差_#恋爱单选题0719_video.mp4[/green]
2025-02-19 14:40:22,044 - f2 - INFO - [green][  完成  ]：2024-06-29 19-09-42_登登登登登登_#你的女朋女_video.mp4[/green]
2025-02-19 14:40:22,201 - f2 - INFO - [green][  完成  ]：2024-07-04 19-00-35_所以_我是你的偏爱吗_#所以我是你的偏爱吗_video.mp4[/green]
2025-02-19 14:40:22,226 - f2 - INFO - [green][  完成  ]：2024-07-08 19-05-12_哥哥觉得紫色有韵味吗#反差_video.mp4[/green]
2025-02-19 14:40:22,400 - f2 - INFO - [green][  完成  ]：2024-07-01 19-28-09_恋爱要找好看的_老婆要找射手的#你的女朋女_video.mp4[/green]
2025-02-19 14:40:22,415 - f2 - INFO - [green][  完成  ]：2024-07-06 19-03-46_#变身甜妹抓住你的心_video.mp4[/green]
2025-02-19 14:40:22,637 - f2 - INFO - [green][  完成  ]：2024-06-28 19-00-49_想你了_宝宝#你的女朋女_video.mp4[/green]
2025-02-19 14:40:22,644 - f2 - INFO - 等待 10 秒后继续
2025-02-19 14:40:33,862 - f2 - WARNING - 未提供日期区间参数
2025-02-19 14:40:36,693 - f2 - INFO - [green][  完成  ]：2024-06-27 18-52-31_这个舞看似简单_其实一点也不难#你的女朋女_video.mp4[/green]
2025-02-19 14:40:37,042 - f2 - INFO - [green][  完成  ]：2024-06-24 18-54-41_nonononono_#元气少女_#你的女朋女_video.mp4[/green]
2025-02-19 14:40:37,341 - f2 - INFO - [green][  完成  ]：2024-06-25 19-01-14_处吗_占有欲强_你兄弟也是我的#你的女朋女_video.mp4[/green]
2025-02-19 14:40:37,706 - f2 - INFO - [green][  完成  ]：2024-06-20 19-05-52_不要叫我宝宝_你知道的_我最吃这一套了#甜妹_video.mp4[/green]
2025-02-19 14:40:38,016 - f2 - INFO - [green][  完成  ]：2024-06-17 19-01-16_请忽略我的粉红拖鞋#二年级舞蹈_video.mp4[/green]
2025-02-19 14:40:38,332 - f2 - INFO - [green][  完成  ]：2024-06-19 18-59-01_晚上好_宝宝#丝滑_video.mp4[/green]
2025-02-19 14:40:38,373 - f2 - INFO - [green][  完成  ]：2024-06-05 19-20-33_从此转型_没你不行#奶凶_#元气少女_video.mp4[/green]
2025-02-19 14:40:38,720 - f2 - INFO - [green][  完成  ]：2024-06-12 19-34-48_你老婆你老婆你老婆#我真的会上头_video.mp4[/green]
2025-02-19 14:40:38,777 - f2 - INFO - [green][  完成  ]：2024-06-13 18-55-00_谢谢你们的喜欢_等我成为网红_第一个就是感谢你们#元气少女_video.mp4[/green]
2025-02-19 14:40:39,079 - f2 - INFO - [green][  完成  ]：2024-05-31 19-31-43_柳如烟方阵申请出战_#腼腆害羞内向社恐文静小女生_video.mp4[/green]
2025-02-19 14:40:39,124 - f2 - INFO - [green][  完成  ]：2024-06-02 19-15-20_哦_nanana__#反差_#奶凶_video.mp4[/green]
2025-02-19 14:40:39,453 - f2 - INFO - [green][  完成  ]：2024-06-01 19-09-51_谁给我掏一拳呐_#奶凶_#反差_video.mp4[/green]
2025-02-19 14:40:39,497 - f2 - INFO - [green][  完成  ]：2024-05-22 19-33-53_芭比不棒棒#元气少女_#双马尾_video.mp4[/green]
2025-02-19 14:40:39,785 - f2 - INFO - [green][  完成  ]：2024-05-10 19-05-58_小猴会努力变强#无忧之夜2024_#无忧之夜众星云集_video.mp4[/green]
2025-02-19 14:40:39,808 - f2 - INFO - [green][  完成  ]：2024-05-21 19-38-57_蝴蝶步2_0#蝴蝶步_#谁还不会个蝴蝶步_#元气少女_video.mp4[/green]
2025-02-19 14:40:39,839 - f2 - INFO - [green][  完成  ]：2024-05-20 18-59-00_你们的520震耳欲聋#蝴蝶步挑战_#520的正确打开方式_#反差_video.mp4[/green]
2025-02-19 14:40:40,313 - f2 - INFO - [green][  完成  ]：2024-05-09 19-22-33_嘻嘻嘻#奶凶_#无忧之夜2024_video.mp4[/green]
2025-02-19 14:40:40,349 - f2 - INFO - [green][  完成  ]：2024-04-25 20-08-02_夏天要来了__#无忧之夜2024_#奶凶_#甜妹_video.mp4[/green]
2025-02-19 14:40:40,531 - f2 - INFO - [green][  完成  ]：2024-05-04 19-03-36_别感觉了_就是为了追你才发的_#奶凶_#反差_#无忧之夜2024_video.mp4[/green]
2025-02-19 14:40:40,539 - f2 - INFO - 等待 10 秒后继续
2025-02-19 14:40:51,782 - f2 - WARNING - 未提供日期区间参数
2025-02-19 14:40:54,617 - f2 - INFO - [green][  完成  ]：2024-04-05 19-01-40_省流_转了_#dadada舞蹈挑战_#奶凶_video.mp4[/green]
2025-02-19 14:40:54,924 - f2 - INFO - [green][  完成  ]：2024-04-02 19-22-42_是这样转的吗#奶凶_#张元英转圈_video.mp4[/green]
2025-02-19 14:40:55,219 - f2 - INFO - [green][  完成  ]：2024-03-30 18-53-37_我是聪明宝贝#我真的会上头_#奶凶_video.mp4[/green]
2025-02-19 14:40:55,499 - f2 - INFO - [green][  完成  ]：2024-03-29 19-02-50_占有欲犯了_路过的报备一下自己在干嘛_#奶凶_#口哨舞_video.mp4[/green]
2025-02-19 14:40:55,871 - f2 - INFO - [green][  完成  ]：2024-03-12 18-46-54_省流_转了_#我真的会上头_#你要怎么抵抗我_video.mp4[/green]
2025-02-19 14:40:56,271 - f2 - INFO - [green][  完成  ]：2024-02-09 19-36-39_大家新年快乐_天天开心#新年快乐_video.mp4[/green]
2025-02-19 14:40:56,304 - f2 - INFO - [green][  完成  ]：2024-01-03 19-01-46_死丫头咧个嘴笑啥呢#小肚小肚在吗_video.mp4[/green]
2025-02-19 14:40:56,654 - f2 - INFO - [green][  完成  ]：2024-02-29 19-03-46_今年夏天一起看海吗_饱饱#今年夏天和谁一起看海呢_#开始期待夏日海边了_#甜妹统治世界__video.mp4[/green]
2025-02-19 14:40:56,999 - f2 - INFO - [green][  完成  ]：2024-02-26 18-52-09_过夏天啦#仙女都在玩水_#夏天的味道你感受到了吗_video.mp4[/green]
2025-02-19 14:40:57,054 - f2 - INFO - [green][  完成  ]：2023-12-31 18-39-42_新的一年要快快乐乐哦#宝宝辅食_#新年快乐_video.mp4[/green]
2025-02-19 14:40:57,680 - f2 - INFO - [green][  完成  ]：2023-12-25 18-54-59_圣诞节快乐_小宝宝们#甜妹出战圣诞citywarm_video.mp4[/green]
2025-02-19 14:40:58,058 - f2 - INFO - [green][  完成  ]：2023-12-18 19-55-30_今天没偷到文案_不过你可以亲我一口吗#喜欢晴天还是雨天__#斩男穿搭_#一学就会系列_video.mp4[/green]
2025-02-19 14:40:58,097 - f2 - INFO - [green][  完成  ]：2023-12-05 19-28-33_别睡了_没我的觉_你睡不明白#这谁顶得住啊_#元气少女_#这样跳能俘获你的芳心吗_#小奶艳酱_#小蛮腰扭起来_video.mp4[/green]
2025-02-19 14:40:58,129 - f2 - INFO - [green][  完成  ]：2023-12-24 18-31-32_三个美女子_选哪个_宝宝#元气少女_#后面那条鱼有够卖力_video.mp4[/green]
2025-02-19 14:40:58,154 - f2 - INFO - [green][  完成  ]：2023-12-26 18-54-11_肉腿永远的神#这谁顶得住啊_#清纯甜美_video.mp4[/green]
2025-02-19 14:40:58,450 - f2 - INFO - [green][  完成  ]：2023-11-20 19-08-37_穿皮肤可以不做家务吗真的讨厌拖地#这谁顶得住啊_#一种很新的cosplay_video.mp4[/green]
2025-02-19 14:40:59,019 - f2 - INFO - [green][  完成  ]：2023-11-12 19-12-48_老公救我_啊__刚满十八岁_#什么次元都逃不过甜妹_#这谁顶得住啊_video.mp4[/green]
2025-02-19 14:40:59,384 - f2 - INFO - [green][  完成  ]：2023-10-13 19-11-42_放学要顺路一起走吗#元气少女_#一张初恋脸_#甜辣妹_#甜妹_#清纯甜美_video.mp4[/green]
2025-02-19 14:40:59,563 - f2 - INFO - [green][  完成  ]：2023-10-15 19-35-04_按住头像会跳的更快_#元气少女_#甜辣妹_#清纯甜美_#没有人可以拒绝甜妹_#你的女朋女_video.mp4[/green]
2025-02-19 14:41:00,248 - f2 - INFO - [green][  完成  ]：2023-10-12 19-11-49_我的绰号是杭州虞书欣_甜妹中的甜心_#元气少女_#野生萝莉_#清纯甜美_#一张初恋脸_#甜妹_video.mp4[/green]
2025-02-19 14:41:00,257 - f2 - INFO - 等待 10 秒后继续
2025-02-19 14:41:11,327 - f2 - WARNING - 未提供日期区间参数
2025-02-19 14:41:14,396 - f2 - INFO - [green][  完成  ]：2023-09-10 19-09-40_没放开___#慢摇_#甜辣妹_#这谁顶得住啊_#甜妹_#魔性律动舞_video.mp4[/green]
2025-02-19 14:41:14,776 - f2 - INFO - [green][  完成  ]：2023-08-22 19-11-37_七夕来找我啵_打斗地主#斗地主舞蹈_#斗地主舞蹈挑战_#甜妹统治世界_#merimies麦瑞迷剑桥包_video.mp4[/green]
2025-02-19 14:41:15,060 - f2 - INFO - [green][  完成  ]：2023-09-02 19-00-34_注意看_这个美女名叫小美_她在跟你oi_#甜妹统治世界__#元气少女_#甜妹_#小猪登场#我在无忧之夜等你_video.mp4[/green]
2025-02-19 14:41:15,603 - f2 - INFO - [green][  完成  ]：2023-08-21 18-59-10_快七夕了_我俩关系是你官宣还是我造谣#慢摇_#甜辣妹_#扭一扭_#浅跳一下_#甜妹统治世界__video.mp4[/green]
2025-02-19 14:41:15,920 - f2 - INFO - [green][  完成  ]：2023-08-12 19-10-52_我独我_世间第一等_此间最上乘#马面裙变装_#新中式_#优雅永不过时_video.mp4[/green]
2025-02-19 14:41:16,213 - f2 - INFO - [green][  完成  ]：2023-08-13 19-04-38_我要的从来不是瞬间_而是在你身边_#爱与被爱命运教会释怀_#周星星版毒药_video.mp4[/green]
2025-02-19 14:41:16,258 - f2 - INFO - [green][  完成  ]：2023-08-19 19-32-53_我带上筷子_带我吃饭就好#请和我交往吧#甜妹#纯爱_video.mp4[/green]
2025-02-19 14:41:16,786 - f2 - INFO - [green][  完成  ]：2023-08-17 19-16-04_疑似正规军退役_#甜妹#丝滑#社会摇#浅跳一下_video.mp4[/green]
2025-02-19 14:41:17,890 - f2 - INFO - [green][  完成  ]：2023-08-10 18-29-17_小兔出没#bubblepop泫雅_#nana编舞_#甜妹统治世界__video.mp4[/green]
2025-02-19 14:41:17,954 - f2 - INFO - [green][  完成  ]：2023-07-06 19-36-21_天气好热_请你吃西瓜#甜妹统治世界__video.mp4[/green]
2025-02-19 14:41:18,007 - f2 - INFO - [green][  完成  ]：2023-07-02 18-50-08_禁止随地大小赞_最好先关注一下#甜妹统治世界__video.mp4[/green]
2025-02-19 14:41:18,309 - f2 - INFO - [green][  完成  ]：2023-08-04 19-02-16_哈喽摩托_#甜妹统治世界__#元气少女_video.mp4[/green]
2025-02-19 14:41:18,606 - f2 - INFO - [green][  完成  ]：2023-08-11 19-00-44__我的名字叫中野美树_#铁甲小宝_#dv#中野美树_video.mp4[/green]
2025-02-19 14:41:19,483 - f2 - INFO - [green][  完成  ]：2023-04-23 19-47-49_#曾小贤牙刷舞_猥琐美羊羊来咯__video.mp4[/green]
2025-02-19 14:41:19,741 - f2 - INFO - [green][  完成  ]：2023-04-19 20-07-30_最喜欢成熟匪匪还是可爱匪匪#耽误你几秒心动一下_video.mp4[/green]
2025-02-19 14:41:19,750 - f2 - INFO - 等待 10 秒后继续
