2025-02-19 15:03:57,055 - f2 - INFO - 处理用户：MS4wLjABAAAAOQ9BYHDT-BJr2yHwwNNvdNszXteeSzjuH5nifQOFvglpxMY3nP_qrzsIsXtEymCu 发布的作品
2025-02-19 15:03:58,367 - f2 - INFO - 等待 10 秒后继续
2025-02-19 15:04:09,687 - f2 - INFO - 等待 10 秒后继续
2025-02-19 15:04:21,101 - f2 - INFO - 等待 10 秒后继续
2025-02-19 15:04:32,284 - f2 - INFO - 等待 10 秒后继续
2025-02-19 15:04:43,635 - f2 - INFO - 等待 10 秒后继续
2025-02-19 15:04:55,624 - f2 - INFO - 等待 10 秒后继续
2025-02-19 15:05:08,737 - f2 - INFO - 等待 10 秒后继续
2025-02-19 15:05:20,862 - f2 - INFO - 等待 10 秒后继续
2025-02-19 15:05:32,117 - f2 - INFO - 等待 10 秒后继续
2025-02-19 15:05:43,462 - f2 - INFO - 等待 10 秒后继续
2025-02-19 15:05:54,876 - f2 - INFO - 等待 10 秒后继续
2025-02-19 15:06:06,329 - f2 - INFO - 等待 10 秒后继续
2025-02-19 15:06:17,531 - f2 - INFO - 等待 10 秒后继续
2025-02-19 15:06:28,829 - f2 - INFO - 等待 10 秒后继续
2025-02-19 15:06:40,001 - f2 - INFO - 等待 10 秒后继续
2025-02-19 15:06:50,845 - f2 - INFO - 等待 10 秒后继续
2025-02-19 15:07:03,627 - f2 - INFO - 第 1669367177000 页没有找到作品
2025-02-19 15:07:03,633 - f2 - INFO - 用户: MS4wLjABAAAAOQ9BYHDT-BJr2yHwwNNvdNszXteeSzjuH5nifQOFvglpxMY3nP_qrzsIsXtEymCu 所有作品采集完毕
2025-02-19 15:07:03,635 - f2 - INFO - 结束处理用户发布的作品，共处理 305 个作品
2025-02-19 15:07:03,954 - f2 - ERROR - 请前往QA文档 https://f2.wiki/faq 查看相关帮助
2025-02-19 15:07:03,960 - f2 - ERROR - Bark 通知发送失败，请检查 key 和网络连接：HTTP状态码错误：404
