2025-02-19 06:50:54,757 - f2 - INFO - 处理用户：MS4wLjABAAAA8cf7bagjh88I01MYgpIG8whknigx5YvCbfgRDBPLnAg 发布的作品
2025-02-19 06:50:57,229 - f2 - INFO - 等待 5 秒后继续
2025-02-19 06:51:04,549 - f2 - INFO - 等待 5 秒后继续
2025-02-19 06:51:11,961 - f2 - INFO - 等待 5 秒后继续
2025-02-19 06:51:19,157 - f2 - INFO - 等待 5 秒后继续
2025-02-19 06:51:26,396 - f2 - INFO - 等待 5 秒后继续
2025-02-19 06:51:33,609 - f2 - INFO - 等待 5 秒后继续
2025-02-19 06:51:40,819 - f2 - INFO - 等待 5 秒后继续
2025-02-19 06:51:48,004 - f2 - INFO - 等待 5 秒后继续
2025-02-19 06:51:55,222 - f2 - INFO - 等待 5 秒后继续
2025-02-19 06:52:02,428 - f2 - INFO - 等待 5 秒后继续
2025-02-19 06:52:09,662 - f2 - INFO - 等待 5 秒后继续
2025-02-19 06:52:16,773 - f2 - INFO - 等待 5 秒后继续
2025-02-19 06:52:24,355 - f2 - INFO - 等待 5 秒后继续
2025-02-19 06:52:31,737 - f2 - INFO - 等待 5 秒后继续
2025-02-19 06:52:39,014 - f2 - INFO - 等待 5 秒后继续
2025-02-19 06:52:46,248 - f2 - INFO - 等待 5 秒后继续
2025-02-19 06:52:53,608 - f2 - INFO - 等待 5 秒后继续
2025-02-19 06:52:59,583 - f2 - INFO - 等待 5 秒后继续
2025-02-19 06:53:05,411 - f2 - INFO - 等待 5 秒后继续
2025-02-19 06:53:11,469 - f2 - INFO - 等待 5 秒后继续
2025-02-19 06:53:17,161 - f2 - INFO - 等待 5 秒后继续
2025-02-19 06:53:22,882 - f2 - INFO - 第 1569215755000 页没有找到作品
2025-02-19 06:53:22,888 - f2 - INFO - 用户: MS4wLjABAAAA8cf7bagjh88I01MYgpIG8whknigx5YvCbfgRDBPLnAg 所有作品采集完毕
2025-02-19 06:53:22,890 - f2 - INFO - 结束处理用户发布的作品，共处理 404 个作品
2025-02-19 06:53:23,318 - f2 - ERROR - 请前往QA文档 https://f2.wiki/faq 查看相关帮助
2025-02-19 06:53:23,330 - f2 - ERROR - Bark 通知发送失败，请检查 key 和网络连接：HTTP状态码错误：404
